[0.020s] Invoking command in '/home/lrs-ubuntu/Desktop/LRS/LRS-FEI/workspace/build/template_drone_control': CMAKE_PREFIX_PATH=/opt/ros/foxy /usr/bin/cmake --build /home/lrs-ubuntu/Desktop/LRS/LRS-FEI/workspace/build/template_drone_control -- -j12 -l12
[0.058s] [35m[1mScanning dependencies of target template_drone_control_node[0m
[0.083s] [ 50%] [32mBuilding CXX object CMakeFiles/template_drone_control_node.dir/src/template_drone_control_node.cpp.o[0m
[3.805s] /home/lrs-ubuntu/Desktop/LRS/LRS-FEI/workspace/src/template_drone_control/src/template_drone_control_node.cpp: In member function ‘void TemplateDroneControl::send_manual_coords()’:
[3.805s] /home/lrs-ubuntu/Desktop/LRS/LRS-FEI/workspace/src/template_drone_control/src/template_drone_control_node.cpp:98:14: warning: structured bindings only available with ‘-std=c++17’ or ‘-std=gnu++17’
[3.805s]    98 |         auto [x, y] = transform_global_to_local(x, y);
[3.805s]       |              ^
[3.806s] /home/lrs-ubuntu/Desktop/LRS/LRS-FEI/workspace/src/template_drone_control/src/template_drone_control_node.cpp:98:15: error: conflicting declaration ‘auto x’
[3.806s]    98 |         auto [x, y] = transform_global_to_local(x, y);
[3.806s]       |               ^
[3.806s] /home/lrs-ubuntu/Desktop/LRS/LRS-FEI/workspace/src/template_drone_control/src/template_drone_control_node.cpp:76:16: note: previous declaration as ‘double x’
[3.806s]    76 |         double x, y, z;
[3.806s]       |                ^
[3.806s] /home/lrs-ubuntu/Desktop/LRS/LRS-FEI/workspace/src/template_drone_control/src/template_drone_control_node.cpp:98:18: error: conflicting declaration ‘auto y’
[3.806s]    98 |         auto [x, y] = transform_global_to_local(x, y);
[3.806s]       |                  ^
[3.806s] /home/lrs-ubuntu/Desktop/LRS/LRS-FEI/workspace/src/template_drone_control/src/template_drone_control_node.cpp:76:19: note: previous declaration as ‘double y’
[3.806s]    76 |         double x, y, z;
[3.806s]       |                   ^
[3.806s] /home/lrs-ubuntu/Desktop/LRS/LRS-FEI/workspace/src/template_drone_control/src/template_drone_control_node.cpp:99:58: error: ‘max_e’ was not declared in this scope
[3.806s]    99 |         rotate_drone(x, y, global_pose.x, global_pose.y, max_e);
[3.806s]       |                                                          ^~~~~
[3.806s] /home/lrs-ubuntu/Desktop/LRS/LRS-FEI/workspace/src/template_drone_control/src/template_drone_control_node.cpp:98:14: warning: unused structured binding declaration [-Wunused-variable]
[3.806s]    98 |         auto [x, y] = transform_global_to_local(x, y);
[3.806s]       |              ^~~~~~
[3.807s] make[2]: *** [CMakeFiles/template_drone_control_node.dir/build.make:63: CMakeFiles/template_drone_control_node.dir/src/template_drone_control_node.cpp.o] Error 1
[3.807s] make[1]: *** [CMakeFiles/Makefile2:105: CMakeFiles/template_drone_control_node.dir/all] Error 2
[3.808s] make: *** [Makefile:141: all] Error 2
[3.809s] Invoked command in '/home/lrs-ubuntu/Desktop/LRS/LRS-FEI/workspace/build/template_drone_control' returned '2': CMAKE_PREFIX_PATH=/opt/ros/foxy /usr/bin/cmake --build /home/lrs-ubuntu/Desktop/LRS/LRS-FEI/workspace/build/template_drone_control -- -j12 -l12
