/home/lrs-ubuntu/Desktop/LRS/LRS-FEI/workspace/src/template_drone_control/src/template_drone_control_node.cpp: In member function ‘void TemplateDroneControl::rotate_drone(float, float, float, float, float)’:
/home/lrs-ubuntu/Desktop/LRS/LRS-FEI/workspace/src/template_drone_control/src/template_drone_control_node.cpp:155:25: error: redeclaration of ‘tf2::Quaternion q’
  155 |         tf2::Quaternion q(
      |                         ^
/home/lrs-ubuntu/Desktop/LRS/LRS-FEI/workspace/src/template_drone_control/src/template_drone_control_node.cpp:148:25: note: ‘tf2::Quaternion q’ previously declared here
  148 |         tf2::Quaternion q;
      |                         ^
/home/lrs-ubuntu/Desktop/LRS/LRS-FEI/workspace/src/template_drone_control/src/template_drone_control_node.cpp:166:9: error: ‘yaw_err’ was not declared in this scope
  166 |         yaw_err = abs(current_yaw - target_yaw);
      |         ^~~~~~~
/home/lrs-ubuntu/Desktop/LRS/LRS-FEI/workspace/src/template_drone_control/src/template_drone_control_node.cpp: In member function ‘void TemplateDroneControl::local_pos_cb(geometry_msgs::msg::PoseStamped_<std::allocator<void> >::SharedPtr)’:
/home/lrs-ubuntu/Desktop/LRS/LRS-FEI/workspace/src/template_drone_control/src/template_drone_control_node.cpp:192:19: error: expected unqualified-id before ‘.’ token
  192 |         GlobalPose.x = StartPose.x - current_local_pos_.pose.position.x;
      |                   ^
/home/lrs-ubuntu/Desktop/LRS/LRS-FEI/workspace/src/template_drone_control/src/template_drone_control_node.cpp:193:19: error: expected unqualified-id before ‘.’ token
  193 |         GlobalPose.y = StartPose.y - current_local_pos_.pose.position.y;
      |                   ^
/home/lrs-ubuntu/Desktop/LRS/LRS-FEI/workspace/src/template_drone_control/src/template_drone_control_node.cpp:194:19: error: expected unqualified-id before ‘.’ token
  194 |         GlobalPose.z = StartPose.z + current_local_pos_.pose.position.z;
      |                   ^
In file included from /opt/ros/foxy/include/rclcpp/client.hpp:40,
                 from /opt/ros/foxy/include/rclcpp/callback_group.hpp:23,
                 from /opt/ros/foxy/include/rclcpp/any_executable.hpp:20,
                 from /opt/ros/foxy/include/rclcpp/memory_strategy.hpp:24,
                 from /opt/ros/foxy/include/rclcpp/memory_strategies.hpp:18,
                 from /opt/ros/foxy/include/rclcpp/executor_options.hpp:20,
                 from /opt/ros/foxy/include/rclcpp/executor.hpp:33,
                 from /opt/ros/foxy/include/rclcpp/executors/multi_threaded_executor.hpp:26,
                 from /opt/ros/foxy/include/rclcpp/executors.hpp:21,
                 from /opt/ros/foxy/include/rclcpp/rclcpp.hpp:146,
                 from /home/lrs-ubuntu/Desktop/LRS/LRS-FEI/workspace/src/template_drone_control/src/template_drone_control_node.cpp:1:
/home/lrs-ubuntu/Desktop/LRS/LRS-FEI/workspace/src/template_drone_control/src/template_drone_control_node.cpp:203:89: error: expected primary-expression before ‘.’ token
  203 |         RCLCPP_INFO(this->get_logger(), "Current Local Position: %f, %f, %f", GlobalPose.x, GlobalPose.position.y, GlobalPose.position.z);
      |                                                                                         ^
/home/lrs-ubuntu/Desktop/LRS/LRS-FEI/workspace/src/template_drone_control/src/template_drone_control_node.cpp:203:103: error: expected primary-expression before ‘.’ token
  203 |         RCLCPP_INFO(this->get_logger(), "Current Local Position: %f, %f, %f", GlobalPose.x, GlobalPose.position.y, GlobalPose.position.z);
      |                                                                                                       ^
/home/lrs-ubuntu/Desktop/LRS/LRS-FEI/workspace/src/template_drone_control/src/template_drone_control_node.cpp:203:126: error: expected primary-expression before ‘.’ token
  203 |         RCLCPP_INFO(this->get_logger(), "Current Local Position: %f, %f, %f", GlobalPose.x, GlobalPose.position.y, GlobalPose.position.z);
      |                                                                                                                              ^
make[2]: *** [CMakeFiles/template_drone_control_node.dir/build.make:63: CMakeFiles/template_drone_control_node.dir/src/template_drone_control_node.cpp.o] Error 1
make[1]: *** [CMakeFiles/Makefile2:105: CMakeFiles/template_drone_control_node.dir/all] Error 2
make: *** [Makefile:141: all] Error 2
