[0.015s] Invoking command in '/home/lrs-ubuntu/Desktop/LRS/LRS-FEI/workspace/build/template_drone_control': CMAKE_PREFIX_PATH=/opt/ros/foxy /usr/bin/cmake --build /home/lrs-ubuntu/Desktop/LRS/LRS-FEI/workspace/build/template_drone_control -- -j12 -l12
[0.066s] [35m[1mScanning dependencies of target template_drone_control_node[0m
[0.123s] [ 50%] [32mBuilding CXX object CMakeFiles/template_drone_control_node.dir/src/template_drone_control_node.cpp.o[0m
[8.028s] /home/lrs-ubuntu/Desktop/LRS/LRS-FEI/workspace/src/template_drone_control/src/template_drone_control_node.cpp: In member function ‘void TemplateDroneControl::send_position_command(float, float, float, float)’:
[8.030s] /home/lrs-ubuntu/Desktop/LRS/LRS-FEI/workspace/src/template_drone_control/src/template_drone_control_node.cpp:303:43: error: ‘mavros_msgs::PositionTarget’ has not been declared
[8.030s]   303 |         setpoint.type_mask = mavros_msgs::PositionTarget::IGNORE_AFX |
[8.031s]       |                                           ^~~~~~~~~~~~~~
[8.031s] /home/lrs-ubuntu/Desktop/LRS/LRS-FEI/workspace/src/template_drone_control/src/template_drone_control_node.cpp:304:38: error: ‘mavros_msgs::PositionTarget’ has not been declared
[8.031s]   304 |                         mavros_msgs::PositionTarget::IGNORE_AFY |
[8.031s]       |                                      ^~~~~~~~~~~~~~
[8.031s] /home/lrs-ubuntu/Desktop/LRS/LRS-FEI/workspace/src/template_drone_control/src/template_drone_control_node.cpp:305:38: error: ‘mavros_msgs::PositionTarget’ has not been declared
[8.031s]   305 |                         mavros_msgs::PositionTarget::IGNORE_AFZ |
[8.031s]       |                                      ^~~~~~~~~~~~~~
[8.031s] /home/lrs-ubuntu/Desktop/LRS/LRS-FEI/workspace/src/template_drone_control/src/template_drone_control_node.cpp:306:38: error: ‘mavros_msgs::PositionTarget’ has not been declared
[8.031s]   306 |                         mavros_msgs::PositionTarget::FORCE;
[8.031s]       |                                      ^~~~~~~~~~~~~~
[8.031s] /home/lrs-ubuntu/Desktop/LRS/LRS-FEI/workspace/src/template_drone_control/src/template_drone_control_node.cpp:310:18: error: ‘using PositionTarget = struct mavros_msgs::msg::PositionTarget_<std::allocator<void> >’ {aka ‘struct mavros_msgs::msg::PositionTarget_<std::allocator<void> >’} has no member named ‘orientation’
[8.031s]   310 |         setpoint.orientation.x = q.x();
[8.031s]       |                  ^~~~~~~~~~~
[8.031s] /home/lrs-ubuntu/Desktop/LRS/LRS-FEI/workspace/src/template_drone_control/src/template_drone_control_node.cpp:311:18: error: ‘using PositionTarget = struct mavros_msgs::msg::PositionTarget_<std::allocator<void> >’ {aka ‘struct mavros_msgs::msg::PositionTarget_<std::allocator<void> >’} has no member named ‘orientation’
[8.031s]   311 |         setpoint.orientation.y = q.y();
[8.031s]       |                  ^~~~~~~~~~~
[8.031s] /home/lrs-ubuntu/Desktop/LRS/LRS-FEI/workspace/src/template_drone_control/src/template_drone_control_node.cpp:312:18: error: ‘using PositionTarget = struct mavros_msgs::msg::PositionTarget_<std::allocator<void> >’ {aka ‘struct mavros_msgs::msg::PositionTarget_<std::allocator<void> >’} has no member named ‘orientation’
[8.031s]   312 |         setpoint.orientation.z = q.z();
[8.032s]       |                  ^~~~~~~~~~~
[8.032s] /home/lrs-ubuntu/Desktop/LRS/LRS-FEI/workspace/src/template_drone_control/src/template_drone_control_node.cpp:313:18: error: ‘using PositionTarget = struct mavros_msgs::msg::PositionTarget_<std::allocator<void> >’ {aka ‘struct mavros_msgs::msg::PositionTarget_<std::allocator<void> >’} has no member named ‘orientation’
[8.032s]   313 |         setpoint.orientation.w = q.w();
[8.032s]       |                  ^~~~~~~~~~~
[8.032s] /home/lrs-ubuntu/Desktop/LRS/LRS-FEI/workspace/src/template_drone_control/src/template_drone_control_node.cpp:322:20: error: ‘msg’ was not declared in this scope
[8.032s]   322 |         position = msg;
[8.032s]       |                    ^~~
[8.032s] /home/lrs-ubuntu/Desktop/LRS/LRS-FEI/workspace/src/template_drone_control/src/template_drone_control_node.cpp:322:20: note: suggested alternatives:
[8.032s] In file included from /opt/ros/foxy/include/builtin_interfaces/msg/duration.hpp:7,
[8.032s]                  from /opt/ros/foxy/include/rclcpp/duration.hpp:20,
[8.032s]                  from /opt/ros/foxy/include/rclcpp/qos.hpp:20,
[8.032s]                  from /opt/ros/foxy/include/rclcpp/node_interfaces/node_graph_interface.hpp:31,
[8.032s]                  from /opt/ros/foxy/include/rclcpp/client.hpp:34,
[8.032s]                  from /opt/ros/foxy/include/rclcpp/callback_group.hpp:23,
[8.032s]                  from /opt/ros/foxy/include/rclcpp/any_executable.hpp:20,
[8.032s]                  from /opt/ros/foxy/include/rclcpp/memory_strategy.hpp:24,
[8.032s]                  from /opt/ros/foxy/include/rclcpp/memory_strategies.hpp:18,
[8.032s]                  from /opt/ros/foxy/include/rclcpp/executor_options.hpp:20,
[8.033s]                  from /opt/ros/foxy/include/rclcpp/executor.hpp:33,
[8.033s]                  from /opt/ros/foxy/include/rclcpp/executors/multi_threaded_executor.hpp:26,
[8.033s]                  from /opt/ros/foxy/include/rclcpp/executors.hpp:21,
[8.033s]                  from /opt/ros/foxy/include/rclcpp/rclcpp.hpp:146,
[8.033s]                  from /home/lrs-ubuntu/Desktop/LRS/LRS-FEI/workspace/src/template_drone_control/src/template_drone_control_node.cpp:1:
[8.033s] /opt/ros/foxy/include/builtin_interfaces/msg/detail/duration__struct.hpp:26:11: note:   ‘builtin_interfaces::msg’
[8.033s]    26 | namespace msg
[8.033s]       |           ^~~
[8.033s] In file included from /opt/ros/foxy/include/statistics_msgs/msg/detail/metrics_message__struct.hpp:22,
[8.033s]                  from /opt/ros/foxy/include/statistics_msgs/msg/metrics_message.hpp:7,
[8.033s]                  from /opt/ros/foxy/include/libstatistics_collector/collector/generate_statistics_message.hpp:21,
[8.033s]                  from /opt/ros/foxy/include/rclcpp/topic_statistics/subscription_topic_statistics.hpp:23,
[8.033s]                  from /opt/ros/foxy/include/rclcpp/subscription.hpp:50,
[8.033s]                  from /opt/ros/foxy/include/rclcpp/any_executable.hpp:25,
[8.033s]                  from /opt/ros/foxy/include/rclcpp/memory_strategy.hpp:24,
[8.033s]                  from /opt/ros/foxy/include/rclcpp/memory_strategies.hpp:18,
[8.033s]                  from /opt/ros/foxy/include/rclcpp/executor_options.hpp:20,
[8.033s]                  from /opt/ros/foxy/include/rclcpp/executor.hpp:33,
[8.033s]                  from /opt/ros/foxy/include/rclcpp/executors/multi_threaded_executor.hpp:26,
[8.034s]                  from /opt/ros/foxy/include/rclcpp/executors.hpp:21,
[8.034s]                  from /opt/ros/foxy/include/rclcpp/rclcpp.hpp:146,
[8.034s]                  from /home/lrs-ubuntu/Desktop/LRS/LRS-FEI/workspace/src/template_drone_control/src/template_drone_control_node.cpp:1:
[8.034s] /opt/ros/foxy/include/statistics_msgs/msg/detail/statistic_data_point__struct.hpp:26:11: note:   ‘statistics_msgs::msg’
[8.034s]    26 | namespace msg
[8.034s]       |           ^~~
[8.034s] In file included from /opt/ros/foxy/include/rcl_interfaces/msg/list_parameters_result.hpp:7,
[8.034s]                  from /opt/ros/foxy/include/rclcpp/node.hpp:34,
[8.034s]                  from /opt/ros/foxy/include/rclcpp/executors/single_threaded_executor.hpp:28,
[8.034s]                  from /opt/ros/foxy/include/rclcpp/executors.hpp:22,
[8.034s]                  from /opt/ros/foxy/include/rclcpp/rclcpp.hpp:146,
[8.034s]                  from /home/lrs-ubuntu/Desktop/LRS/LRS-FEI/workspace/src/template_drone_control/src/template_drone_control_node.cpp:1:
[8.034s] /opt/ros/foxy/include/rcl_interfaces/msg/detail/list_parameters_result__struct.hpp:26:11: note:   ‘rcl_interfaces::msg’
[8.034s]    26 | namespace msg
[8.034s]       |           ^~~
[8.034s] In file included from /opt/ros/foxy/include/geometry_msgs/msg/detail/pose_stamped__struct.hpp:19,
[8.034s]                  from /opt/ros/foxy/include/geometry_msgs/msg/pose_stamped.hpp:7,
[8.034s]                  from /home/lrs-ubuntu/Desktop/LRS/LRS-FEI/workspace/src/template_drone_control/src/template_drone_control_node.cpp:2:
[8.035s] /opt/ros/foxy/include/std_msgs/msg/detail/header__struct.hpp:30:11: note:   ‘std_msgs::msg’
[8.035s]    30 | namespace msg
[8.035s]       |           ^~~
[8.035s] In file included from /opt/ros/foxy/include/geometry_msgs/msg/detail/pose__struct.hpp:19,
[8.035s]                  from /opt/ros/foxy/include/geometry_msgs/msg/detail/pose_stamped__struct.hpp:21,
[8.035s]                  from /opt/ros/foxy/include/geometry_msgs/msg/pose_stamped.hpp:7,
[8.035s]                  from /home/lrs-ubuntu/Desktop/LRS/LRS-FEI/workspace/src/template_drone_control/src/template_drone_control_node.cpp:2:
[8.035s] /opt/ros/foxy/include/geometry_msgs/msg/detail/point__struct.hpp:26:11: note:   ‘geometry_msgs::msg’
[8.035s]    26 | namespace msg
[8.035s]       |           ^~~
[8.035s] In file included from /opt/ros/foxy/include/mavros_msgs/msg/state.hpp:7,
[8.035s]                  from /home/lrs-ubuntu/Desktop/LRS/LRS-FEI/workspace/src/template_drone_control/src/template_drone_control_node.cpp:3:
[8.035s] /opt/ros/foxy/include/mavros_msgs/msg/detail/state__struct.hpp:30:11: note:   ‘mavros_msgs::msg’
[8.035s]    30 | namespace msg
[8.035s]       |           ^~~
[8.036s] make[2]: *** [CMakeFiles/template_drone_control_node.dir/build.make:63: CMakeFiles/template_drone_control_node.dir/src/template_drone_control_node.cpp.o] Error 1
[8.036s] make[1]: *** [CMakeFiles/Makefile2:105: CMakeFiles/template_drone_control_node.dir/all] Error 2
[8.036s] make: *** [Makefile:141: all] Error 2
[8.039s] Invoked command in '/home/lrs-ubuntu/Desktop/LRS/LRS-FEI/workspace/build/template_drone_control' returned '2': CMAKE_PREFIX_PATH=/opt/ros/foxy /usr/bin/cmake --build /home/lrs-ubuntu/Desktop/LRS/LRS-FEI/workspace/build/template_drone_control -- -j12 -l12
