[0.020s] Invoking command in '/home/lrs-ubuntu/Desktop/LRS/LRS-FEI/workspace/build/template_drone_control': CMAKE_PREFIX_PATH=/opt/ros/foxy /usr/bin/cmake --build /home/lrs-ubuntu/Desktop/LRS/LRS-FEI/workspace/build/template_drone_control -- -j12 -l12
[0.089s] [35m[1mScanning dependencies of target template_drone_control_node[0m
[0.136s] [ 50%] [32mBuilding CXX object CMakeFiles/template_drone_control_node.dir/src/template_drone_control_node.cpp.o[0m
[6.617s] /home/lrs-ubuntu/Desktop/LRS/LRS-FEI/workspace/src/template_drone_control/src/template_drone_control_node.cpp: In member function ‘void TemplateDroneControl::rotate_drone(float, float, float, float, float)’:
[6.617s] /home/lrs-ubuntu/Desktop/LRS/LRS-FEI/workspace/src/template_drone_control/src/template_drone_control_node.cpp:174:13: error: no match for call to ‘(tf2::Quaternion) (geometry_msgs::msg::Quaternion_<std::allocator<void> >::_x_type&, geometry_msgs::msg::Quaternion_<std::allocator<void> >::_y_type&, geometry_msgs::msg::Quaternion_<std::allocator<void> >::_z_type&, geometry_msgs::msg::Quaternion_<std::allocator<void> >::_w_type&)’
[6.617s]   174 |             );
[6.617s]       |             ^
[6.618s] /home/lrs-ubuntu/Desktop/LRS/LRS-FEI/workspace/src/template_drone_control/src/template_drone_control_node.cpp:177:17: error: no match for call to ‘(tf2::Matrix3x3) (tf2::Quaternion&)’
[6.618s]   177 |              m(q);
[6.618s]       |                 ^
[6.618s] In file included from /opt/ros/foxy/include/rclcpp/client.hpp:40,
[6.618s]                  from /opt/ros/foxy/include/rclcpp/callback_group.hpp:23,
[6.618s]                  from /opt/ros/foxy/include/rclcpp/any_executable.hpp:20,
[6.618s]                  from /opt/ros/foxy/include/rclcpp/memory_strategy.hpp:24,
[6.618s]                  from /opt/ros/foxy/include/rclcpp/memory_strategies.hpp:18,
[6.618s]                  from /opt/ros/foxy/include/rclcpp/executor_options.hpp:20,
[6.618s]                  from /opt/ros/foxy/include/rclcpp/executor.hpp:33,
[6.618s]                  from /opt/ros/foxy/include/rclcpp/executors/multi_threaded_executor.hpp:26,
[6.618s]                  from /opt/ros/foxy/include/rclcpp/executors.hpp:21,
[6.619s]                  from /opt/ros/foxy/include/rclcpp/rclcpp.hpp:146,
[6.619s]                  from /home/lrs-ubuntu/Desktop/LRS/LRS-FEI/workspace/src/template_drone_control/src/template_drone_control_node.cpp:1:
[6.619s] /home/lrs-ubuntu/Desktop/LRS/LRS-FEI/workspace/src/template_drone_control/src/template_drone_control_node.cpp: In member function ‘void TemplateDroneControl::local_pos_cb(geometry_msgs::msg::PoseStamped_<std::allocator<void> >::SharedPtr)’:
[6.619s] /home/lrs-ubuntu/Desktop/LRS/LRS-FEI/workspace/src/template_drone_control/src/template_drone_control_node.cpp:203:106: error: ‘struct TemplateDroneControl::GlobalPose’ has no member named ‘position’
[6.619s]   203 |         RCLCPP_INFO(this->get_logger(), "Current Local Position: %f, %f, %f", global_pose.x, global_pose.position.y, global_pose.position.z);
[6.619s]       |                                                                                                          ^~~~~~~~
[6.619s] /home/lrs-ubuntu/Desktop/LRS/LRS-FEI/workspace/src/template_drone_control/src/template_drone_control_node.cpp:203:130: error: ‘struct TemplateDroneControl::GlobalPose’ has no member named ‘position’
[6.619s]   203 |         RCLCPP_INFO(this->get_logger(), "Current Local Position: %f, %f, %f", global_pose.x, global_pose.position.y, global_pose.position.z);
[6.619s]       |                                                                                                                                  ^~~~~~~~
[6.619s] make[2]: *** [CMakeFiles/template_drone_control_node.dir/build.make:63: CMakeFiles/template_drone_control_node.dir/src/template_drone_control_node.cpp.o] Error 1
[6.619s] make[1]: *** [CMakeFiles/Makefile2:105: CMakeFiles/template_drone_control_node.dir/all] Error 2
[6.619s] make: *** [Makefile:141: all] Error 2
[6.623s] Invoked command in '/home/lrs-ubuntu/Desktop/LRS/LRS-FEI/workspace/build/template_drone_control' returned '2': CMAKE_PREFIX_PATH=/opt/ros/foxy /usr/bin/cmake --build /home/lrs-ubuntu/Desktop/LRS/LRS-FEI/workspace/build/template_drone_control -- -j12 -l12
