[0.026s] Invoking command in '/home/lrs-ubuntu/Desktop/LRS/LRS-FEI/workspace/build/template_drone_control': CMAKE_PREFIX_PATH=/opt/ros/foxy /usr/bin/cmake --build /home/lrs-ubuntu/Desktop/LRS/LRS-FEI/workspace/build/template_drone_control -- -j12 -l12
[0.103s] [35m[1mScanning dependencies of target template_drone_control_node[0m
[0.152s] [ 50%] [32mBuilding CXX object CMakeFiles/template_drone_control_node.dir/src/template_drone_control_node.cpp.o[0m
[7.431s] /home/lrs-ubuntu/Desktop/LRS/LRS-FEI/workspace/src/template_drone_control/src/template_drone_control_node.cpp: In member function ‘char TemplateDroneControl::getch()’:
[7.431s] /home/lrs-ubuntu/Desktop/LRS/LRS-FEI/workspace/src/template_drone_control/src/template_drone_control_node.cpp:79:24: error: aggregate ‘TemplateDroneControl::getch()::termios old’ has incomplete type and cannot be defined
[7.431s]    79 |         struct termios old;
[7.432s]       |                        ^~~
[7.432s] /home/lrs-ubuntu/Desktop/LRS/LRS-FEI/workspace/src/template_drone_control/src/template_drone_control_node.cpp:80:9: error: ‘tcgetattr’ was not declared in this scope
[7.432s]    80 |         tcgetattr(0, &old);
[7.432s]       |         ^~~~~~~~~
[7.432s] /home/lrs-ubuntu/Desktop/LRS/LRS-FEI/workspace/src/template_drone_control/src/template_drone_control_node.cpp:83:25: error: ‘ICANON’ was not declared in this scope
[7.432s]    83 |         old.c_lflag &= ~ICANON;
[7.432s]       |                         ^~~~~~
[7.432s] /home/lrs-ubuntu/Desktop/LRS/LRS-FEI/workspace/src/template_drone_control/src/template_drone_control_node.cpp:84:25: error: ‘ECHO’ was not declared in this scope
[7.433s]    84 |         old.c_lflag &= ~ECHO;
[7.433s]       |                         ^~~~
[7.433s] /home/lrs-ubuntu/Desktop/LRS/LRS-FEI/workspace/src/template_drone_control/src/template_drone_control_node.cpp:85:18: error: ‘VMIN’ was not declared in this scope
[7.433s]    85 |         old.c_cc[VMIN] = 1;
[7.433s]       |                  ^~~~
[7.433s] /home/lrs-ubuntu/Desktop/LRS/LRS-FEI/workspace/src/template_drone_control/src/template_drone_control_node.cpp:86:18: error: ‘VTIME’ was not declared in this scope; did you mean ‘ETIME’?
[7.433s]    86 |         old.c_cc[VTIME] = 0;
[7.433s]       |                  ^~~~~
[7.433s]       |                  ETIME
[7.433s] /home/lrs-ubuntu/Desktop/LRS/LRS-FEI/workspace/src/template_drone_control/src/template_drone_control_node.cpp:87:26: error: ‘TCSANOW’ was not declared in this scope
[7.433s]    87 |         if (tcsetattr(0, TCSANOW, &old) < 0)
[7.433s]       |                          ^~~~~~~
[7.433s] /home/lrs-ubuntu/Desktop/LRS/LRS-FEI/workspace/src/template_drone_control/src/template_drone_control_node.cpp:87:13: error: ‘tcsetattr’ was not declared in this scope
[7.433s]    87 |         if (tcsetattr(0, TCSANOW, &old) < 0)
[7.433s]       |             ^~~~~~~~~
[7.434s] /home/lrs-ubuntu/Desktop/LRS/LRS-FEI/workspace/src/template_drone_control/src/template_drone_control_node.cpp:93:26: error: ‘TCSADRAIN’ was not declared in this scope
[7.434s]    93 |         if (tcsetattr(0, TCSADRAIN, &old) < 0)
[7.434s]       |                          ^~~~~~~~~
[7.434s] /home/lrs-ubuntu/Desktop/LRS/LRS-FEI/workspace/src/template_drone_control/src/template_drone_control_node.cpp:93:13: error: ‘tcsetattr’ was not declared in this scope
[7.434s]    93 |         if (tcsetattr(0, TCSADRAIN, &old) < 0)
[7.434s]       |             ^~~~~~~~~
[7.434s] make[2]: *** [CMakeFiles/template_drone_control_node.dir/build.make:63: CMakeFiles/template_drone_control_node.dir/src/template_drone_control_node.cpp.o] Error 1
[7.434s] make[1]: *** [CMakeFiles/Makefile2:105: CMakeFiles/template_drone_control_node.dir/all] Error 2
[7.434s] make: *** [Makefile:141: all] Error 2
[7.435s] Invoked command in '/home/lrs-ubuntu/Desktop/LRS/LRS-FEI/workspace/build/template_drone_control' returned '2': CMAKE_PREFIX_PATH=/opt/ros/foxy /usr/bin/cmake --build /home/lrs-ubuntu/Desktop/LRS/LRS-FEI/workspace/build/template_drone_control -- -j12 -l12
