[0.022s] Invoking command in '/home/lrs-ubuntu/Desktop/LRS/LRS-FEI/workspace/build/template_drone_control': CMAKE_PREFIX_PATH=/opt/ros/foxy /usr/bin/cmake --build /home/lrs-ubuntu/Desktop/LRS/LRS-FEI/workspace/build/template_drone_control -- -j12 -l12
[0.086s] [35m[1mScanning dependencies of target template_drone_control_node[0m
[0.122s] [ 50%] [32mBuilding CXX object CMakeFiles/template_drone_control_node.dir/src/template_drone_control_node.cpp.o[0m
[7.935s] /home/lrs-ubuntu/Desktop/LRS/LRS-FEI/workspace/src/template_drone_control/src/template_drone_control_node.cpp: In member function ‘void TemplateDroneControl::send_position_command(float, float, float, float)’:
[7.935s] /home/lrs-ubuntu/Desktop/LRS/LRS-FEI/workspace/src/template_drone_control/src/template_drone_control_node.cpp:304:38: error: expected unqualified-id before ‘:’ token
[7.935s]   304 |                         mavros_msgs:::msg::PositionTarget::IGNORE_AFY |
[7.935s]       |                                      ^
[7.935s] /home/lrs-ubuntu/Desktop/LRS/LRS-FEI/workspace/src/template_drone_control/src/template_drone_control_node.cpp:323:20: error: ‘msg’ was not declared in this scope
[7.935s]   323 |         position = msg;
[7.936s]       |                    ^~~
[7.936s] /home/lrs-ubuntu/Desktop/LRS/LRS-FEI/workspace/src/template_drone_control/src/template_drone_control_node.cpp:323:20: note: suggested alternatives:
[7.936s] In file included from /opt/ros/foxy/include/builtin_interfaces/msg/duration.hpp:7,
[7.936s]                  from /opt/ros/foxy/include/rclcpp/duration.hpp:20,
[7.936s]                  from /opt/ros/foxy/include/rclcpp/qos.hpp:20,
[7.936s]                  from /opt/ros/foxy/include/rclcpp/node_interfaces/node_graph_interface.hpp:31,
[7.936s]                  from /opt/ros/foxy/include/rclcpp/client.hpp:34,
[7.936s]                  from /opt/ros/foxy/include/rclcpp/callback_group.hpp:23,
[7.936s]                  from /opt/ros/foxy/include/rclcpp/any_executable.hpp:20,
[7.936s]                  from /opt/ros/foxy/include/rclcpp/memory_strategy.hpp:24,
[7.936s]                  from /opt/ros/foxy/include/rclcpp/memory_strategies.hpp:18,
[7.936s]                  from /opt/ros/foxy/include/rclcpp/executor_options.hpp:20,
[7.936s]                  from /opt/ros/foxy/include/rclcpp/executor.hpp:33,
[7.936s]                  from /opt/ros/foxy/include/rclcpp/executors/multi_threaded_executor.hpp:26,
[7.936s]                  from /opt/ros/foxy/include/rclcpp/executors.hpp:21,
[7.936s]                  from /opt/ros/foxy/include/rclcpp/rclcpp.hpp:146,
[7.936s]                  from /home/lrs-ubuntu/Desktop/LRS/LRS-FEI/workspace/src/template_drone_control/src/template_drone_control_node.cpp:1:
[7.936s] /opt/ros/foxy/include/builtin_interfaces/msg/detail/duration__struct.hpp:26:11: note:   ‘builtin_interfaces::msg’
[7.937s]    26 | namespace msg
[7.937s]       |           ^~~
[7.937s] In file included from /opt/ros/foxy/include/statistics_msgs/msg/detail/metrics_message__struct.hpp:22,
[7.937s]                  from /opt/ros/foxy/include/statistics_msgs/msg/metrics_message.hpp:7,
[7.937s]                  from /opt/ros/foxy/include/libstatistics_collector/collector/generate_statistics_message.hpp:21,
[7.937s]                  from /opt/ros/foxy/include/rclcpp/topic_statistics/subscription_topic_statistics.hpp:23,
[7.937s]                  from /opt/ros/foxy/include/rclcpp/subscription.hpp:50,
[7.937s]                  from /opt/ros/foxy/include/rclcpp/any_executable.hpp:25,
[7.937s]                  from /opt/ros/foxy/include/rclcpp/memory_strategy.hpp:24,
[7.937s]                  from /opt/ros/foxy/include/rclcpp/memory_strategies.hpp:18,
[7.937s]                  from /opt/ros/foxy/include/rclcpp/executor_options.hpp:20,
[7.937s]                  from /opt/ros/foxy/include/rclcpp/executor.hpp:33,
[7.937s]                  from /opt/ros/foxy/include/rclcpp/executors/multi_threaded_executor.hpp:26,
[7.937s]                  from /opt/ros/foxy/include/rclcpp/executors.hpp:21,
[7.937s]                  from /opt/ros/foxy/include/rclcpp/rclcpp.hpp:146,
[7.937s]                  from /home/lrs-ubuntu/Desktop/LRS/LRS-FEI/workspace/src/template_drone_control/src/template_drone_control_node.cpp:1:
[7.937s] /opt/ros/foxy/include/statistics_msgs/msg/detail/statistic_data_point__struct.hpp:26:11: note:   ‘statistics_msgs::msg’
[7.937s]    26 | namespace msg
[7.937s]       |           ^~~
[7.938s] In file included from /opt/ros/foxy/include/rcl_interfaces/msg/list_parameters_result.hpp:7,
[7.938s]                  from /opt/ros/foxy/include/rclcpp/node.hpp:34,
[7.938s]                  from /opt/ros/foxy/include/rclcpp/executors/single_threaded_executor.hpp:28,
[7.938s]                  from /opt/ros/foxy/include/rclcpp/executors.hpp:22,
[7.938s]                  from /opt/ros/foxy/include/rclcpp/rclcpp.hpp:146,
[7.939s]                  from /home/lrs-ubuntu/Desktop/LRS/LRS-FEI/workspace/src/template_drone_control/src/template_drone_control_node.cpp:1:
[7.939s] /opt/ros/foxy/include/rcl_interfaces/msg/detail/list_parameters_result__struct.hpp:26:11: note:   ‘rcl_interfaces::msg’
[7.939s]    26 | namespace msg
[7.939s]       |           ^~~
[7.939s] In file included from /opt/ros/foxy/include/geometry_msgs/msg/detail/pose_stamped__struct.hpp:19,
[7.939s]                  from /opt/ros/foxy/include/geometry_msgs/msg/pose_stamped.hpp:7,
[7.939s]                  from /home/lrs-ubuntu/Desktop/LRS/LRS-FEI/workspace/src/template_drone_control/src/template_drone_control_node.cpp:2:
[7.939s] /opt/ros/foxy/include/std_msgs/msg/detail/header__struct.hpp:30:11: note:   ‘std_msgs::msg’
[7.939s]    30 | namespace msg
[7.939s]       |           ^~~
[7.939s] In file included from /opt/ros/foxy/include/geometry_msgs/msg/detail/pose__struct.hpp:19,
[7.939s]                  from /opt/ros/foxy/include/geometry_msgs/msg/detail/pose_stamped__struct.hpp:21,
[7.939s]                  from /opt/ros/foxy/include/geometry_msgs/msg/pose_stamped.hpp:7,
[7.939s]                  from /home/lrs-ubuntu/Desktop/LRS/LRS-FEI/workspace/src/template_drone_control/src/template_drone_control_node.cpp:2:
[7.940s] /opt/ros/foxy/include/geometry_msgs/msg/detail/point__struct.hpp:26:11: note:   ‘geometry_msgs::msg’
[7.940s]    26 | namespace msg
[7.940s]       |           ^~~
[7.940s] In file included from /opt/ros/foxy/include/mavros_msgs/msg/state.hpp:7,
[7.940s]                  from /home/lrs-ubuntu/Desktop/LRS/LRS-FEI/workspace/src/template_drone_control/src/template_drone_control_node.cpp:3:
[7.942s] /opt/ros/foxy/include/mavros_msgs/msg/detail/state__struct.hpp:30:11: note:   ‘mavros_msgs::msg’
[7.942s]    30 | namespace msg
[7.942s]       |           ^~~
[7.942s] make[2]: *** [CMakeFiles/template_drone_control_node.dir/build.make:63: CMakeFiles/template_drone_control_node.dir/src/template_drone_control_node.cpp.o] Error 1
[7.942s] make[1]: *** [CMakeFiles/Makefile2:105: CMakeFiles/template_drone_control_node.dir/all] Error 2
[7.942s] make: *** [Makefile:141: all] Error 2
[7.943s] Invoked command in '/home/lrs-ubuntu/Desktop/LRS/LRS-FEI/workspace/build/template_drone_control' returned '2': CMAKE_PREFIX_PATH=/opt/ros/foxy /usr/bin/cmake --build /home/lrs-ubuntu/Desktop/LRS/LRS-FEI/workspace/build/template_drone_control -- -j12 -l12
