[0.026s] Invoking command in '/home/lrs-ubuntu/Desktop/LRS/LRS-FEI/workspace/build/template_drone_control': CMAKE_PREFIX_PATH=${CMAKE_PREFIX_PATH}:/opt/ros/foxy /usr/bin/cmake --build /home/lrs-ubuntu/Desktop/LRS/LRS-FEI/workspace/build/template_drone_control -- -j12 -l12
[0.122s] [35m[1mScanning dependencies of target template_drone_control_node[0m
[0.197s] [ 50%] [32mBuilding CXX object CMakeFiles/template_drone_control_node.dir/src/template_drone_control_node.cpp.o[0m
[17.650s] /home/lrs-ubuntu/Desktop/LRS/LRS-FEI/workspace/src/template_drone_control/src/template_drone_control_node.cpp: In member function ‘void TemplateDroneControl::send_position_command(float, float, float, float)’:
[17.651s] /home/lrs-ubuntu/Desktop/LRS/LRS-FEI/workspace/src/template_drone_control/src/template_drone_control_node.cpp:324:32: error: ‘max’ was not declared in this scope
[17.651s]   324 |         float big_e = max(e_z, max(e_x, e_y));
[17.651s]       |                                ^~~
[17.651s] /home/lrs-ubuntu/Desktop/LRS/LRS-FEI/workspace/src/template_drone_control/src/template_drone_control_node.cpp:324:32: note: suggested alternatives:
[17.651s] In file included from /usr/include/c++/9/algorithm:62,
[17.651s]                  from /opt/ros/foxy/include/rclcpp/executor.hpp:18,
[17.651s]                  from /opt/ros/foxy/include/rclcpp/executors/multi_threaded_executor.hpp:26,
[17.651s]                  from /opt/ros/foxy/include/rclcpp/executors.hpp:21,
[17.651s]                  from /opt/ros/foxy/include/rclcpp/rclcpp.hpp:146,
[17.651s]                  from /home/lrs-ubuntu/Desktop/LRS/LRS-FEI/workspace/src/template_drone_control/src/template_drone_control_node.cpp:1:
[17.651s] /usr/include/c++/9/bits/stl_algo.h:3468:5: note:   ‘std::max’
[17.651s]  3468 |     max(initializer_list<_Tp> __l, _Compare __comp)
[17.652s]       |     ^~~
[17.652s] In file included from /opt/ros/foxy/include/kdl/frames.hpp:129,
[17.652s]                  from /opt/ros/foxy/include/tf2_geometry_msgs/tf2_geometry_msgs.h:47,
[17.652s]                  from /home/lrs-ubuntu/Desktop/LRS/LRS-FEI/workspace/src/template_drone_control/src/template_drone_control_node.cpp:14:
[17.652s] /opt/ros/foxy/include/kdl/utilities/utility.h:198:15: note:   ‘KDL::max’
[17.652s]   198 | inline double max(double a,double b) {
[17.652s]       |               ^~~
[17.652s] In file included from /usr/include/eigen3/Eigen/Core:411,
[17.652s]                  from /usr/include/eigen3/Eigen/Dense:1,
[17.652s]                  from /home/lrs-ubuntu/Desktop/LRS/LRS-FEI/workspace/src/template_drone_control/src/template_drone_control_node.cpp:18:
[17.652s] /usr/include/eigen3/Eigen/src/Core/arch/CUDA/Half.h:516:45: note:   ‘Eigen::half_impl::max’
[17.653s]   516 | EIGEN_STRONG_INLINE EIGEN_DEVICE_FUNC half (max)(const half& a, const half& b) {
[17.653s]       |                                             ^~~
[17.653s] /home/lrs-ubuntu/Desktop/LRS/LRS-FEI/workspace/src/template_drone_control/src/template_drone_control_node.cpp:324:23: error: ‘max’ was not declared in this scope
[17.653s]   324 |         float big_e = max(e_z, max(e_x, e_y));
[17.653s]       |                       ^~~
[17.653s] /home/lrs-ubuntu/Desktop/LRS/LRS-FEI/workspace/src/template_drone_control/src/template_drone_control_node.cpp:324:23: note: suggested alternatives:
[17.653s] In file included from /usr/include/c++/9/algorithm:62,
[17.653s]                  from /opt/ros/foxy/include/rclcpp/executor.hpp:18,
[17.653s]                  from /opt/ros/foxy/include/rclcpp/executors/multi_threaded_executor.hpp:26,
[17.653s]                  from /opt/ros/foxy/include/rclcpp/executors.hpp:21,
[17.653s]                  from /opt/ros/foxy/include/rclcpp/rclcpp.hpp:146,
[17.653s]                  from /home/lrs-ubuntu/Desktop/LRS/LRS-FEI/workspace/src/template_drone_control/src/template_drone_control_node.cpp:1:
[17.654s] /usr/include/c++/9/bits/stl_algo.h:3468:5: note:   ‘std::max’
[17.654s]  3468 |     max(initializer_list<_Tp> __l, _Compare __comp)
[17.654s]       |     ^~~
[17.654s] In file included from /opt/ros/foxy/include/kdl/frames.hpp:129,
[17.654s]                  from /opt/ros/foxy/include/tf2_geometry_msgs/tf2_geometry_msgs.h:47,
[17.654s]                  from /home/lrs-ubuntu/Desktop/LRS/LRS-FEI/workspace/src/template_drone_control/src/template_drone_control_node.cpp:14:
[17.654s] /opt/ros/foxy/include/kdl/utilities/utility.h:198:15: note:   ‘KDL::max’
[17.654s]   198 | inline double max(double a,double b) {
[17.654s]       |               ^~~
[17.655s] In file included from /usr/include/eigen3/Eigen/Core:411,
[17.655s]                  from /usr/include/eigen3/Eigen/Dense:1,
[17.655s]                  from /home/lrs-ubuntu/Desktop/LRS/LRS-FEI/workspace/src/template_drone_control/src/template_drone_control_node.cpp:18:
[17.655s] /usr/include/eigen3/Eigen/src/Core/arch/CUDA/Half.h:516:45: note:   ‘Eigen::half_impl::max’
[17.655s]   516 | EIGEN_STRONG_INLINE EIGEN_DEVICE_FUNC half (max)(const half& a, const half& b) {
[17.655s]       |                                             ^~~
[17.655s] /home/lrs-ubuntu/Desktop/LRS/LRS-FEI/workspace/src/template_drone_control/src/template_drone_control_node.cpp:350:13: warning: unused variable ‘tmp’ [-Wunused-variable]
[17.655s]   350 |         int tmp = 0;
[17.656s]       |             ^~~
[17.656s] make[2]: *** [CMakeFiles/template_drone_control_node.dir/build.make:63: CMakeFiles/template_drone_control_node.dir/src/template_drone_control_node.cpp.o] Error 1
[17.657s] make[1]: *** [CMakeFiles/Makefile2:105: CMakeFiles/template_drone_control_node.dir/all] Error 2
[17.657s] make: *** [Makefile:141: all] Error 2
[17.661s] Invoked command in '/home/lrs-ubuntu/Desktop/LRS/LRS-FEI/workspace/build/template_drone_control' returned '2': CMAKE_PREFIX_PATH=${CMAKE_PREFIX_PATH}:/opt/ros/foxy /usr/bin/cmake --build /home/lrs-ubuntu/Desktop/LRS/LRS-FEI/workspace/build/template_drone_control -- -j12 -l12
