[0.027s] Invoking command in '/home/lrs-ubuntu/Desktop/LRS/LRS-FEI/workspace/build/template_drone_control': CMAKE_PREFIX_PATH=/opt/ros/foxy /usr/bin/cmake --build /home/lrs-ubuntu/Desktop/LRS/LRS-FEI/workspace/build/template_drone_control -- -j12 -l12
[0.122s] [35m[1mScanning dependencies of target template_drone_control_node[0m
[0.190s] [ 50%] [32mBuilding CXX object CMakeFiles/template_drone_control_node.dir/src/template_drone_control_node.cpp.o[0m
[8.917s] In file included from /opt/ros/foxy/include/rclcpp/service.hpp:34,
[8.917s]                  from /opt/ros/foxy/include/rclcpp/callback_group.hpp:25,
[8.918s]                  from /opt/ros/foxy/include/rclcpp/any_executable.hpp:20,
[8.918s]                  from /opt/ros/foxy/include/rclcpp/memory_strategy.hpp:24,
[8.918s]                  from /opt/ros/foxy/include/rclcpp/memory_strategies.hpp:18,
[8.918s]                  from /opt/ros/foxy/include/rclcpp/executor_options.hpp:20,
[8.918s]                  from /opt/ros/foxy/include/rclcpp/executor.hpp:33,
[8.918s]                  from /opt/ros/foxy/include/rclcpp/executors/multi_threaded_executor.hpp:26,
[8.918s]                  from /opt/ros/foxy/include/rclcpp/executors.hpp:21,
[8.918s]                  from /opt/ros/foxy/include/rclcpp/rclcpp.hpp:146,
[8.919s]                  from /home/lrs-ubuntu/Desktop/LRS/LRS-FEI/workspace/src/template_drone_control/src/template_drone_control_node.cpp:1:
[8.919s] /home/lrs-ubuntu/Desktop/LRS/LRS-FEI/workspace/src/template_drone_control/src/template_drone_control_node.cpp: In constructor ‘TemplateDroneControl::TemplateDroneControl()’:
[8.919s] /home/lrs-ubuntu/Desktop/LRS/LRS-FEI/workspace/src/template_drone_control/src/template_drone_control_node.cpp:46:36: error: ‘class TemplateDroneControl’ has no member named ‘set_mode_client_get_logger’
[8.919s]    46 |                 RCLCPP_ERROR(this->set_mode_client_get_logger(), "Interrupted while waiting for the set_mode service. Exiting.");
[8.919s]       |                                    ^~~~~~~~~~~~~~~~~~~~~~~~~~
[8.919s] /home/lrs-ubuntu/Desktop/LRS/LRS-FEI/workspace/src/template_drone_control/src/template_drone_control_node.cpp:46:36: error: ‘class TemplateDroneControl’ has no member named ‘set_mode_client_get_logger’
[8.919s] /home/lrs-ubuntu/Desktop/LRS/LRS-FEI/workspace/src/template_drone_control/src/template_drone_control_node.cpp:46:17: error: template argument 1 is invalid
[8.919s]    46 |                 RCLCPP_ERROR(this->set_mode_client_get_logger(), "Interrupted while waiting for the set_mode service. Exiting.");
[8.920s]       |                 ^~~~~~~~~~~~
[8.920s] /home/lrs-ubuntu/Desktop/LRS/LRS-FEI/workspace/src/template_drone_control/src/template_drone_control_node.cpp:46:17: error: template argument 1 is invalid
[8.920s]    46 |                 RCLCPP_ERROR(this->set_mode_client_get_logger(), "Interrupted while waiting for the set_mode service. Exiting.");
[8.920s]       |                 ^~~~~~~~~~~~
[8.920s] /home/lrs-ubuntu/Desktop/LRS/LRS-FEI/workspace/src/template_drone_control/src/template_drone_control_node.cpp:46:17: error: template argument 1 is invalid
[8.920s]    46 |                 RCLCPP_ERROR(this->set_mode_client_get_logger(), "Interrupted while waiting for the set_mode service. Exiting.");
[8.920s]       |                 ^~~~~~~~~~~~
[8.921s] In file included from /opt/ros/foxy/include/rclcpp/client.hpp:40,
[8.922s]                  from /opt/ros/foxy/include/rclcpp/callback_group.hpp:23,
[8.923s]                  from /opt/ros/foxy/include/rclcpp/any_executable.hpp:20,
[8.925s]                  from /opt/ros/foxy/include/rclcpp/memory_strategy.hpp:24,
[8.930s]                  from /opt/ros/foxy/include/rclcpp/memory_strategies.hpp:18,
[8.932s]                  from /opt/ros/foxy/include/rclcpp/executor_options.hpp:20,
[8.933s]                  from /opt/ros/foxy/include/rclcpp/executor.hpp:33,
[8.934s]                  from /opt/ros/foxy/include/rclcpp/executors/multi_threaded_executor.hpp:26,
[8.934s]                  from /opt/ros/foxy/include/rclcpp/executors.hpp:21,
[8.934s]                  from /opt/ros/foxy/include/rclcpp/rclcpp.hpp:146,
[8.934s]                  from /home/lrs-ubuntu/Desktop/LRS/LRS-FEI/workspace/src/template_drone_control/src/template_drone_control_node.cpp:1:
[8.934s] /home/lrs-ubuntu/Desktop/LRS/LRS-FEI/workspace/src/template_drone_control/src/template_drone_control_node.cpp:46:36: error: ‘class TemplateDroneControl’ has no member named ‘set_mode_client_get_logger’
[8.934s]    46 |                 RCLCPP_ERROR(this->set_mode_client_get_logger(), "Interrupted while waiting for the set_mode service. Exiting.");
[8.934s]       |                                    ^~~~~~~~~~~~~~~~~~~~~~~~~~
[8.934s] /home/lrs-ubuntu/Desktop/LRS/LRS-FEI/workspace/src/template_drone_control/src/template_drone_control_node.cpp:46:36: error: ‘class TemplateDroneControl’ has no member named ‘set_mode_client_get_logger’
[8.935s]    46 |                 RCLCPP_ERROR(this->set_mode_client_get_logger(), "Interrupted while waiting for the set_mode service. Exiting.");
[8.935s]       |                                    ^~~~~~~~~~~~~~~~~~~~~~~~~~
[8.935s] make[2]: *** [CMakeFiles/template_drone_control_node.dir/build.make:63: CMakeFiles/template_drone_control_node.dir/src/template_drone_control_node.cpp.o] Error 1
[8.935s] make[1]: *** [CMakeFiles/Makefile2:105: CMakeFiles/template_drone_control_node.dir/all] Error 2
[8.935s] make: *** [Makefile:141: all] Error 2
[8.935s] Invoked command in '/home/lrs-ubuntu/Desktop/LRS/LRS-FEI/workspace/build/template_drone_control' returned '2': CMAKE_PREFIX_PATH=/opt/ros/foxy /usr/bin/cmake --build /home/lrs-ubuntu/Desktop/LRS/LRS-FEI/workspace/build/template_drone_control -- -j12 -l12
