[0.356s] DEBUG:colcon:Command line arguments: ['/usr/bin/colcon', 'build']
[0.356s] DEBUG:colcon:Parsed command line arguments: Namespace(allow_overriding=[], ament_cmake_args=None, base_paths=['.'], build_base='build', catkin_cmake_args=None, catkin_skip_building_tests=False, cmake_args=None, cmake_clean_cache=False, cmake_clean_first=False, cmake_force_configure=False, cmake_target=None, cmake_target_skip_unavailable=False, continue_on_error=False, event_handlers=None, executor='parallel', ignore_user_meta=False, install_base='install', log_base=None, log_level=None, main=<bound method BuildVerb.main of <colcon_core.verb.build.BuildVerb object at 0x7f2a402fb4c0>>, merge_install=False, metas=['./colcon.meta'], packages_above=None, packages_above_and_dependencies=None, packages_above_depth=None, packages_end=None, packages_ignore=None, packages_ignore_regex=None, packages_select=None, packages_select_build_failed=False, packages_select_by_dep=None, packages_select_regex=None, packages_select_test_failures=False, packages_skip=None, packages_skip_build_finished=False, packages_skip_by_dep=None, packages_skip_regex=None, packages_skip_test_passed=False, packages_skip_up_to=None, packages_start=None, packages_up_to=None, packages_up_to_regex=None, parallel_workers=12, paths=None, symlink_install=False, test_result_base=None, verb_extension=<colcon_core.verb.build.BuildVerb object at 0x7f2a402fb4c0>, verb_name='build', verb_parser=<colcon_defaults.argument_parser.defaults.DefaultArgumentsDecorator object at 0x7f2a402fba00>)
[0.393s] Level 1:colcon.colcon_core.package_discovery:discover_packages(colcon_meta) check parameters
[0.393s] Level 1:colcon.colcon_core.package_discovery:discover_packages(recursive) check parameters
[0.393s] Level 1:colcon.colcon_core.package_discovery:discover_packages(ignore) check parameters
[0.393s] Level 1:colcon.colcon_core.package_discovery:discover_packages(path) check parameters
[0.393s] Level 1:colcon.colcon_core.package_discovery:discover_packages(colcon_meta) discover
[0.393s] Level 1:colcon.colcon_core.package_discovery:discover_packages(recursive) discover
[0.393s] INFO:colcon.colcon_core.package_discovery:Crawling recursively for packages in '/home/lrs-ubuntu/Desktop/LRS/LRS-FEI/workspace'
[0.393s] Level 1:colcon.colcon_core.package_identification:_identify(.) by extensions ['ignore', 'ignore_ament_install']
[0.393s] Level 1:colcon.colcon_core.package_identification:_identify(.) by extension 'ignore'
[0.394s] Level 1:colcon.colcon_core.package_identification:_identify(.) by extension 'ignore_ament_install'
[0.394s] Level 1:colcon.colcon_core.package_identification:_identify(.) by extensions ['colcon_pkg']
[0.394s] Level 1:colcon.colcon_core.package_identification:_identify(.) by extension 'colcon_pkg'
[0.394s] Level 1:colcon.colcon_core.package_identification:_identify(.) by extensions ['colcon_meta']
[0.394s] Level 1:colcon.colcon_core.package_identification:_identify(.) by extension 'colcon_meta'
[0.394s] Level 1:colcon.colcon_core.package_identification:_identify(.) by extensions ['ros']
[0.394s] Level 1:colcon.colcon_core.package_identification:_identify(.) by extension 'ros'
[0.426s] Level 1:colcon.colcon_core.package_identification:_identify(.) by extensions ['cmake', 'python']
[0.426s] Level 1:colcon.colcon_core.package_identification:_identify(.) by extension 'cmake'
[0.426s] Level 1:colcon.colcon_core.package_identification:_identify(.) by extension 'python'
[0.426s] Level 1:colcon.colcon_core.package_identification:_identify(.) by extensions ['python_setup_py']
[0.426s] Level 1:colcon.colcon_core.package_identification:_identify(.) by extension 'python_setup_py'
[0.426s] Level 1:colcon.colcon_core.package_identification:_identify(build) by extensions ['ignore', 'ignore_ament_install']
[0.426s] Level 1:colcon.colcon_core.package_identification:_identify(build) by extension 'ignore'
[0.427s] Level 1:colcon.colcon_core.package_identification:_identify(build) ignored
[0.427s] Level 1:colcon.colcon_core.package_identification:_identify(install) by extensions ['ignore', 'ignore_ament_install']
[0.427s] Level 1:colcon.colcon_core.package_identification:_identify(install) by extension 'ignore'
[0.427s] Level 1:colcon.colcon_core.package_identification:_identify(install) ignored
[0.427s] Level 1:colcon.colcon_core.package_identification:_identify(log) by extensions ['ignore', 'ignore_ament_install']
[0.427s] Level 1:colcon.colcon_core.package_identification:_identify(log) by extension 'ignore'
[0.427s] Level 1:colcon.colcon_core.package_identification:_identify(log) ignored
[0.427s] Level 1:colcon.colcon_core.package_identification:_identify(src) by extensions ['ignore', 'ignore_ament_install']
[0.427s] Level 1:colcon.colcon_core.package_identification:_identify(src) by extension 'ignore'
[0.427s] Level 1:colcon.colcon_core.package_identification:_identify(src) by extension 'ignore_ament_install'
[0.427s] Level 1:colcon.colcon_core.package_identification:_identify(src) by extensions ['colcon_pkg']
[0.427s] Level 1:colcon.colcon_core.package_identification:_identify(src) by extension 'colcon_pkg'
[0.427s] Level 1:colcon.colcon_core.package_identification:_identify(src) by extensions ['colcon_meta']
[0.427s] Level 1:colcon.colcon_core.package_identification:_identify(src) by extension 'colcon_meta'
[0.427s] Level 1:colcon.colcon_core.package_identification:_identify(src) by extensions ['ros']
[0.427s] Level 1:colcon.colcon_core.package_identification:_identify(src) by extension 'ros'
[0.427s] Level 1:colcon.colcon_core.package_identification:_identify(src) by extensions ['cmake', 'python']
[0.428s] Level 1:colcon.colcon_core.package_identification:_identify(src) by extension 'cmake'
[0.428s] Level 1:colcon.colcon_core.package_identification:_identify(src) by extension 'python'
[0.428s] Level 1:colcon.colcon_core.package_identification:_identify(src) by extensions ['python_setup_py']
[0.428s] Level 1:colcon.colcon_core.package_identification:_identify(src) by extension 'python_setup_py'
[0.428s] Level 1:colcon.colcon_core.package_identification:_identify(src/template_drone_control) by extensions ['ignore', 'ignore_ament_install']
[0.428s] Level 1:colcon.colcon_core.package_identification:_identify(src/template_drone_control) by extension 'ignore'
[0.428s] Level 1:colcon.colcon_core.package_identification:_identify(src/template_drone_control) by extension 'ignore_ament_install'
[0.428s] Level 1:colcon.colcon_core.package_identification:_identify(src/template_drone_control) by extensions ['colcon_pkg']
[0.428s] Level 1:colcon.colcon_core.package_identification:_identify(src/template_drone_control) by extension 'colcon_pkg'
[0.428s] Level 1:colcon.colcon_core.package_identification:_identify(src/template_drone_control) by extensions ['colcon_meta']
[0.428s] Level 1:colcon.colcon_core.package_identification:_identify(src/template_drone_control) by extension 'colcon_meta'
[0.428s] Level 1:colcon.colcon_core.package_identification:_identify(src/template_drone_control) by extensions ['ros']
[0.428s] Level 1:colcon.colcon_core.package_identification:_identify(src/template_drone_control) by extension 'ros'
[0.431s] DEBUG:colcon.colcon_core.package_identification:Package 'src/template_drone_control' with type 'ros.ament_cmake' and name 'template_drone_control'
[0.432s] Level 1:colcon.colcon_core.package_discovery:discover_packages(recursive) using defaults
[0.432s] Level 1:colcon.colcon_core.package_discovery:discover_packages(ignore) discover
[0.432s] Level 1:colcon.colcon_core.package_discovery:discover_packages(ignore) using defaults
[0.432s] Level 1:colcon.colcon_core.package_discovery:discover_packages(path) discover
[0.432s] Level 1:colcon.colcon_core.package_discovery:discover_packages(path) using defaults
[0.457s] Level 1:colcon.colcon_core.package_discovery:discover_packages(prefix_path) check parameters
[0.458s] Level 1:colcon.colcon_core.package_discovery:discover_packages(prefix_path) discover
[0.460s] DEBUG:colcon.colcon_installed_package_information.package_discovery:Found 174 installed packages in /opt/ros/foxy
[0.464s] Level 1:colcon.colcon_core.package_discovery:discover_packages(prefix_path) using defaults
[0.522s] Level 5:colcon.colcon_core.verb:set package 'template_drone_control' build argument 'cmake_args' from command line to 'None'
[0.522s] Level 5:colcon.colcon_core.verb:set package 'template_drone_control' build argument 'cmake_target' from command line to 'None'
[0.522s] Level 5:colcon.colcon_core.verb:set package 'template_drone_control' build argument 'cmake_target_skip_unavailable' from command line to 'False'
[0.522s] Level 5:colcon.colcon_core.verb:set package 'template_drone_control' build argument 'cmake_clean_cache' from command line to 'False'
[0.522s] Level 5:colcon.colcon_core.verb:set package 'template_drone_control' build argument 'cmake_clean_first' from command line to 'False'
[0.522s] Level 5:colcon.colcon_core.verb:set package 'template_drone_control' build argument 'cmake_force_configure' from command line to 'False'
[0.522s] Level 5:colcon.colcon_core.verb:set package 'template_drone_control' build argument 'ament_cmake_args' from command line to 'None'
[0.522s] Level 5:colcon.colcon_core.verb:set package 'template_drone_control' build argument 'catkin_cmake_args' from command line to 'None'
[0.522s] Level 5:colcon.colcon_core.verb:set package 'template_drone_control' build argument 'catkin_skip_building_tests' from command line to 'False'
[0.522s] DEBUG:colcon.colcon_core.verb:Building package 'template_drone_control' with the following arguments: {'ament_cmake_args': None, 'build_base': '/home/lrs-ubuntu/Desktop/LRS/LRS-FEI/workspace/build/template_drone_control', 'catkin_cmake_args': None, 'catkin_skip_building_tests': False, 'cmake_args': None, 'cmake_clean_cache': False, 'cmake_clean_first': False, 'cmake_force_configure': False, 'cmake_target': None, 'cmake_target_skip_unavailable': False, 'install_base': '/home/lrs-ubuntu/Desktop/LRS/LRS-FEI/workspace/install/template_drone_control', 'merge_install': False, 'path': '/home/lrs-ubuntu/Desktop/LRS/LRS-FEI/workspace/src/template_drone_control', 'symlink_install': False, 'test_result_base': None}
[0.523s] INFO:colcon.colcon_core.executor:Executing jobs using 'parallel' executor
[0.528s] DEBUG:colcon.colcon_parallel_executor.executor.parallel:run_until_complete
[0.528s] INFO:colcon.colcon_ros.task.ament_cmake.build:Building ROS package in '/home/lrs-ubuntu/Desktop/LRS/LRS-FEI/workspace/src/template_drone_control' with build type 'ament_cmake'
[0.528s] INFO:colcon.colcon_cmake.task.cmake.build:Building CMake package in '/home/lrs-ubuntu/Desktop/LRS/LRS-FEI/workspace/src/template_drone_control'
[0.537s] INFO:colcon.colcon_core.plugin_system:Skipping extension 'colcon_core.shell.bat': Not used on non-Windows systems
[0.537s] INFO:colcon.colcon_core.shell:Skip shell extension 'powershell' for command environment: Not usable outside of PowerShell
[0.537s] DEBUG:colcon.colcon_core.shell:Skip shell extension 'dsv' for command environment
[0.553s] DEBUG:colcon.colcon_core.event_handler.log_command:Invoking command in '/home/lrs-ubuntu/Desktop/LRS/LRS-FEI/workspace/build/template_drone_control': CMAKE_PREFIX_PATH=/opt/ros/foxy /usr/bin/cmake --build /home/lrs-ubuntu/Desktop/LRS/LRS-FEI/workspace/build/template_drone_control -- -j12 -l12
[5.455s] DEBUG:colcon.colcon_core.event_handler.log_command:Invoked command in '/home/lrs-ubuntu/Desktop/LRS/LRS-FEI/workspace/build/template_drone_control' returned '2': CMAKE_PREFIX_PATH=/opt/ros/foxy /usr/bin/cmake --build /home/lrs-ubuntu/Desktop/LRS/LRS-FEI/workspace/build/template_drone_control -- -j12 -l12
[5.489s] Level 1:colcon.colcon_core.environment:create_environment_scripts_only(template_drone_control)
[5.498s] Level 1:colcon.colcon_core.environment:checking '/home/lrs-ubuntu/Desktop/LRS/LRS-FEI/workspace/install/template_drone_control' for CMake module files
[5.499s] Level 1:colcon.colcon_core.environment:checking '/home/lrs-ubuntu/Desktop/LRS/LRS-FEI/workspace/install/template_drone_control' for CMake config files
[5.499s] Level 1:colcon.colcon_core.shell:create_environment_hook('template_drone_control', 'cmake_prefix_path')
[5.501s] INFO:colcon.colcon_core.shell:Creating environment hook '/home/lrs-ubuntu/Desktop/LRS/LRS-FEI/workspace/install/template_drone_control/share/template_drone_control/hook/cmake_prefix_path.ps1'
[5.501s] INFO:colcon.colcon_core.shell:Creating environment descriptor '/home/lrs-ubuntu/Desktop/LRS/LRS-FEI/workspace/install/template_drone_control/share/template_drone_control/hook/cmake_prefix_path.dsv'
[5.502s] INFO:colcon.colcon_core.shell:Creating environment hook '/home/lrs-ubuntu/Desktop/LRS/LRS-FEI/workspace/install/template_drone_control/share/template_drone_control/hook/cmake_prefix_path.sh'
[5.504s] Level 1:colcon.colcon_core.environment:checking '/home/lrs-ubuntu/Desktop/LRS/LRS-FEI/workspace/install/template_drone_control/lib'
[5.505s] Level 1:colcon.colcon_core.environment:checking '/home/lrs-ubuntu/Desktop/LRS/LRS-FEI/workspace/install/template_drone_control/bin'
[5.505s] Level 1:colcon.colcon_core.environment:checking '/home/lrs-ubuntu/Desktop/LRS/LRS-FEI/workspace/install/template_drone_control/lib/pkgconfig/template_drone_control.pc'
[5.505s] Level 1:colcon.colcon_core.environment:checking '/home/lrs-ubuntu/Desktop/LRS/LRS-FEI/workspace/install/template_drone_control/lib/python3.8/site-packages'
[5.505s] Level 1:colcon.colcon_core.environment:checking '/home/lrs-ubuntu/Desktop/LRS/LRS-FEI/workspace/install/template_drone_control/bin'
[5.506s] INFO:colcon.colcon_core.shell:Creating package script '/home/lrs-ubuntu/Desktop/LRS/LRS-FEI/workspace/install/template_drone_control/share/template_drone_control/package.ps1'
[5.508s] INFO:colcon.colcon_core.shell:Creating package descriptor '/home/lrs-ubuntu/Desktop/LRS/LRS-FEI/workspace/install/template_drone_control/share/template_drone_control/package.dsv'
[5.508s] INFO:colcon.colcon_core.shell:Creating package script '/home/lrs-ubuntu/Desktop/LRS/LRS-FEI/workspace/install/template_drone_control/share/template_drone_control/package.sh'
[5.510s] INFO:colcon.colcon_core.shell:Creating package script '/home/lrs-ubuntu/Desktop/LRS/LRS-FEI/workspace/install/template_drone_control/share/template_drone_control/package.bash'
[5.513s] INFO:colcon.colcon_core.shell:Creating package script '/home/lrs-ubuntu/Desktop/LRS/LRS-FEI/workspace/install/template_drone_control/share/template_drone_control/package.zsh'
[5.513s] Level 1:colcon.colcon_core.environment:create_file_with_runtime_dependencies(/home/lrs-ubuntu/Desktop/LRS/LRS-FEI/workspace/install/template_drone_control/share/colcon-core/packages/template_drone_control)
[5.525s] DEBUG:colcon.colcon_parallel_executor.executor.parallel:closing loop
[5.526s] DEBUG:colcon.colcon_parallel_executor.executor.parallel:loop closed
[5.526s] DEBUG:colcon.colcon_parallel_executor.executor.parallel:run_until_complete finished with '2'
[5.527s] DEBUG:colcon.colcon_core.event_reactor:joining thread
[5.535s] INFO:colcon.colcon_core.plugin_system:Skipping extension 'colcon_notification.desktop_notification.terminal_notifier': Not used on non-Darwin systems
[5.535s] INFO:colcon.colcon_core.plugin_system:Skipping extension 'colcon_notification.desktop_notification.win32': Not used on non-Windows systems
[5.535s] INFO:colcon.colcon_notification.desktop_notification:Sending desktop notification using 'notify2'
[5.563s] DEBUG:colcon.colcon_core.event_reactor:joined thread
[5.565s] INFO:colcon.colcon_core.shell:Creating prefix script '/home/lrs-ubuntu/Desktop/LRS/LRS-FEI/workspace/install/local_setup.ps1'
[5.567s] INFO:colcon.colcon_core.shell:Creating prefix util module '/home/lrs-ubuntu/Desktop/LRS/LRS-FEI/workspace/install/_local_setup_util_ps1.py'
[5.568s] INFO:colcon.colcon_core.shell:Creating prefix chain script '/home/lrs-ubuntu/Desktop/LRS/LRS-FEI/workspace/install/setup.ps1'
[5.569s] INFO:colcon.colcon_core.shell:Creating prefix script '/home/lrs-ubuntu/Desktop/LRS/LRS-FEI/workspace/install/local_setup.sh'
[5.569s] INFO:colcon.colcon_core.shell:Creating prefix util module '/home/lrs-ubuntu/Desktop/LRS/LRS-FEI/workspace/install/_local_setup_util_sh.py'
[5.570s] INFO:colcon.colcon_core.shell:Creating prefix chain script '/home/lrs-ubuntu/Desktop/LRS/LRS-FEI/workspace/install/setup.sh'
[5.572s] INFO:colcon.colcon_core.shell:Creating prefix script '/home/lrs-ubuntu/Desktop/LRS/LRS-FEI/workspace/install/local_setup.bash'
[5.574s] INFO:colcon.colcon_core.shell:Creating prefix chain script '/home/lrs-ubuntu/Desktop/LRS/LRS-FEI/workspace/install/setup.bash'
[5.577s] INFO:colcon.colcon_core.shell:Creating prefix script '/home/lrs-ubuntu/Desktop/LRS/LRS-FEI/workspace/install/local_setup.zsh'
[5.578s] INFO:colcon.colcon_core.shell:Creating prefix chain script '/home/lrs-ubuntu/Desktop/LRS/LRS-FEI/workspace/install/setup.zsh'
