[0.018s] Invoking command in '/home/lrs-ubuntu/Desktop/LRS/LRS-FEI/workspace/build/template_drone_control': CMAKE_PREFIX_PATH=/opt/ros/foxy /usr/bin/cmake --build /home/lrs-ubuntu/Desktop/LRS/LRS-FEI/workspace/build/template_drone_control -- -j12 -l12
[0.098s] [35m[1mScanning dependencies of target template_drone_control_node[0m
[0.125s] [ 50%] [32mBuilding CXX object CMakeFiles/template_drone_control_node.dir/src/template_drone_control_node.cpp.o[0m
[7.899s] /home/lrs-ubuntu/Desktop/LRS/LRS-FEI/workspace/src/template_drone_control/src/template_drone_control_node.cpp: In member function ‘void TemplateDroneControl::send_position_command(float, float, float, float)’:
[7.899s] /home/lrs-ubuntu/Desktop/LRS/LRS-FEI/workspace/src/template_drone_control/src/template_drone_control_node.cpp:294:9: error: ‘p0x’ was not declared in this scope
[7.900s]   294 |         p0x = current_local_pos_.pose.position.x;
[7.900s]       |         ^~~
[7.900s] /home/lrs-ubuntu/Desktop/LRS/LRS-FEI/workspace/src/template_drone_control/src/template_drone_control_node.cpp:295:9: error: ‘p0y’ was not declared in this scope
[7.900s]   295 |         p0y = current_local_pos_.pose.position.y;
[7.900s]       |         ^~~
[7.900s] /home/lrs-ubuntu/Desktop/LRS/LRS-FEI/workspace/src/template_drone_control/src/template_drone_control_node.cpp:296:9: error: ‘p0z’ was not declared in this scope
[7.900s]   296 |         p0z = current_local_pos_.pose.position.z;
[7.900s]       |         ^~~
[7.900s] /home/lrs-ubuntu/Desktop/LRS/LRS-FEI/workspace/src/template_drone_control/src/template_drone_control_node.cpp:303:43: error: ‘mavros_msgs::PositionTarget’ has not been declared
[7.900s]   303 |         setpoint.type_mask = mavros_msgs::PositionTarget::IGNORE_AFX |
[7.900s]       |                                           ^~~~~~~~~~~~~~
[7.900s] /home/lrs-ubuntu/Desktop/LRS/LRS-FEI/workspace/src/template_drone_control/src/template_drone_control_node.cpp:304:38: error: ‘mavros_msgs::PositionTarget’ has not been declared
[7.900s]   304 |                         mavros_msgs::PositionTarget::IGNORE_AFY |
[7.900s]       |                                      ^~~~~~~~~~~~~~
[7.900s] /home/lrs-ubuntu/Desktop/LRS/LRS-FEI/workspace/src/template_drone_control/src/template_drone_control_node.cpp:305:38: error: ‘mavros_msgs::PositionTarget’ has not been declared
[7.900s]   305 |                         mavros_msgs::PositionTarget::IGNORE_AFZ |
[7.900s]       |                                      ^~~~~~~~~~~~~~
[7.900s] /home/lrs-ubuntu/Desktop/LRS/LRS-FEI/workspace/src/template_drone_control/src/template_drone_control_node.cpp:306:38: error: ‘mavros_msgs::PositionTarget’ has not been declared
[7.900s]   306 |                         mavros_msgs::PositionTarget::FORCE;
[7.901s]       |                                      ^~~~~~~~~~~~~~
[7.901s] /home/lrs-ubuntu/Desktop/LRS/LRS-FEI/workspace/src/template_drone_control/src/template_drone_control_node.cpp:310:18: error: ‘using PositionTarget = struct mavros_msgs::msg::PositionTarget_<std::allocator<void> >’ {aka ‘struct mavros_msgs::msg::PositionTarget_<std::allocator<void> >’} has no member named ‘orientation’
[7.901s]   310 |         setpoint.orientation.x = q.x();
[7.901s]       |                  ^~~~~~~~~~~
[7.901s] /home/lrs-ubuntu/Desktop/LRS/LRS-FEI/workspace/src/template_drone_control/src/template_drone_control_node.cpp:311:18: error: ‘using PositionTarget = struct mavros_msgs::msg::PositionTarget_<std::allocator<void> >’ {aka ‘struct mavros_msgs::msg::PositionTarget_<std::allocator<void> >’} has no member named ‘orientation’
[7.901s]   311 |         setpoint.orientation.y = q.y();
[7.901s]       |                  ^~~~~~~~~~~
[7.901s] /home/lrs-ubuntu/Desktop/LRS/LRS-FEI/workspace/src/template_drone_control/src/template_drone_control_node.cpp:312:18: error: ‘using PositionTarget = struct mavros_msgs::msg::PositionTarget_<std::allocator<void> >’ {aka ‘struct mavros_msgs::msg::PositionTarget_<std::allocator<void> >’} has no member named ‘orientation’
[7.901s]   312 |         setpoint.orientation.z = q.z();
[7.901s]       |                  ^~~~~~~~~~~
[7.901s] /home/lrs-ubuntu/Desktop/LRS/LRS-FEI/workspace/src/template_drone_control/src/template_drone_control_node.cpp:313:18: error: ‘using PositionTarget = struct mavros_msgs::msg::PositionTarget_<std::allocator<void> >’ {aka ‘struct mavros_msgs::msg::PositionTarget_<std::allocator<void> >’} has no member named ‘orientation’
[7.901s]   313 |         setpoint.orientation.w = q.w();
[7.901s]       |                  ^~~~~~~~~~~
[7.901s] /home/lrs-ubuntu/Desktop/LRS/LRS-FEI/workspace/src/template_drone_control/src/template_drone_control_node.cpp:322:20: error: ‘msg’ was not declared in this scope
[7.901s]   322 |         position = msg;
[7.901s]       |                    ^~~
[7.901s] /home/lrs-ubuntu/Desktop/LRS/LRS-FEI/workspace/src/template_drone_control/src/template_drone_control_node.cpp:322:20: note: suggested alternatives:
[7.901s] In file included from /opt/ros/foxy/include/builtin_interfaces/msg/duration.hpp:7,
[7.902s]                  from /opt/ros/foxy/include/rclcpp/duration.hpp:20,
[7.902s]                  from /opt/ros/foxy/include/rclcpp/qos.hpp:20,
[7.902s]                  from /opt/ros/foxy/include/rclcpp/node_interfaces/node_graph_interface.hpp:31,
[7.902s]                  from /opt/ros/foxy/include/rclcpp/client.hpp:34,
[7.902s]                  from /opt/ros/foxy/include/rclcpp/callback_group.hpp:23,
[7.902s]                  from /opt/ros/foxy/include/rclcpp/any_executable.hpp:20,
[7.902s]                  from /opt/ros/foxy/include/rclcpp/memory_strategy.hpp:24,
[7.902s]                  from /opt/ros/foxy/include/rclcpp/memory_strategies.hpp:18,
[7.902s]                  from /opt/ros/foxy/include/rclcpp/executor_options.hpp:20,
[7.902s]                  from /opt/ros/foxy/include/rclcpp/executor.hpp:33,
[7.902s]                  from /opt/ros/foxy/include/rclcpp/executors/multi_threaded_executor.hpp:26,
[7.902s]                  from /opt/ros/foxy/include/rclcpp/executors.hpp:21,
[7.902s]                  from /opt/ros/foxy/include/rclcpp/rclcpp.hpp:146,
[7.902s]                  from /home/lrs-ubuntu/Desktop/LRS/LRS-FEI/workspace/src/template_drone_control/src/template_drone_control_node.cpp:1:
[7.902s] /opt/ros/foxy/include/builtin_interfaces/msg/detail/duration__struct.hpp:26:11: note:   ‘builtin_interfaces::msg’
[7.902s]    26 | namespace msg
[7.902s]       |           ^~~
[7.902s] In file included from /opt/ros/foxy/include/statistics_msgs/msg/detail/metrics_message__struct.hpp:22,
[7.903s]                  from /opt/ros/foxy/include/statistics_msgs/msg/metrics_message.hpp:7,
[7.903s]                  from /opt/ros/foxy/include/libstatistics_collector/collector/generate_statistics_message.hpp:21,
[7.903s]                  from /opt/ros/foxy/include/rclcpp/topic_statistics/subscription_topic_statistics.hpp:23,
[7.903s]                  from /opt/ros/foxy/include/rclcpp/subscription.hpp:50,
[7.903s]                  from /opt/ros/foxy/include/rclcpp/any_executable.hpp:25,
[7.903s]                  from /opt/ros/foxy/include/rclcpp/memory_strategy.hpp:24,
[7.903s]                  from /opt/ros/foxy/include/rclcpp/memory_strategies.hpp:18,
[7.903s]                  from /opt/ros/foxy/include/rclcpp/executor_options.hpp:20,
[7.903s]                  from /opt/ros/foxy/include/rclcpp/executor.hpp:33,
[7.903s]                  from /opt/ros/foxy/include/rclcpp/executors/multi_threaded_executor.hpp:26,
[7.903s]                  from /opt/ros/foxy/include/rclcpp/executors.hpp:21,
[7.903s]                  from /opt/ros/foxy/include/rclcpp/rclcpp.hpp:146,
[7.903s]                  from /home/lrs-ubuntu/Desktop/LRS/LRS-FEI/workspace/src/template_drone_control/src/template_drone_control_node.cpp:1:
[7.903s] /opt/ros/foxy/include/statistics_msgs/msg/detail/statistic_data_point__struct.hpp:26:11: note:   ‘statistics_msgs::msg’
[7.903s]    26 | namespace msg
[7.903s]       |           ^~~
[7.903s] In file included from /opt/ros/foxy/include/rcl_interfaces/msg/list_parameters_result.hpp:7,
[7.903s]                  from /opt/ros/foxy/include/rclcpp/node.hpp:34,
[7.903s]                  from /opt/ros/foxy/include/rclcpp/executors/single_threaded_executor.hpp:28,
[7.904s]                  from /opt/ros/foxy/include/rclcpp/executors.hpp:22,
[7.904s]                  from /opt/ros/foxy/include/rclcpp/rclcpp.hpp:146,
[7.904s]                  from /home/lrs-ubuntu/Desktop/LRS/LRS-FEI/workspace/src/template_drone_control/src/template_drone_control_node.cpp:1:
[7.904s] /opt/ros/foxy/include/rcl_interfaces/msg/detail/list_parameters_result__struct.hpp:26:11: note:   ‘rcl_interfaces::msg’
[7.904s]    26 | namespace msg
[7.904s]       |           ^~~
[7.904s] In file included from /opt/ros/foxy/include/geometry_msgs/msg/detail/pose_stamped__struct.hpp:19,
[7.904s]                  from /opt/ros/foxy/include/geometry_msgs/msg/pose_stamped.hpp:7,
[7.904s]                  from /home/lrs-ubuntu/Desktop/LRS/LRS-FEI/workspace/src/template_drone_control/src/template_drone_control_node.cpp:2:
[7.904s] /opt/ros/foxy/include/std_msgs/msg/detail/header__struct.hpp:30:11: note:   ‘std_msgs::msg’
[7.904s]    30 | namespace msg
[7.904s]       |           ^~~
[7.904s] In file included from /opt/ros/foxy/include/geometry_msgs/msg/detail/pose__struct.hpp:19,
[7.904s]                  from /opt/ros/foxy/include/geometry_msgs/msg/detail/pose_stamped__struct.hpp:21,
[7.904s]                  from /opt/ros/foxy/include/geometry_msgs/msg/pose_stamped.hpp:7,
[7.904s]                  from /home/lrs-ubuntu/Desktop/LRS/LRS-FEI/workspace/src/template_drone_control/src/template_drone_control_node.cpp:2:
[7.904s] /opt/ros/foxy/include/geometry_msgs/msg/detail/point__struct.hpp:26:11: note:   ‘geometry_msgs::msg’
[7.904s]    26 | namespace msg
[7.904s]       |           ^~~
[7.905s] In file included from /opt/ros/foxy/include/mavros_msgs/msg/state.hpp:7,
[7.905s]                  from /home/lrs-ubuntu/Desktop/LRS/LRS-FEI/workspace/src/template_drone_control/src/template_drone_control_node.cpp:3:
[7.905s] /opt/ros/foxy/include/mavros_msgs/msg/detail/state__struct.hpp:30:11: note:   ‘mavros_msgs::msg’
[7.905s]    30 | namespace msg
[7.905s]       |           ^~~
[7.905s] make[2]: *** [CMakeFiles/template_drone_control_node.dir/build.make:63: CMakeFiles/template_drone_control_node.dir/src/template_drone_control_node.cpp.o] Error 1
[7.905s] make[1]: *** [CMakeFiles/Makefile2:105: CMakeFiles/template_drone_control_node.dir/all] Error 2
[7.905s] make: *** [Makefile:141: all] Error 2
[7.909s] Invoked command in '/home/lrs-ubuntu/Desktop/LRS/LRS-FEI/workspace/build/template_drone_control' returned '2': CMAKE_PREFIX_PATH=/opt/ros/foxy /usr/bin/cmake --build /home/lrs-ubuntu/Desktop/LRS/LRS-FEI/workspace/build/template_drone_control -- -j12 -l12
