[0.036s] Invoking command in '/home/lrs-ubuntu/Desktop/LRS/LRS-FEI/workspace/build/template_drone_control': CMAKE_PREFIX_PATH=/opt/ros/foxy /usr/bin/cmake --build /home/lrs-ubuntu/Desktop/LRS/LRS-FEI/workspace/build/template_drone_control -- -j12 -l12
[0.115s] [35m[1mScanning dependencies of target template_drone_control_node[0m
[0.168s] [ 50%] [32mBuilding CXX object CMakeFiles/template_drone_control_node.dir/src/template_drone_control_node.cpp.o[0m
[13.839s] [100%] [32m[1mLinking CXX executable template_drone_control_node[0m
[14.801s] [100%] Built target template_drone_control_node
[14.823s] Invoked command in '/home/lrs-ubuntu/Desktop/LRS/LRS-FEI/workspace/build/template_drone_control' returned '0': CMAKE_PREFIX_PATH=/opt/ros/foxy /usr/bin/cmake --build /home/lrs-ubuntu/Desktop/LRS/LRS-FEI/workspace/build/template_drone_control -- -j12 -l12
[14.884s] Invoking command in '/home/lrs-ubuntu/Desktop/LRS/LRS-FEI/workspace/build/template_drone_control': CMAKE_PREFIX_PATH=/opt/ros/foxy /usr/bin/cmake --install /home/lrs-ubuntu/Desktop/LRS/LRS-FEI/workspace/build/template_drone_control
[14.905s] -- Install configuration: ""
[14.906s] -- Installing: /home/lrs-ubuntu/Desktop/LRS/LRS-FEI/workspace/install/template_drone_control/lib/template_drone_control/template_drone_control_node
[14.911s] -- Set runtime path of "/home/lrs-ubuntu/Desktop/LRS/LRS-FEI/workspace/install/template_drone_control/lib/template_drone_control/template_drone_control_node" to ""
[14.911s] -- Up-to-date: /home/lrs-ubuntu/Desktop/LRS/LRS-FEI/workspace/install/template_drone_control/share/ament_index/resource_index/package_run_dependencies/template_drone_control
[14.911s] -- Up-to-date: /home/lrs-ubuntu/Desktop/LRS/LRS-FEI/workspace/install/template_drone_control/share/ament_index/resource_index/parent_prefix_path/template_drone_control
[14.912s] -- Up-to-date: /home/lrs-ubuntu/Desktop/LRS/LRS-FEI/workspace/install/template_drone_control/share/template_drone_control/environment/ament_prefix_path.sh
[14.912s] -- Up-to-date: /home/lrs-ubuntu/Desktop/LRS/LRS-FEI/workspace/install/template_drone_control/share/template_drone_control/environment/ament_prefix_path.dsv
[14.912s] -- Up-to-date: /home/lrs-ubuntu/Desktop/LRS/LRS-FEI/workspace/install/template_drone_control/share/template_drone_control/environment/path.sh
[14.912s] -- Up-to-date: /home/lrs-ubuntu/Desktop/LRS/LRS-FEI/workspace/install/template_drone_control/share/template_drone_control/environment/path.dsv
[14.912s] -- Up-to-date: /home/lrs-ubuntu/Desktop/LRS/LRS-FEI/workspace/install/template_drone_control/share/template_drone_control/local_setup.bash
[14.912s] -- Up-to-date: /home/lrs-ubuntu/Desktop/LRS/LRS-FEI/workspace/install/template_drone_control/share/template_drone_control/local_setup.sh
[14.912s] -- Up-to-date: /home/lrs-ubuntu/Desktop/LRS/LRS-FEI/workspace/install/template_drone_control/share/template_drone_control/local_setup.zsh
[14.912s] -- Up-to-date: /home/lrs-ubuntu/Desktop/LRS/LRS-FEI/workspace/install/template_drone_control/share/template_drone_control/local_setup.dsv
[14.912s] -- Installing: /home/lrs-ubuntu/Desktop/LRS/LRS-FEI/workspace/install/template_drone_control/share/template_drone_control/package.dsv
[14.912s] -- Up-to-date: /home/lrs-ubuntu/Desktop/LRS/LRS-FEI/workspace/install/template_drone_control/share/ament_index/resource_index/packages/template_drone_control
[14.912s] -- Up-to-date: /home/lrs-ubuntu/Desktop/LRS/LRS-FEI/workspace/install/template_drone_control/share/template_drone_control/cmake/template_drone_controlConfig.cmake
[14.912s] -- Up-to-date: /home/lrs-ubuntu/Desktop/LRS/LRS-FEI/workspace/install/template_drone_control/share/template_drone_control/cmake/template_drone_controlConfig-version.cmake
[14.912s] -- Up-to-date: /home/lrs-ubuntu/Desktop/LRS/LRS-FEI/workspace/install/template_drone_control/share/template_drone_control/package.xml
[14.914s] Invoked command in '/home/lrs-ubuntu/Desktop/LRS/LRS-FEI/workspace/build/template_drone_control' returned '0': CMAKE_PREFIX_PATH=/opt/ros/foxy /usr/bin/cmake --install /home/lrs-ubuntu/Desktop/LRS/LRS-FEI/workspace/build/template_drone_control
