[0.019s] Invoking command in '/home/lrs-ubuntu/Desktop/LRS/LRS-FEI/workspace/build/template_drone_control': CMAKE_PREFIX_PATH=/opt/ros/foxy /usr/bin/cmake --build /home/lrs-ubuntu/Desktop/LRS/LRS-FEI/workspace/build/template_drone_control -- -j12 -l12
[0.054s] [35m[1mScanning dependencies of target template_drone_control_node[0m
[0.084s] [ 50%] [32mBuilding CXX object CMakeFiles/template_drone_control_node.dir/src/template_drone_control_node.cpp.o[0m
[7.414s] /home/lrs-ubuntu/Desktop/LRS/LRS-FEI/workspace/src/template_drone_control/src/template_drone_control_node.cpp: In member function ‘void TemplateDroneControl::send_position_command(float, float, float, float)’:
[7.414s] /home/lrs-ubuntu/Desktop/LRS/LRS-FEI/workspace/src/template_drone_control/src/template_drone_control_node.cpp:346:16: warning: variable ‘velocityX’ set but not used [-Wunused-but-set-variable]
[7.414s]   346 |         double velocityX;
[7.414s]       |                ^~~~~~~~~
[7.414s] /home/lrs-ubuntu/Desktop/LRS/LRS-FEI/workspace/src/template_drone_control/src/template_drone_control_node.cpp:347:16: warning: variable ‘velocityY’ set but not used [-Wunused-but-set-variable]
[7.414s]   347 |         double velocityY;
[7.414s]       |                ^~~~~~~~~
[7.414s] /home/lrs-ubuntu/Desktop/LRS/LRS-FEI/workspace/src/template_drone_control/src/template_drone_control_node.cpp:348:16: warning: variable ‘velocityZ’ set but not used [-Wunused-but-set-variable]
[7.414s]   348 |         double velocityZ;
[7.414s]       |                ^~~~~~~~~
[7.414s] /home/lrs-ubuntu/Desktop/LRS/LRS-FEI/workspace/src/template_drone_control/src/template_drone_control_node.cpp:349:16: warning: unused variable ‘accX’ [-Wunused-variable]
[7.414s]   349 |         double accX;
[7.414s]       |                ^~~~
[7.414s] /home/lrs-ubuntu/Desktop/LRS/LRS-FEI/workspace/src/template_drone_control/src/template_drone_control_node.cpp:350:16: warning: unused variable ‘accY’ [-Wunused-variable]
[7.414s]   350 |         double accY;
[7.414s]       |                ^~~~
[7.414s] /home/lrs-ubuntu/Desktop/LRS/LRS-FEI/workspace/src/template_drone_control/src/template_drone_control_node.cpp:351:16: warning: unused variable ‘accZ’ [-Wunused-variable]
[7.415s]   351 |         double accZ;
[7.417s]       |                ^~~~
[7.417s] /home/lrs-ubuntu/Desktop/LRS/LRS-FEI/workspace/src/template_drone_control/src/template_drone_control_node.cpp: In member function ‘void TemplateDroneControl::localSetpointCallback(mavros_msgs::msg::PositionTarget_<std::allocator<void> >::SharedPtr)’:
[7.417s] /home/lrs-ubuntu/Desktop/LRS/LRS-FEI/workspace/src/template_drone_control/src/template_drone_control_node.cpp:791:40: error: ‘using _header_type = struct std_msgs::msg::Header_<std::allocator<void> >’ {aka ‘struct std_msgs::msg::Header_<std::allocator<void> >’} has no member named ‘seq’
[7.417s]   791 |         ss << "  Seq: " << msg->header.seq << "\n";
[7.417s]       |                                        ^~~
[7.417s] make[2]: *** [CMakeFiles/template_drone_control_node.dir/build.make:63: CMakeFiles/template_drone_control_node.dir/src/template_drone_control_node.cpp.o] Error 1
[7.417s] make[1]: *** [CMakeFiles/Makefile2:105: CMakeFiles/template_drone_control_node.dir/all] Error 2
[7.417s] make: *** [Makefile:141: all] Error 2
[7.418s] Invoked command in '/home/lrs-ubuntu/Desktop/LRS/LRS-FEI/workspace/build/template_drone_control' returned '2': CMAKE_PREFIX_PATH=/opt/ros/foxy /usr/bin/cmake --build /home/lrs-ubuntu/Desktop/LRS/LRS-FEI/workspace/build/template_drone_control -- -j12 -l12
