[0.019s] Invoking command in '/home/lrs-ubuntu/Desktop/LRS/LRS-FEI/workspace/build/template_drone_control': CMAKE_PREFIX_PATH=${CMAKE_PREFIX_PATH}:/opt/ros/foxy /usr/bin/cmake --build /home/lrs-ubuntu/Desktop/LRS/LRS-FEI/workspace/build/template_drone_control -- -j12 -l12
[0.116s] [35m[1mScanning dependencies of target template_drone_control_node[0m
[0.161s] [ 50%] [32mBuilding CXX object CMakeFiles/template_drone_control_node.dir/src/template_drone_control_node.cpp.o[0m
[8.089s] /home/lrs-ubuntu/Desktop/LRS/LRS-FEI/workspace/src/template_drone_control/src/template_drone_control_node.cpp: In member function ‘void TemplateDroneControl::send_position_command(float, float, float, float)’:
[8.089s] /home/lrs-ubuntu/Desktop/LRS/LRS-FEI/workspace/src/template_drone_control/src/template_drone_control_node.cpp:314:79: error: expected ‘;’ before ‘setpoint’
[8.089s]   314 |         setpoint.type_mask = mavros_msgs::msg::PositionTarget::IGNORE_YAW_RATE
[8.089s]       |                                                                               ^
[8.089s]       |                                                                               ;
[8.089s]   315 |         setpoint.coordinate_frame = mavros_msgs::msg::PositionTarget::FRAME_LOCAL_NED
[8.089s]       |         ~~~~~~~~                                                               
[8.090s] /home/lrs-ubuntu/Desktop/LRS/LRS-FEI/workspace/src/template_drone_control/src/template_drone_control_node.cpp:319:18: error: ‘roll’ was not declared in this scope
[8.090s]   319 |         m.getRPY(roll, pitch, yaw);
[8.090s]       |                  ^~~~
[8.090s] /home/lrs-ubuntu/Desktop/LRS/LRS-FEI/workspace/src/template_drone_control/src/template_drone_control_node.cpp:319:24: error: ‘pitch’ was not declared in this scope
[8.090s]   319 |         m.getRPY(roll, pitch, yaw);
[8.090s]       |                        ^~~~~
[8.090s] /home/lrs-ubuntu/Desktop/LRS/LRS-FEI/workspace/src/template_drone_control/src/template_drone_control_node.cpp:319:31: error: ‘yaw’ was not declared in this scope
[8.090s]   319 |         m.getRPY(roll, pitch, yaw);
[8.090s]       |                               ^~~
[8.090s] /home/lrs-ubuntu/Desktop/LRS/LRS-FEI/workspace/src/template_drone_control/src/template_drone_control_node.cpp:355:13: error: ‘posX’ was not declared in this scope
[8.090s]   355 |             posX = pCX(0) + pCX(1)*t + pCX(2)*pow(t,2) + pCX(3)*pow(t,3) + pCX(4)*pow(t,4) + pCX(5)*pow(t,5);
[8.090s]       |             ^~~~
[8.090s] /home/lrs-ubuntu/Desktop/LRS/LRS-FEI/workspace/src/template_drone_control/src/template_drone_control_node.cpp:356:13: error: ‘posY’ was not declared in this scope
[8.090s]   356 |             posY = pCY(0) + pCY(1)*t + pCY(2)*pow(t,2) + pCY(3)*pow(t,3) + pCY(4)*pow(t,4) + pCY(5)*pow(t,5);
[8.090s]       |             ^~~~
[8.090s] /home/lrs-ubuntu/Desktop/LRS/LRS-FEI/workspace/src/template_drone_control/src/template_drone_control_node.cpp:357:13: error: ‘posZ’ was not declared in this scope
[8.090s]   357 |             posZ = pCZ(0) + pCZ(1)*t + pCZ(2)*pow(t,2) + pCZ(3)*pow(t,3) + pCZ(4)*pow(t,4) + pCZ(5)*pow(t,5)
[8.091s]       |             ^~~~
[8.091s] make[2]: *** [CMakeFiles/template_drone_control_node.dir/build.make:63: CMakeFiles/template_drone_control_node.dir/src/template_drone_control_node.cpp.o] Error 1
[8.091s] make[1]: *** [CMakeFiles/Makefile2:105: CMakeFiles/template_drone_control_node.dir/all] Error 2
[8.091s] make: *** [Makefile:141: all] Error 2
[8.093s] Invoked command in '/home/lrs-ubuntu/Desktop/LRS/LRS-FEI/workspace/build/template_drone_control' returned '2': CMAKE_PREFIX_PATH=${CMAKE_PREFIX_PATH}:/opt/ros/foxy /usr/bin/cmake --build /home/lrs-ubuntu/Desktop/LRS/LRS-FEI/workspace/build/template_drone_control -- -j12 -l12
