[0.026s] Invoking command in '/home/lrs-ubuntu/Desktop/LRS/LRS-FEI/workspace/build/template_drone_control': CMAKE_PREFIX_PATH=/opt/ros/foxy /usr/bin/cmake --build /home/lrs-ubuntu/Desktop/LRS/LRS-FEI/workspace/build/template_drone_control -- -j12 -l12
[0.119s] [35m[1mScanning dependencies of target template_drone_control_node[0m
[0.177s] [ 50%] [32mBuilding CXX object CMakeFiles/template_drone_control_node.dir/src/template_drone_control_node.cpp.o[0m
[8.616s] /home/lrs-ubuntu/Desktop/LRS/LRS-FEI/workspace/src/template_drone_control/src/template_drone_control_node.cpp: In member function ‘void TemplateDroneControl::rotate_drone_action(float)’:
[8.616s] /home/lrs-ubuntu/Desktop/LRS/LRS-FEI/workspace/src/template_drone_control/src/template_drone_control_node.cpp:218:9: error: ‘msg’ was not declared in this scope
[8.616s]   218 |         msg.pose.orientation.x = q.x();
[8.616s]       |         ^~~
[8.616s] /home/lrs-ubuntu/Desktop/LRS/LRS-FEI/workspace/src/template_drone_control/src/template_drone_control_node.cpp:218:9: note: suggested alternatives:
[8.617s] In file included from /opt/ros/foxy/include/builtin_interfaces/msg/duration.hpp:7,
[8.617s]                  from /opt/ros/foxy/include/rclcpp/duration.hpp:20,
[8.617s]                  from /opt/ros/foxy/include/rclcpp/qos.hpp:20,
[8.617s]                  from /opt/ros/foxy/include/rclcpp/node_interfaces/node_graph_interface.hpp:31,
[8.617s]                  from /opt/ros/foxy/include/rclcpp/client.hpp:34,
[8.617s]                  from /opt/ros/foxy/include/rclcpp/callback_group.hpp:23,
[8.617s]                  from /opt/ros/foxy/include/rclcpp/any_executable.hpp:20,
[8.617s]                  from /opt/ros/foxy/include/rclcpp/memory_strategy.hpp:24,
[8.617s]                  from /opt/ros/foxy/include/rclcpp/memory_strategies.hpp:18,
[8.618s]                  from /opt/ros/foxy/include/rclcpp/executor_options.hpp:20,
[8.618s]                  from /opt/ros/foxy/include/rclcpp/executor.hpp:33,
[8.618s]                  from /opt/ros/foxy/include/rclcpp/executors/multi_threaded_executor.hpp:26,
[8.618s]                  from /opt/ros/foxy/include/rclcpp/executors.hpp:21,
[8.618s]                  from /opt/ros/foxy/include/rclcpp/rclcpp.hpp:146,
[8.618s]                  from /home/lrs-ubuntu/Desktop/LRS/LRS-FEI/workspace/src/template_drone_control/src/template_drone_control_node.cpp:1:
[8.618s] /opt/ros/foxy/include/builtin_interfaces/msg/detail/duration__struct.hpp:26:11: note:   ‘builtin_interfaces::msg’
[8.618s]    26 | namespace msg
[8.618s]       |           ^~~
[8.618s] In file included from /opt/ros/foxy/include/statistics_msgs/msg/detail/metrics_message__struct.hpp:22,
[8.618s]                  from /opt/ros/foxy/include/statistics_msgs/msg/metrics_message.hpp:7,
[8.618s]                  from /opt/ros/foxy/include/libstatistics_collector/collector/generate_statistics_message.hpp:21,
[8.618s]                  from /opt/ros/foxy/include/rclcpp/topic_statistics/subscription_topic_statistics.hpp:23,
[8.619s]                  from /opt/ros/foxy/include/rclcpp/subscription.hpp:50,
[8.619s]                  from /opt/ros/foxy/include/rclcpp/any_executable.hpp:25,
[8.619s]                  from /opt/ros/foxy/include/rclcpp/memory_strategy.hpp:24,
[8.619s]                  from /opt/ros/foxy/include/rclcpp/memory_strategies.hpp:18,
[8.619s]                  from /opt/ros/foxy/include/rclcpp/executor_options.hpp:20,
[8.620s]                  from /opt/ros/foxy/include/rclcpp/executor.hpp:33,
[8.620s]                  from /opt/ros/foxy/include/rclcpp/executors/multi_threaded_executor.hpp:26,
[8.621s]                  from /opt/ros/foxy/include/rclcpp/executors.hpp:21,
[8.621s]                  from /opt/ros/foxy/include/rclcpp/rclcpp.hpp:146,
[8.621s]                  from /home/lrs-ubuntu/Desktop/LRS/LRS-FEI/workspace/src/template_drone_control/src/template_drone_control_node.cpp:1:
[8.622s] /opt/ros/foxy/include/statistics_msgs/msg/detail/statistic_data_point__struct.hpp:26:11: note:   ‘statistics_msgs::msg’
[8.622s]    26 | namespace msg
[8.623s]       |           ^~~
[8.629s] In file included from /opt/ros/foxy/include/rcl_interfaces/msg/list_parameters_result.hpp:7,
[8.630s]                  from /opt/ros/foxy/include/rclcpp/node.hpp:34,
[8.630s]                  from /opt/ros/foxy/include/rclcpp/executors/single_threaded_executor.hpp:28,
[8.631s]                  from /opt/ros/foxy/include/rclcpp/executors.hpp:22,
[8.631s]                  from /opt/ros/foxy/include/rclcpp/rclcpp.hpp:146,
[8.631s]                  from /home/lrs-ubuntu/Desktop/LRS/LRS-FEI/workspace/src/template_drone_control/src/template_drone_control_node.cpp:1:
[8.631s] /opt/ros/foxy/include/rcl_interfaces/msg/detail/list_parameters_result__struct.hpp:26:11: note:   ‘rcl_interfaces::msg’
[8.631s]    26 | namespace msg
[8.631s]       |           ^~~
[8.632s] In file included from /opt/ros/foxy/include/geometry_msgs/msg/detail/pose_stamped__struct.hpp:19,
[8.632s]                  from /opt/ros/foxy/include/geometry_msgs/msg/pose_stamped.hpp:7,
[8.632s]                  from /home/lrs-ubuntu/Desktop/LRS/LRS-FEI/workspace/src/template_drone_control/src/template_drone_control_node.cpp:2:
[8.632s] /opt/ros/foxy/include/std_msgs/msg/detail/header__struct.hpp:30:11: note:   ‘std_msgs::msg’
[8.632s]    30 | namespace msg
[8.632s]       |           ^~~
[8.632s] In file included from /opt/ros/foxy/include/geometry_msgs/msg/detail/pose__struct.hpp:19,
[8.632s]                  from /opt/ros/foxy/include/geometry_msgs/msg/detail/pose_stamped__struct.hpp:21,
[8.632s]                  from /opt/ros/foxy/include/geometry_msgs/msg/pose_stamped.hpp:7,
[8.632s]                  from /home/lrs-ubuntu/Desktop/LRS/LRS-FEI/workspace/src/template_drone_control/src/template_drone_control_node.cpp:2:
[8.633s] /opt/ros/foxy/include/geometry_msgs/msg/detail/point__struct.hpp:26:11: note:   ‘geometry_msgs::msg’
[8.633s]    26 | namespace msg
[8.633s]       |           ^~~
[8.633s] In file included from /opt/ros/foxy/include/mavros_msgs/msg/state.hpp:7,
[8.633s]                  from /home/lrs-ubuntu/Desktop/LRS/LRS-FEI/workspace/src/template_drone_control/src/template_drone_control_node.cpp:3:
[8.633s] /opt/ros/foxy/include/mavros_msgs/msg/detail/state__struct.hpp:30:11: note:   ‘mavros_msgs::msg’
[8.633s]    30 | namespace msg
[8.633s]       |           ^~~
[8.633s] /home/lrs-ubuntu/Desktop/LRS/LRS-FEI/workspace/src/template_drone_control/src/template_drone_control_node.cpp:226:25: error: ‘precision’ was not declared in this scope; did you mean ‘hard_precision’?
[8.634s]   226 |         while(yaw_err > precision)
[8.634s]       |                         ^~~~~~~~~
[8.634s]       |                         hard_precision
[8.634s] /home/lrs-ubuntu/Desktop/LRS/LRS-FEI/workspace/src/template_drone_control/src/template_drone_control_node.cpp: In member function ‘void TemplateDroneControl::load_points_from_csv(const string&)’:
[8.634s] /home/lrs-ubuntu/Desktop/LRS/LRS-FEI/workspace/src/template_drone_control/src/template_drone_control_node.cpp:525:37: error: variable ‘std::ifstream file’ has initializer but incomplete type
[8.634s]   525 |         std::ifstream file(file_path);
[8.634s]       |                                     ^
[8.634s] make[2]: *** [CMakeFiles/template_drone_control_node.dir/build.make:63: CMakeFiles/template_drone_control_node.dir/src/template_drone_control_node.cpp.o] Error 1
[8.635s] make[1]: *** [CMakeFiles/Makefile2:105: CMakeFiles/template_drone_control_node.dir/all] Error 2
[8.635s] make: *** [Makefile:141: all] Error 2
[8.635s] Invoked command in '/home/lrs-ubuntu/Desktop/LRS/LRS-FEI/workspace/build/template_drone_control' returned '2': CMAKE_PREFIX_PATH=/opt/ros/foxy /usr/bin/cmake --build /home/lrs-ubuntu/Desktop/LRS/LRS-FEI/workspace/build/template_drone_control -- -j12 -l12
