[0.012s] Invoking command in '/home/lrs-ubuntu/Desktop/LRS/LRS-FEI/workspace/build/template_drone_control': CMAKE_PREFIX_PATH=/opt/ros/foxy /usr/bin/cmake --build /home/lrs-ubuntu/Desktop/LRS/LRS-FEI/workspace/build/template_drone_control -- -j12 -l12
[0.058s] [35m[1mScanning dependencies of target template_drone_control_node[0m
[0.078s] [ 50%] [32mBuilding CXX object CMakeFiles/template_drone_control_node.dir/src/template_drone_control_node.cpp.o[0m
[3.746s] In file included from /opt/ros/foxy/include/rclcpp/client.hpp:40,
[3.746s]                  from /opt/ros/foxy/include/rclcpp/callback_group.hpp:23,
[3.746s]                  from /opt/ros/foxy/include/rclcpp/any_executable.hpp:20,
[3.746s]                  from /opt/ros/foxy/include/rclcpp/memory_strategy.hpp:24,
[3.746s]                  from /opt/ros/foxy/include/rclcpp/memory_strategies.hpp:18,
[3.746s]                  from /opt/ros/foxy/include/rclcpp/executor_options.hpp:20,
[3.746s]                  from /opt/ros/foxy/include/rclcpp/executor.hpp:33,
[3.746s]                  from /opt/ros/foxy/include/rclcpp/executors/multi_threaded_executor.hpp:26,
[3.746s]                  from /opt/ros/foxy/include/rclcpp/executors.hpp:21,
[3.746s]                  from /opt/ros/foxy/include/rclcpp/rclcpp.hpp:146,
[3.746s]                  from /home/lrs-ubuntu/Desktop/LRS/LRS-FEI/workspace/src/template_drone_control/src/template_drone_control_node.cpp:1:
[3.746s] /home/lrs-ubuntu/Desktop/LRS/LRS-FEI/workspace/src/template_drone_control/src/template_drone_control_node.cpp: In member function ‘tf2::Quaternion TemplateDroneControl::rotate_drone(float, float, float, float, float)’:
[3.747s] /home/lrs-ubuntu/Desktop/LRS/LRS-FEI/workspace/src/template_drone_control/src/template_drone_control_node.cpp:232:93: error: ‘yaw_err’ was not declared in this scope
[3.747s]   232 |         RCLCPP_INFO(this->get_logger(), "Target yaw %f - %f = %f", current_yaw, target_yaw, yaw_err);
[3.747s]       |                                                                                             ^~~~~~~
[3.747s] make[2]: *** [CMakeFiles/template_drone_control_node.dir/build.make:63: CMakeFiles/template_drone_control_node.dir/src/template_drone_control_node.cpp.o] Error 1
[3.747s] make[1]: *** [CMakeFiles/Makefile2:105: CMakeFiles/template_drone_control_node.dir/all] Error 2
[3.747s] make: *** [Makefile:141: all] Error 2
[3.748s] Invoked command in '/home/lrs-ubuntu/Desktop/LRS/LRS-FEI/workspace/build/template_drone_control' returned '2': CMAKE_PREFIX_PATH=/opt/ros/foxy /usr/bin/cmake --build /home/lrs-ubuntu/Desktop/LRS/LRS-FEI/workspace/build/template_drone_control -- -j12 -l12
