[0.041s] Invoking command in '/home/lrs-ubuntu/Desktop/LRS/LRS-FEI/workspace/build/template_drone_control': CMAKE_PREFIX_PATH=/opt/ros/foxy /usr/bin/cmake --build /home/lrs-ubuntu/Desktop/LRS/LRS-FEI/workspace/build/template_drone_control -- -j12 -l12
[0.153s] [35m[1mScanning dependencies of target template_drone_control_node[0m
[0.212s] [ 50%] [32mBuilding CXX object CMakeFiles/template_drone_control_node.dir/src/template_drone_control_node.cpp.o[0m
[8.621s] In file included from /opt/ros/foxy/include/rclcpp/service.hpp:34,
[8.622s]                  from /opt/ros/foxy/include/rclcpp/callback_group.hpp:25,
[8.623s]                  from /opt/ros/foxy/include/rclcpp/any_executable.hpp:20,
[8.624s]                  from /opt/ros/foxy/include/rclcpp/memory_strategy.hpp:24,
[8.625s]                  from /opt/ros/foxy/include/rclcpp/memory_strategies.hpp:18,
[8.625s]                  from /opt/ros/foxy/include/rclcpp/executor_options.hpp:20,
[8.625s]                  from /opt/ros/foxy/include/rclcpp/executor.hpp:33,
[8.625s]                  from /opt/ros/foxy/include/rclcpp/executors/multi_threaded_executor.hpp:26,
[8.626s]                  from /opt/ros/foxy/include/rclcpp/executors.hpp:21,
[8.626s]                  from /opt/ros/foxy/include/rclcpp/rclcpp.hpp:146,
[8.626s]                  from /home/lrs-ubuntu/Desktop/LRS/LRS-FEI/workspace/src/template_drone_control/src/template_drone_control_node.cpp:1:
[8.626s] /home/lrs-ubuntu/Desktop/LRS/LRS-FEI/workspace/src/template_drone_control/src/template_drone_control_node.cpp: In constructor ‘TemplateDroneControl::TemplateDroneControl()’:
[8.626s] /home/lrs-ubuntu/Desktop/LRS/LRS-FEI/workspace/src/template_drone_control/src/template_drone_control_node.cpp:46:36: error: ‘class TemplateDroneControl’ has no member named ‘set_mode_client_get_logger’
[8.626s]    46 |                 RCLCPP_ERROR(this->set_mode_client_get_logger(), "Interrupted while waiting for the set_mode service. Exiting.");
[8.626s]       |                                    ^~~~~~~~~~~~~~~~~~~~~~~~~~
[8.626s] /home/lrs-ubuntu/Desktop/LRS/LRS-FEI/workspace/src/template_drone_control/src/template_drone_control_node.cpp:46:36: error: ‘class TemplateDroneControl’ has no member named ‘set_mode_client_get_logger’
[8.627s] /home/lrs-ubuntu/Desktop/LRS/LRS-FEI/workspace/src/template_drone_control/src/template_drone_control_node.cpp:46:17: error: template argument 1 is invalid
[8.627s]    46 |                 RCLCPP_ERROR(this->set_mode_client_get_logger(), "Interrupted while waiting for the set_mode service. Exiting.");
[8.627s]       |                 ^~~~~~~~~~~~
[8.627s] /home/lrs-ubuntu/Desktop/LRS/LRS-FEI/workspace/src/template_drone_control/src/template_drone_control_node.cpp:46:17: error: template argument 1 is invalid
[8.627s]    46 |                 RCLCPP_ERROR(this->set_mode_client_get_logger(), "Interrupted while waiting for the set_mode service. Exiting.");
[8.627s]       |                 ^~~~~~~~~~~~
[8.628s] /home/lrs-ubuntu/Desktop/LRS/LRS-FEI/workspace/src/template_drone_control/src/template_drone_control_node.cpp:46:17: error: template argument 1 is invalid
[8.628s]    46 |                 RCLCPP_ERROR(this->set_mode_client_get_logger(), "Interrupted while waiting for the set_mode service. Exiting.");
[8.628s]       |                 ^~~~~~~~~~~~
[8.628s] In file included from /opt/ros/foxy/include/rclcpp/client.hpp:40,
[8.628s]                  from /opt/ros/foxy/include/rclcpp/callback_group.hpp:23,
[8.628s]                  from /opt/ros/foxy/include/rclcpp/any_executable.hpp:20,
[8.628s]                  from /opt/ros/foxy/include/rclcpp/memory_strategy.hpp:24,
[8.628s]                  from /opt/ros/foxy/include/rclcpp/memory_strategies.hpp:18,
[8.628s]                  from /opt/ros/foxy/include/rclcpp/executor_options.hpp:20,
[8.628s]                  from /opt/ros/foxy/include/rclcpp/executor.hpp:33,
[8.628s]                  from /opt/ros/foxy/include/rclcpp/executors/multi_threaded_executor.hpp:26,
[8.628s]                  from /opt/ros/foxy/include/rclcpp/executors.hpp:21,
[8.629s]                  from /opt/ros/foxy/include/rclcpp/rclcpp.hpp:146,
[8.629s]                  from /home/lrs-ubuntu/Desktop/LRS/LRS-FEI/workspace/src/template_drone_control/src/template_drone_control_node.cpp:1:
[8.631s] /home/lrs-ubuntu/Desktop/LRS/LRS-FEI/workspace/src/template_drone_control/src/template_drone_control_node.cpp:46:36: error: ‘class TemplateDroneControl’ has no member named ‘set_mode_client_get_logger’
[8.632s]    46 |                 RCLCPP_ERROR(this->set_mode_client_get_logger(), "Interrupted while waiting for the set_mode service. Exiting.");
[8.632s]       |                                    ^~~~~~~~~~~~~~~~~~~~~~~~~~
[8.632s] /home/lrs-ubuntu/Desktop/LRS/LRS-FEI/workspace/src/template_drone_control/src/template_drone_control_node.cpp:46:36: error: ‘class TemplateDroneControl’ has no member named ‘set_mode_client_get_logger’
[8.632s]    46 |                 RCLCPP_ERROR(this->set_mode_client_get_logger(), "Interrupted while waiting for the set_mode service. Exiting.");
[8.632s]       |                                    ^~~~~~~~~~~~~~~~~~~~~~~~~~
[8.632s] /home/lrs-ubuntu/Desktop/LRS/LRS-FEI/workspace/src/template_drone_control/src/template_drone_control_node.cpp: In member function ‘void TemplateDroneControl::set_guided(bool)’:
[8.632s] /home/lrs-ubuntu/Desktop/LRS/LRS-FEI/workspace/src/template_drone_control/src/template_drone_control_node.cpp:107:26: warning: unused parameter ‘arm’ [-Wunused-parameter]
[8.632s]   107 |     void set_guided(bool arm){
[8.632s]       |                     ~~~~~^~~
[8.632s] make[2]: *** [CMakeFiles/template_drone_control_node.dir/build.make:63: CMakeFiles/template_drone_control_node.dir/src/template_drone_control_node.cpp.o] Error 1
[8.632s] make[1]: *** [CMakeFiles/Makefile2:105: CMakeFiles/template_drone_control_node.dir/all] Error 2
[8.633s] make: *** [Makefile:141: all] Error 2
[8.633s] Invoked command in '/home/lrs-ubuntu/Desktop/LRS/LRS-FEI/workspace/build/template_drone_control' returned '2': CMAKE_PREFIX_PATH=/opt/ros/foxy /usr/bin/cmake --build /home/lrs-ubuntu/Desktop/LRS/LRS-FEI/workspace/build/template_drone_control -- -j12 -l12
