[0.021s] Invoking command in '/home/lrs-ubuntu/Desktop/LRS/LRS-FEI/workspace/build/template_drone_control': CMAKE_PREFIX_PATH=/opt/ros/foxy /usr/bin/cmake --build /home/lrs-ubuntu/Desktop/LRS/LRS-FEI/workspace/build/template_drone_control -- -j12 -l12
[0.090s] [35m[1mScanning dependencies of target template_drone_control_node[0m
[0.154s] [ 50%] [32mBuilding CXX object CMakeFiles/template_drone_control_node.dir/src/template_drone_control_node.cpp.o[0m
[6.184s] /home/lrs-ubuntu/Desktop/LRS/LRS-FEI/workspace/src/template_drone_control/src/template_drone_control_node.cpp: In member function ‘void TemplateDroneControl::global_to_local(float, float)’:
[6.184s] /home/lrs-ubuntu/Desktop/LRS/LRS-FEI/workspace/src/template_drone_control/src/template_drone_control_node.cpp:142:42: error: expected primary-expression before ‘.’ token
[6.184s]   142 |         float local_target_x = GlobalPose.x;
[6.184s]       |                                          ^
[6.184s] /home/lrs-ubuntu/Desktop/LRS/LRS-FEI/workspace/src/template_drone_control/src/template_drone_control_node.cpp:142:15: warning: unused variable ‘local_target_x’ [-Wunused-variable]
[6.184s]   142 |         float local_target_x = GlobalPose.x;
[6.184s]       |               ^~~~~~~~~~~~~~
[6.184s] /home/lrs-ubuntu/Desktop/LRS/LRS-FEI/workspace/src/template_drone_control/src/template_drone_control_node.cpp:141:32: warning: unused parameter ‘x’ [-Wunused-parameter]
[6.185s]   141 |     void global_to_local(float x, float y) {
[6.185s]       |                          ~~~~~~^
[6.185s] /home/lrs-ubuntu/Desktop/LRS/LRS-FEI/workspace/src/template_drone_control/src/template_drone_control_node.cpp:141:41: warning: unused parameter ‘y’ [-Wunused-parameter]
[6.185s]   141 |     void global_to_local(float x, float y) {
[6.185s]       |                                   ~~~~~~^
[6.185s] /home/lrs-ubuntu/Desktop/LRS/LRS-FEI/workspace/src/template_drone_control/src/template_drone_control_node.cpp: In member function ‘void TemplateDroneControl::rotate_drone(float, float, float, float, float)’:
[6.185s] /home/lrs-ubuntu/Desktop/LRS/LRS-FEI/workspace/src/template_drone_control/src/template_drone_control_node.cpp:158:25: error: redeclaration of ‘tf2::Quaternion q’
[6.186s]   158 |         tf2::Quaternion q(
[6.186s]       |                         ^
[6.186s] /home/lrs-ubuntu/Desktop/LRS/LRS-FEI/workspace/src/template_drone_control/src/template_drone_control_node.cpp:151:25: note: ‘tf2::Quaternion q’ previously declared here
[6.186s]   151 |         tf2::Quaternion q;
[6.186s]       |                         ^
[6.186s] /home/lrs-ubuntu/Desktop/LRS/LRS-FEI/workspace/src/template_drone_control/src/template_drone_control_node.cpp:169:9: error: ‘yaw_err’ was not declared in this scope
[6.186s]   169 |         yaw_err = abs(current_yaw - target_yaw);
[6.186s]       |         ^~~~~~~
[6.186s] /home/lrs-ubuntu/Desktop/LRS/LRS-FEI/workspace/src/template_drone_control/src/template_drone_control_node.cpp: In member function ‘void TemplateDroneControl::local_pos_cb(geometry_msgs::msg::PoseStamped_<std::allocator<void> >::SharedPtr)’:
[6.186s] /home/lrs-ubuntu/Desktop/LRS/LRS-FEI/workspace/src/template_drone_control/src/template_drone_control_node.cpp:195:19: error: expected unqualified-id before ‘.’ token
[6.186s]   195 |         GlobalPose.x = StartPose.x - current_local_pos_.pose.position.x;
[6.186s]       |                   ^
[6.186s] /home/lrs-ubuntu/Desktop/LRS/LRS-FEI/workspace/src/template_drone_control/src/template_drone_control_node.cpp:196:19: error: expected unqualified-id before ‘.’ token
[6.186s]   196 |         GlobalPose.y = StartPose.y - current_local_pos_.pose.position.y;
[6.186s]       |                   ^
[6.187s] /home/lrs-ubuntu/Desktop/LRS/LRS-FEI/workspace/src/template_drone_control/src/template_drone_control_node.cpp:197:19: error: expected unqualified-id before ‘.’ token
[6.187s]   197 |         GlobalPose.z = StartPose.z + current_local_pos_.pose.position.z;
[6.187s]       |                   ^
[6.187s] In file included from /opt/ros/foxy/include/rclcpp/client.hpp:40,
[6.187s]                  from /opt/ros/foxy/include/rclcpp/callback_group.hpp:23,
[6.187s]                  from /opt/ros/foxy/include/rclcpp/any_executable.hpp:20,
[6.187s]                  from /opt/ros/foxy/include/rclcpp/memory_strategy.hpp:24,
[6.187s]                  from /opt/ros/foxy/include/rclcpp/memory_strategies.hpp:18,
[6.187s]                  from /opt/ros/foxy/include/rclcpp/executor_options.hpp:20,
[6.187s]                  from /opt/ros/foxy/include/rclcpp/executor.hpp:33,
[6.187s]                  from /opt/ros/foxy/include/rclcpp/executors/multi_threaded_executor.hpp:26,
[6.187s]                  from /opt/ros/foxy/include/rclcpp/executors.hpp:21,
[6.187s]                  from /opt/ros/foxy/include/rclcpp/rclcpp.hpp:146,
[6.187s]                  from /home/lrs-ubuntu/Desktop/LRS/LRS-FEI/workspace/src/template_drone_control/src/template_drone_control_node.cpp:1:
[6.188s] /home/lrs-ubuntu/Desktop/LRS/LRS-FEI/workspace/src/template_drone_control/src/template_drone_control_node.cpp:206:89: error: expected primary-expression before ‘.’ token
[6.188s]   206 |         RCLCPP_INFO(this->get_logger(), "Current Local Position: %f, %f, %f", GlobalPose.x, GlobalPose.position.y, GlobalPose.position.z);
[6.188s]       |                                                                                         ^
[6.188s] /home/lrs-ubuntu/Desktop/LRS/LRS-FEI/workspace/src/template_drone_control/src/template_drone_control_node.cpp:206:103: error: expected primary-expression before ‘.’ token
[6.188s]   206 |         RCLCPP_INFO(this->get_logger(), "Current Local Position: %f, %f, %f", GlobalPose.x, GlobalPose.position.y, GlobalPose.position.z);
[6.188s]       |                                                                                                       ^
[6.189s] /home/lrs-ubuntu/Desktop/LRS/LRS-FEI/workspace/src/template_drone_control/src/template_drone_control_node.cpp:206:126: error: expected primary-expression before ‘.’ token
[6.189s]   206 |         RCLCPP_INFO(this->get_logger(), "Current Local Position: %f, %f, %f", GlobalPose.x, GlobalPose.position.y, GlobalPose.position.z);
[6.189s]       |                                                                                                                              ^
[6.190s] make[2]: *** [CMakeFiles/template_drone_control_node.dir/build.make:63: CMakeFiles/template_drone_control_node.dir/src/template_drone_control_node.cpp.o] Error 1
[6.191s] make[1]: *** [CMakeFiles/Makefile2:105: CMakeFiles/template_drone_control_node.dir/all] Error 2
[6.191s] make: *** [Makefile:141: all] Error 2
[6.191s] Invoked command in '/home/lrs-ubuntu/Desktop/LRS/LRS-FEI/workspace/build/template_drone_control' returned '2': CMAKE_PREFIX_PATH=/opt/ros/foxy /usr/bin/cmake --build /home/lrs-ubuntu/Desktop/LRS/LRS-FEI/workspace/build/template_drone_control -- -j12 -l12
