[0.498s] DEBUG:colcon:Command line arguments: ['/usr/bin/colcon', 'build']
[0.499s] DEBUG:colcon:Parsed command line arguments: Namespace(allow_overriding=[], ament_cmake_args=None, base_paths=['.'], build_base='build', catkin_cmake_args=None, catkin_skip_building_tests=False, cmake_args=None, cmake_clean_cache=False, cmake_clean_first=False, cmake_force_configure=False, cmake_target=None, cmake_target_skip_unavailable=False, continue_on_error=False, event_handlers=None, executor='parallel', ignore_user_meta=False, install_base='install', log_base=None, log_level=None, main=<bound method BuildVerb.main of <colcon_core.verb.build.BuildVerb object at 0x7ff10e4454c0>>, merge_install=False, metas=['./colcon.meta'], packages_above=None, packages_above_and_dependencies=None, packages_above_depth=None, packages_end=None, packages_ignore=None, packages_ignore_regex=None, packages_select=None, packages_select_build_failed=False, packages_select_by_dep=None, packages_select_regex=None, packages_select_test_failures=False, packages_skip=None, packages_skip_build_finished=False, packages_skip_by_dep=None, packages_skip_regex=None, packages_skip_test_passed=False, packages_skip_up_to=None, packages_start=None, packages_up_to=None, packages_up_to_regex=None, parallel_workers=12, paths=None, symlink_install=False, test_result_base=None, verb_extension=<colcon_core.verb.build.BuildVerb object at 0x7ff10e4454c0>, verb_name='build', verb_parser=<colcon_defaults.argument_parser.defaults.DefaultArgumentsDecorator object at 0x7ff10e445a00>)
[0.552s] Level 1:colcon.colcon_core.package_discovery:discover_packages(colcon_meta) check parameters
[0.553s] Level 1:colcon.colcon_core.package_discovery:discover_packages(recursive) check parameters
[0.553s] Level 1:colcon.colcon_core.package_discovery:discover_packages(ignore) check parameters
[0.553s] Level 1:colcon.colcon_core.package_discovery:discover_packages(path) check parameters
[0.553s] Level 1:colcon.colcon_core.package_discovery:discover_packages(colcon_meta) discover
[0.553s] Level 1:colcon.colcon_core.package_discovery:discover_packages(recursive) discover
[0.553s] INFO:colcon.colcon_core.package_discovery:Crawling recursively for packages in '/home/lrs-ubuntu/Desktop/LRS/LRS-FEI/workspace'
[0.554s] Level 1:colcon.colcon_core.package_identification:_identify(.) by extensions ['ignore', 'ignore_ament_install']
[0.554s] Level 1:colcon.colcon_core.package_identification:_identify(.) by extension 'ignore'
[0.554s] Level 1:colcon.colcon_core.package_identification:_identify(.) by extension 'ignore_ament_install'
[0.554s] Level 1:colcon.colcon_core.package_identification:_identify(.) by extensions ['colcon_pkg']
[0.554s] Level 1:colcon.colcon_core.package_identification:_identify(.) by extension 'colcon_pkg'
[0.554s] Level 1:colcon.colcon_core.package_identification:_identify(.) by extensions ['colcon_meta']
[0.554s] Level 1:colcon.colcon_core.package_identification:_identify(.) by extension 'colcon_meta'
[0.555s] Level 1:colcon.colcon_core.package_identification:_identify(.) by extensions ['ros']
[0.555s] Level 1:colcon.colcon_core.package_identification:_identify(.) by extension 'ros'
[0.601s] Level 1:colcon.colcon_core.package_identification:_identify(.) by extensions ['cmake', 'python']
[0.601s] Level 1:colcon.colcon_core.package_identification:_identify(.) by extension 'cmake'
[0.601s] Level 1:colcon.colcon_core.package_identification:_identify(.) by extension 'python'
[0.601s] Level 1:colcon.colcon_core.package_identification:_identify(.) by extensions ['python_setup_py']
[0.601s] Level 1:colcon.colcon_core.package_identification:_identify(.) by extension 'python_setup_py'
[0.602s] Level 1:colcon.colcon_core.package_identification:_identify(build) by extensions ['ignore', 'ignore_ament_install']
[0.602s] Level 1:colcon.colcon_core.package_identification:_identify(build) by extension 'ignore'
[0.602s] Level 1:colcon.colcon_core.package_identification:_identify(build) ignored
[0.602s] Level 1:colcon.colcon_core.package_identification:_identify(install) by extensions ['ignore', 'ignore_ament_install']
[0.602s] Level 1:colcon.colcon_core.package_identification:_identify(install) by extension 'ignore'
[0.602s] Level 1:colcon.colcon_core.package_identification:_identify(install) ignored
[0.603s] Level 1:colcon.colcon_core.package_identification:_identify(log) by extensions ['ignore', 'ignore_ament_install']
[0.603s] Level 1:colcon.colcon_core.package_identification:_identify(log) by extension 'ignore'
[0.603s] Level 1:colcon.colcon_core.package_identification:_identify(log) ignored
[0.603s] Level 1:colcon.colcon_core.package_identification:_identify(src) by extensions ['ignore', 'ignore_ament_install']
[0.603s] Level 1:colcon.colcon_core.package_identification:_identify(src) by extension 'ignore'
[0.603s] Level 1:colcon.colcon_core.package_identification:_identify(src) by extension 'ignore_ament_install'
[0.603s] Level 1:colcon.colcon_core.package_identification:_identify(src) by extensions ['colcon_pkg']
[0.603s] Level 1:colcon.colcon_core.package_identification:_identify(src) by extension 'colcon_pkg'
[0.603s] Level 1:colcon.colcon_core.package_identification:_identify(src) by extensions ['colcon_meta']
[0.604s] Level 1:colcon.colcon_core.package_identification:_identify(src) by extension 'colcon_meta'
[0.604s] Level 1:colcon.colcon_core.package_identification:_identify(src) by extensions ['ros']
[0.604s] Level 1:colcon.colcon_core.package_identification:_identify(src) by extension 'ros'
[0.604s] Level 1:colcon.colcon_core.package_identification:_identify(src) by extensions ['cmake', 'python']
[0.604s] Level 1:colcon.colcon_core.package_identification:_identify(src) by extension 'cmake'
[0.604s] Level 1:colcon.colcon_core.package_identification:_identify(src) by extension 'python'
[0.604s] Level 1:colcon.colcon_core.package_identification:_identify(src) by extensions ['python_setup_py']
[0.604s] Level 1:colcon.colcon_core.package_identification:_identify(src) by extension 'python_setup_py'
[0.604s] Level 1:colcon.colcon_core.package_identification:_identify(src/template_drone_control) by extensions ['ignore', 'ignore_ament_install']
[0.604s] Level 1:colcon.colcon_core.package_identification:_identify(src/template_drone_control) by extension 'ignore'
[0.604s] Level 1:colcon.colcon_core.package_identification:_identify(src/template_drone_control) by extension 'ignore_ament_install'
[0.604s] Level 1:colcon.colcon_core.package_identification:_identify(src/template_drone_control) by extensions ['colcon_pkg']
[0.604s] Level 1:colcon.colcon_core.package_identification:_identify(src/template_drone_control) by extension 'colcon_pkg'
[0.605s] Level 1:colcon.colcon_core.package_identification:_identify(src/template_drone_control) by extensions ['colcon_meta']
[0.605s] Level 1:colcon.colcon_core.package_identification:_identify(src/template_drone_control) by extension 'colcon_meta'
[0.605s] Level 1:colcon.colcon_core.package_identification:_identify(src/template_drone_control) by extensions ['ros']
[0.605s] Level 1:colcon.colcon_core.package_identification:_identify(src/template_drone_control) by extension 'ros'
[0.607s] DEBUG:colcon.colcon_core.package_identification:Package 'src/template_drone_control' with type 'ros.ament_cmake' and name 'template_drone_control'
[0.607s] Level 1:colcon.colcon_core.package_discovery:discover_packages(recursive) using defaults
[0.607s] Level 1:colcon.colcon_core.package_discovery:discover_packages(ignore) discover
[0.607s] Level 1:colcon.colcon_core.package_discovery:discover_packages(ignore) using defaults
[0.608s] Level 1:colcon.colcon_core.package_discovery:discover_packages(path) discover
[0.608s] Level 1:colcon.colcon_core.package_discovery:discover_packages(path) using defaults
[0.633s] Level 1:colcon.colcon_core.package_discovery:discover_packages(prefix_path) check parameters
[0.633s] Level 1:colcon.colcon_core.package_discovery:discover_packages(prefix_path) discover
[0.637s] DEBUG:colcon.colcon_installed_package_information.package_discovery:Found 174 installed packages in /opt/ros/foxy
[0.640s] Level 1:colcon.colcon_core.package_discovery:discover_packages(prefix_path) using defaults
[0.733s] Level 5:colcon.colcon_core.verb:set package 'template_drone_control' build argument 'cmake_args' from command line to 'None'
[0.733s] Level 5:colcon.colcon_core.verb:set package 'template_drone_control' build argument 'cmake_target' from command line to 'None'
[0.733s] Level 5:colcon.colcon_core.verb:set package 'template_drone_control' build argument 'cmake_target_skip_unavailable' from command line to 'False'
[0.733s] Level 5:colcon.colcon_core.verb:set package 'template_drone_control' build argument 'cmake_clean_cache' from command line to 'False'
[0.733s] Level 5:colcon.colcon_core.verb:set package 'template_drone_control' build argument 'cmake_clean_first' from command line to 'False'
[0.733s] Level 5:colcon.colcon_core.verb:set package 'template_drone_control' build argument 'cmake_force_configure' from command line to 'False'
[0.733s] Level 5:colcon.colcon_core.verb:set package 'template_drone_control' build argument 'ament_cmake_args' from command line to 'None'
[0.733s] Level 5:colcon.colcon_core.verb:set package 'template_drone_control' build argument 'catkin_cmake_args' from command line to 'None'
[0.733s] Level 5:colcon.colcon_core.verb:set package 'template_drone_control' build argument 'catkin_skip_building_tests' from command line to 'False'
[0.733s] DEBUG:colcon.colcon_core.verb:Building package 'template_drone_control' with the following arguments: {'ament_cmake_args': None, 'build_base': '/home/lrs-ubuntu/Desktop/LRS/LRS-FEI/workspace/build/template_drone_control', 'catkin_cmake_args': None, 'catkin_skip_building_tests': False, 'cmake_args': None, 'cmake_clean_cache': False, 'cmake_clean_first': False, 'cmake_force_configure': False, 'cmake_target': None, 'cmake_target_skip_unavailable': False, 'install_base': '/home/lrs-ubuntu/Desktop/LRS/LRS-FEI/workspace/install/template_drone_control', 'merge_install': False, 'path': '/home/lrs-ubuntu/Desktop/LRS/LRS-FEI/workspace/src/template_drone_control', 'symlink_install': False, 'test_result_base': None}
[0.734s] INFO:colcon.colcon_core.executor:Executing jobs using 'parallel' executor
[0.738s] DEBUG:colcon.colcon_parallel_executor.executor.parallel:run_until_complete
[0.738s] INFO:colcon.colcon_ros.task.ament_cmake.build:Building ROS package in '/home/lrs-ubuntu/Desktop/LRS/LRS-FEI/workspace/src/template_drone_control' with build type 'ament_cmake'
[0.739s] INFO:colcon.colcon_cmake.task.cmake.build:Building CMake package in '/home/lrs-ubuntu/Desktop/LRS/LRS-FEI/workspace/src/template_drone_control'
[0.754s] INFO:colcon.colcon_core.plugin_system:Skipping extension 'colcon_core.shell.bat': Not used on non-Windows systems
[0.754s] INFO:colcon.colcon_core.shell:Skip shell extension 'powershell' for command environment: Not usable outside of PowerShell
[0.754s] DEBUG:colcon.colcon_core.shell:Skip shell extension 'dsv' for command environment
[0.794s] DEBUG:colcon.colcon_core.event_handler.log_command:Invoking command in '/home/lrs-ubuntu/Desktop/LRS/LRS-FEI/workspace/build/template_drone_control': CMAKE_PREFIX_PATH=/opt/ros/foxy /usr/bin/cmake --build /home/lrs-ubuntu/Desktop/LRS/LRS-FEI/workspace/build/template_drone_control -- -j12 -l12
[9.166s] DEBUG:colcon.colcon_core.event_handler.log_command:Invoked command in '/home/lrs-ubuntu/Desktop/LRS/LRS-FEI/workspace/build/template_drone_control' returned '2': CMAKE_PREFIX_PATH=/opt/ros/foxy /usr/bin/cmake --build /home/lrs-ubuntu/Desktop/LRS/LRS-FEI/workspace/build/template_drone_control -- -j12 -l12
[9.217s] Level 1:colcon.colcon_core.environment:create_environment_scripts_only(template_drone_control)
[9.231s] Level 1:colcon.colcon_core.environment:checking '/home/lrs-ubuntu/Desktop/LRS/LRS-FEI/workspace/install/template_drone_control' for CMake module files
[9.232s] Level 1:colcon.colcon_core.environment:checking '/home/lrs-ubuntu/Desktop/LRS/LRS-FEI/workspace/install/template_drone_control' for CMake config files
[9.232s] Level 1:colcon.colcon_core.shell:create_environment_hook('template_drone_control', 'cmake_prefix_path')
[9.234s] INFO:colcon.colcon_core.shell:Creating environment hook '/home/lrs-ubuntu/Desktop/LRS/LRS-FEI/workspace/install/template_drone_control/share/template_drone_control/hook/cmake_prefix_path.ps1'
[9.239s] INFO:colcon.colcon_core.shell:Creating environment descriptor '/home/lrs-ubuntu/Desktop/LRS/LRS-FEI/workspace/install/template_drone_control/share/template_drone_control/hook/cmake_prefix_path.dsv'
[9.240s] INFO:colcon.colcon_core.shell:Creating environment hook '/home/lrs-ubuntu/Desktop/LRS/LRS-FEI/workspace/install/template_drone_control/share/template_drone_control/hook/cmake_prefix_path.sh'
[9.245s] Level 1:colcon.colcon_core.environment:checking '/home/lrs-ubuntu/Desktop/LRS/LRS-FEI/workspace/install/template_drone_control/lib'
[9.245s] Level 1:colcon.colcon_core.environment:checking '/home/lrs-ubuntu/Desktop/LRS/LRS-FEI/workspace/install/template_drone_control/bin'
[9.245s] Level 1:colcon.colcon_core.environment:checking '/home/lrs-ubuntu/Desktop/LRS/LRS-FEI/workspace/install/template_drone_control/lib/pkgconfig/template_drone_control.pc'
[9.246s] Level 1:colcon.colcon_core.environment:checking '/home/lrs-ubuntu/Desktop/LRS/LRS-FEI/workspace/install/template_drone_control/lib/python3.8/site-packages'
[9.246s] Level 1:colcon.colcon_core.environment:checking '/home/lrs-ubuntu/Desktop/LRS/LRS-FEI/workspace/install/template_drone_control/bin'
[9.248s] INFO:colcon.colcon_core.shell:Creating package script '/home/lrs-ubuntu/Desktop/LRS/LRS-FEI/workspace/install/template_drone_control/share/template_drone_control/package.ps1'
[9.249s] INFO:colcon.colcon_core.shell:Creating package descriptor '/home/lrs-ubuntu/Desktop/LRS/LRS-FEI/workspace/install/template_drone_control/share/template_drone_control/package.dsv'
[9.249s] INFO:colcon.colcon_core.shell:Creating package script '/home/lrs-ubuntu/Desktop/LRS/LRS-FEI/workspace/install/template_drone_control/share/template_drone_control/package.sh'
[9.250s] INFO:colcon.colcon_core.shell:Creating package script '/home/lrs-ubuntu/Desktop/LRS/LRS-FEI/workspace/install/template_drone_control/share/template_drone_control/package.bash'
[9.254s] INFO:colcon.colcon_core.shell:Creating package script '/home/lrs-ubuntu/Desktop/LRS/LRS-FEI/workspace/install/template_drone_control/share/template_drone_control/package.zsh'
[9.257s] Level 1:colcon.colcon_core.environment:create_file_with_runtime_dependencies(/home/lrs-ubuntu/Desktop/LRS/LRS-FEI/workspace/install/template_drone_control/share/colcon-core/packages/template_drone_control)
[9.270s] DEBUG:colcon.colcon_parallel_executor.executor.parallel:closing loop
[9.271s] DEBUG:colcon.colcon_parallel_executor.executor.parallel:loop closed
[9.271s] DEBUG:colcon.colcon_parallel_executor.executor.parallel:run_until_complete finished with '2'
[9.271s] DEBUG:colcon.colcon_core.event_reactor:joining thread
[9.284s] INFO:colcon.colcon_core.plugin_system:Skipping extension 'colcon_notification.desktop_notification.terminal_notifier': Not used on non-Darwin systems
[9.285s] INFO:colcon.colcon_core.plugin_system:Skipping extension 'colcon_notification.desktop_notification.win32': Not used on non-Windows systems
[9.286s] INFO:colcon.colcon_notification.desktop_notification:Sending desktop notification using 'notify2'
[9.328s] DEBUG:colcon.colcon_core.event_reactor:joined thread
[9.331s] INFO:colcon.colcon_core.shell:Creating prefix script '/home/lrs-ubuntu/Desktop/LRS/LRS-FEI/workspace/install/local_setup.ps1'
[9.335s] INFO:colcon.colcon_core.shell:Creating prefix util module '/home/lrs-ubuntu/Desktop/LRS/LRS-FEI/workspace/install/_local_setup_util_ps1.py'
[9.339s] INFO:colcon.colcon_core.shell:Creating prefix chain script '/home/lrs-ubuntu/Desktop/LRS/LRS-FEI/workspace/install/setup.ps1'
[9.343s] INFO:colcon.colcon_core.shell:Creating prefix script '/home/lrs-ubuntu/Desktop/LRS/LRS-FEI/workspace/install/local_setup.sh'
[9.344s] INFO:colcon.colcon_core.shell:Creating prefix util module '/home/lrs-ubuntu/Desktop/LRS/LRS-FEI/workspace/install/_local_setup_util_sh.py'
[9.345s] INFO:colcon.colcon_core.shell:Creating prefix chain script '/home/lrs-ubuntu/Desktop/LRS/LRS-FEI/workspace/install/setup.sh'
[9.346s] INFO:colcon.colcon_core.shell:Creating prefix script '/home/lrs-ubuntu/Desktop/LRS/LRS-FEI/workspace/install/local_setup.bash'
[9.347s] INFO:colcon.colcon_core.shell:Creating prefix chain script '/home/lrs-ubuntu/Desktop/LRS/LRS-FEI/workspace/install/setup.bash'
[9.349s] INFO:colcon.colcon_core.shell:Creating prefix script '/home/lrs-ubuntu/Desktop/LRS/LRS-FEI/workspace/install/local_setup.zsh'
[9.354s] INFO:colcon.colcon_core.shell:Creating prefix chain script '/home/lrs-ubuntu/Desktop/LRS/LRS-FEI/workspace/install/setup.zsh'
