[0.032s] Invoking command in '/home/lrs-ubuntu/Desktop/LRS/LRS-FEI/workspace/build/template_drone_control': CMAKE_PREFIX_PATH=${CMAKE_PREFIX_PATH}:/opt/ros/foxy /usr/bin/cmake --build /home/lrs-ubuntu/Desktop/LRS/LRS-FEI/workspace/build/template_drone_control -- -j12 -l12
[0.147s] [35m[1mScanning dependencies of target template_drone_control_node[0m
[0.226s] [ 50%] [32mBuilding CXX object CMakeFiles/template_drone_control_node.dir/src/template_drone_control_node.cpp.o[0m
[33.647s] /home/lrs-ubuntu/Desktop/LRS/LRS-FEI/workspace/src/template_drone_control/src/template_drone_control_node.cpp: In member function ‘void TemplateDroneControl::send_position_command(float, float, float, float)’:
[33.647s] /home/lrs-ubuntu/Desktop/LRS/LRS-FEI/workspace/src/template_drone_control/src/template_drone_control_node.cpp:342:16: warning: variable ‘posX’ set but not used [-Wunused-but-set-variable]
[33.647s]   342 |         double posX;
[33.647s]       |                ^~~~
[33.675s] [100%] [32m[1mLinking CXX executable template_drone_control_node[0m
[35.543s] [100%] Built target template_drone_control_node
[35.572s] Invoked command in '/home/lrs-ubuntu/Desktop/LRS/LRS-FEI/workspace/build/template_drone_control' returned '0': CMAKE_PREFIX_PATH=${CMAKE_PREFIX_PATH}:/opt/ros/foxy /usr/bin/cmake --build /home/lrs-ubuntu/Desktop/LRS/LRS-FEI/workspace/build/template_drone_control -- -j12 -l12
[35.651s] Invoking command in '/home/lrs-ubuntu/Desktop/LRS/LRS-FEI/workspace/build/template_drone_control': CMAKE_PREFIX_PATH=${CMAKE_PREFIX_PATH}:/opt/ros/foxy /usr/bin/cmake --install /home/lrs-ubuntu/Desktop/LRS/LRS-FEI/workspace/build/template_drone_control
[35.670s] -- Install configuration: ""
[35.670s] -- Installing: /home/lrs-ubuntu/Desktop/LRS/LRS-FEI/workspace/install/template_drone_control/lib/template_drone_control/template_drone_control_node
[35.682s] -- Set runtime path of "/home/lrs-ubuntu/Desktop/LRS/LRS-FEI/workspace/install/template_drone_control/lib/template_drone_control/template_drone_control_node" to ""
[35.682s] -- Up-to-date: /home/lrs-ubuntu/Desktop/LRS/LRS-FEI/workspace/install/template_drone_control/share/ament_index/resource_index/package_run_dependencies/template_drone_control
[35.682s] -- Up-to-date: /home/lrs-ubuntu/Desktop/LRS/LRS-FEI/workspace/install/template_drone_control/share/ament_index/resource_index/parent_prefix_path/template_drone_control
[35.682s] -- Up-to-date: /home/lrs-ubuntu/Desktop/LRS/LRS-FEI/workspace/install/template_drone_control/share/template_drone_control/environment/ament_prefix_path.sh
[35.683s] -- Up-to-date: /home/lrs-ubuntu/Desktop/LRS/LRS-FEI/workspace/install/template_drone_control/share/template_drone_control/environment/ament_prefix_path.dsv
[35.683s] -- Up-to-date: /home/lrs-ubuntu/Desktop/LRS/LRS-FEI/workspace/install/template_drone_control/share/template_drone_control/environment/path.sh
[35.683s] -- Up-to-date: /home/lrs-ubuntu/Desktop/LRS/LRS-FEI/workspace/install/template_drone_control/share/template_drone_control/environment/path.dsv
[35.683s] -- Up-to-date: /home/lrs-ubuntu/Desktop/LRS/LRS-FEI/workspace/install/template_drone_control/share/template_drone_control/local_setup.bash
[35.683s] -- Up-to-date: /home/lrs-ubuntu/Desktop/LRS/LRS-FEI/workspace/install/template_drone_control/share/template_drone_control/local_setup.sh
[35.684s] -- Up-to-date: /home/lrs-ubuntu/Desktop/LRS/LRS-FEI/workspace/install/template_drone_control/share/template_drone_control/local_setup.zsh
[35.684s] -- Up-to-date: /home/lrs-ubuntu/Desktop/LRS/LRS-FEI/workspace/install/template_drone_control/share/template_drone_control/local_setup.dsv
[35.684s] -- Installing: /home/lrs-ubuntu/Desktop/LRS/LRS-FEI/workspace/install/template_drone_control/share/template_drone_control/package.dsv
[35.684s] -- Up-to-date: /home/lrs-ubuntu/Desktop/LRS/LRS-FEI/workspace/install/template_drone_control/share/ament_index/resource_index/packages/template_drone_control
[35.684s] -- Up-to-date: /home/lrs-ubuntu/Desktop/LRS/LRS-FEI/workspace/install/template_drone_control/share/template_drone_control/cmake/template_drone_controlConfig.cmake
[35.684s] -- Up-to-date: /home/lrs-ubuntu/Desktop/LRS/LRS-FEI/workspace/install/template_drone_control/share/template_drone_control/cmake/template_drone_controlConfig-version.cmake
[35.684s] -- Up-to-date: /home/lrs-ubuntu/Desktop/LRS/LRS-FEI/workspace/install/template_drone_control/share/template_drone_control/package.xml
[35.686s] Invoked command in '/home/lrs-ubuntu/Desktop/LRS/LRS-FEI/workspace/build/template_drone_control' returned '0': CMAKE_PREFIX_PATH=${CMAKE_PREFIX_PATH}:/opt/ros/foxy /usr/bin/cmake --install /home/lrs-ubuntu/Desktop/LRS/LRS-FEI/workspace/build/template_drone_control
