[0.034s] Invoking command in '/home/lrs-ubuntu/Desktop/LRS/LRS-FEI/workspace/build/template_drone_control': CMAKE_PREFIX_PATH=/opt/ros/foxy /usr/bin/cmake --build /home/lrs-ubuntu/Desktop/LRS/LRS-FEI/workspace/build/template_drone_control -- -j12 -l12
[0.111s] [35m[1mScanning dependencies of target template_drone_control_node[0m
[0.168s] [ 50%] [32mBuilding CXX object CMakeFiles/template_drone_control_node.dir/src/template_drone_control_node.cpp.o[0m
[5.802s] /home/lrs-ubuntu/Desktop/LRS/LRS-FEI/workspace/src/template_drone_control/src/template_drone_control_node.cpp: In constructor ‘TemplateDroneControl::TemplateDroneControl()’:
[5.802s] /home/lrs-ubuntu/Desktop/LRS/LRS-FEI/workspace/src/template_drone_control/src/template_drone_control_node.cpp:31:9: error: ‘local_pos_sub_’ was not declared in this scope; did you mean ‘local_pos_pub_’?
[5.802s]    31 |         local_pos_sub_ = this->create_subscription<geometry_msgs::msg::PoseStamped>(
[5.802s]       |         ^~~~~~~~~~~~~~
[5.802s]       |         local_pos_pub_
[5.802s] /home/lrs-ubuntu/Desktop/LRS/LRS-FEI/workspace/src/template_drone_control/src/template_drone_control_node.cpp:32:82: error: ‘local_pos_cb’ is not a member of ‘TemplateDroneControl’
[5.802s]    32 |             "/mavros/local_position/pose", qos, std::bind(&TemplateDroneControl::local_pos_cb, this, std::placeholders::_1));
[5.802s]       |                                                                                  ^~~~~~~~~~~~
[5.802s] /home/lrs-ubuntu/Desktop/LRS/LRS-FEI/workspace/src/template_drone_control/src/template_drone_control_node.cpp:55:15: error: expected ‘(’ before ‘!’ token
[5.802s]    55 |         while !guided_mode_set{
[5.803s]       |               ^
[5.803s]       |               (
[5.803s] /home/lrs-ubuntu/Desktop/LRS/LRS-FEI/workspace/src/template_drone_control/src/template_drone_control_node.cpp:55:31: error: expected ‘)’ before ‘{’ token
[5.803s]    55 |         while !guided_mode_set{
[5.803s]       |               ~               ^
[5.803s]       |                               )
[5.803s] /home/lrs-ubuntu/Desktop/LRS/LRS-FEI/workspace/src/template_drone_control/src/template_drone_control_node.cpp:56:23: error: expected ‘;’ before ‘do’
[5.803s]    56 |             sleep(0.5)
[5.803s]       |                       ^
[5.803s]       |                       ;
[5.803s] /home/lrs-ubuntu/Desktop/LRS/LRS-FEI/workspace/src/template_drone_control/src/template_drone_control_node.cpp:66:45: error: expected ‘;’ before ‘do’
[5.804s]    66 |         send_takeoff_land_request(1.0, true)
[5.804s]       |                                             ^
[5.806s]       |                                             ;
[5.807s] /home/lrs-ubuntu/Desktop/LRS/LRS-FEI/workspace/src/template_drone_control/src/template_drone_control_node.cpp:70:17: error: ‘terminate’ was not declared in this scope; did you mean ‘std::terminate’?
[5.808s]    70 |         while (!terminate) {
[5.808s]       |                 ^~~~~~~~~
[5.808s]       |                 std::terminate
[5.808s] In file included from /usr/include/c++/9/new:40,
[5.808s]                  from /usr/include/c++/9/ext/new_allocator.h:33,
[5.808s]                  from /usr/include/x86_64-linux-gnu/c++/9/bits/c++allocator.h:33,
[5.808s]                  from /usr/include/c++/9/bits/allocator.h:46,
[5.808s]                  from /usr/include/c++/9/memory:63,
[5.808s]                  from /opt/ros/foxy/include/rclcpp/rclcpp.hpp:144,
[5.808s]                  from /home/lrs-ubuntu/Desktop/LRS/LRS-FEI/workspace/src/template_drone_control/src/template_drone_control_node.cpp:1:
[5.808s] /usr/include/c++/9/exception:76:8: note: ‘std::terminate’ declared here
[5.808s]    76 |   void terminate() _GLIBCXX_USE_NOEXCEPT __attribute__ ((__noreturn__));
[5.808s]       |        ^~~~~~~~~
[5.808s] /home/lrs-ubuntu/Desktop/LRS/LRS-FEI/workspace/src/template_drone_control/src/template_drone_control_node.cpp:71:13: error: ‘c’ was not declared in this scope
[5.808s]    71 |             c = getch(); // Non-blocking key press detection
[5.809s]       |             ^
[5.809s] /home/lrs-ubuntu/Desktop/LRS/LRS-FEI/workspace/src/template_drone_control/src/template_drone_control_node.cpp:74:54: error: expected ‘;’ before ‘}’ token
[5.809s]    74 |                 send_takeoff_land_request(0.0, false)
[5.809s]       |                                                      ^
[5.809s]       |                                                      ;
[5.809s]    75 |             } else if (c == 'q') {
[5.809s]       |             ~                                         
[5.809s] /home/lrs-ubuntu/Desktop/LRS/LRS-FEI/workspace/src/template_drone_control/src/template_drone_control_node.cpp: In member function ‘char TemplateDroneControl::getch()’:
[5.809s] /home/lrs-ubuntu/Desktop/LRS/LRS-FEI/workspace/src/template_drone_control/src/template_drone_control_node.cpp:85:32: warning: missing initializer for member ‘termios::c_oflag’ [-Wmissing-field-initializers]
[5.809s]    85 |         struct termios old = {0};
[5.809s]       |                                ^
[5.810s] /home/lrs-ubuntu/Desktop/LRS/LRS-FEI/workspace/src/template_drone_control/src/template_drone_control_node.cpp:85:32: warning: missing initializer for member ‘termios::c_cflag’ [-Wmissing-field-initializers]
[5.810s] /home/lrs-ubuntu/Desktop/LRS/LRS-FEI/workspace/src/template_drone_control/src/template_drone_control_node.cpp:85:32: warning: missing initializer for member ‘termios::c_lflag’ [-Wmissing-field-initializers]
[5.810s] /home/lrs-ubuntu/Desktop/LRS/LRS-FEI/workspace/src/template_drone_control/src/template_drone_control_node.cpp:85:32: warning: missing initializer for member ‘termios::c_line’ [-Wmissing-field-initializers]
[5.811s] /home/lrs-ubuntu/Desktop/LRS/LRS-FEI/workspace/src/template_drone_control/src/template_drone_control_node.cpp:85:32: warning: missing initializer for member ‘termios::c_cc’ [-Wmissing-field-initializers]
[5.811s] /home/lrs-ubuntu/Desktop/LRS/LRS-FEI/workspace/src/template_drone_control/src/template_drone_control_node.cpp:85:32: warning: missing initializer for member ‘termios::c_ispeed’ [-Wmissing-field-initializers]
[5.811s] /home/lrs-ubuntu/Desktop/LRS/LRS-FEI/workspace/src/template_drone_control/src/template_drone_control_node.cpp:85:32: warning: missing initializer for member ‘termios::c_ospeed’ [-Wmissing-field-initializers]
[5.812s] /home/lrs-ubuntu/Desktop/LRS/LRS-FEI/workspace/src/template_drone_control/src/template_drone_control_node.cpp: In member function ‘void TemplateDroneControl::state_cb(mavros_msgs::msg::State_<std::allocator<void> >::SharedPtr)’:
[5.815s] /home/lrs-ubuntu/Desktop/LRS/LRS-FEI/workspace/src/template_drone_control/src/template_drone_control_node.cpp:105:9: error: ‘state_’ was not declared in this scope; did you mean ‘state_cb’?
[5.816s]   105 |         state_ = current_state_.mode.c_str()
[5.816s]       |         ^~~~~~
[5.817s]       |         state_cb
[5.817s] /home/lrs-ubuntu/Desktop/LRS/LRS-FEI/workspace/src/template_drone_control/src/template_drone_control_node.cpp:107:21: error: expected primary-expression before ‘==’ token
[5.817s]   107 |         if (state_) == "GUIDED"{
[5.817s]       |                     ^~
[5.817s] /home/lrs-ubuntu/Desktop/LRS/LRS-FEI/workspace/src/template_drone_control/src/template_drone_control_node.cpp: In member function ‘void TemplateDroneControl::send_takeoff_land_request(float, bool)’:
[5.818s] /home/lrs-ubuntu/Desktop/LRS/LRS-FEI/workspace/src/template_drone_control/src/template_drone_control_node.cpp:155:81: error: ‘future’ was not declared in this scope; did you mean ‘std::future’?
[5.818s]   155 |         if (rclcpp::spin_until_future_complete(this->get_node_base_interface(), future) ==
[5.818s]       |                                                                                 ^~~~~~
[5.818s]       |                                                                                 std::future
[5.818s] In file included from /opt/ros/foxy/include/rclcpp/executors.hpp:18,
[5.818s]                  from /opt/ros/foxy/include/rclcpp/rclcpp.hpp:146,
[5.818s]                  from /home/lrs-ubuntu/Desktop/LRS/LRS-FEI/workspace/src/template_drone_control/src/template_drone_control_node.cpp:1:
[5.818s] /usr/include/c++/9/future:125:11: note: ‘std::future’ declared here
[5.818s]   125 |     class future;
[5.818s]       |           ^~~~~~
[5.818s] make[2]: *** [CMakeFiles/template_drone_control_node.dir/build.make:63: CMakeFiles/template_drone_control_node.dir/src/template_drone_control_node.cpp.o] Error 1
[5.818s] make[1]: *** [CMakeFiles/Makefile2:105: CMakeFiles/template_drone_control_node.dir/all] Error 2
[5.818s] make: *** [Makefile:141: all] Error 2
[5.819s] Invoked command in '/home/lrs-ubuntu/Desktop/LRS/LRS-FEI/workspace/build/template_drone_control' returned '2': CMAKE_PREFIX_PATH=/opt/ros/foxy /usr/bin/cmake --build /home/lrs-ubuntu/Desktop/LRS/LRS-FEI/workspace/build/template_drone_control -- -j12 -l12
