[0.027s] Invoking command in '/home/lrs-ubuntu/Desktop/LRS/LRS-FEI/workspace/src/build/template_drone_control': CMAKE_PREFIX_PATH=/opt/ros/foxy /usr/bin/cmake --build /home/lrs-ubuntu/Desktop/LRS/LRS-FEI/workspace/src/build/template_drone_control -- -j12 -l12
[0.126s] [35m[1mScanning dependencies of target template_drone_control_node[0m
[0.187s] [ 50%] [32mBuilding CXX object CMakeFiles/template_drone_control_node.dir/src/template_drone_control_node.cpp.o[0m
[0.236s] [100%] [32m[1mLinking CXX executable template_drone_control_node[0m
[1.222s] [100%] Built target template_drone_control_node
[1.237s] Invoked command in '/home/lrs-ubuntu/Desktop/LRS/LRS-FEI/workspace/src/build/template_drone_control' returned '0': CMAKE_PREFIX_PATH=/opt/ros/foxy /usr/bin/cmake --build /home/lrs-ubuntu/Desktop/LRS/LRS-FEI/workspace/src/build/template_drone_control -- -j12 -l12
[1.288s] Invoking command in '/home/lrs-ubuntu/Desktop/LRS/LRS-FEI/workspace/src/build/template_drone_control': CMAKE_PREFIX_PATH=/opt/ros/foxy /usr/bin/cmake --install /home/lrs-ubuntu/Desktop/LRS/LRS-FEI/workspace/src/build/template_drone_control
[1.300s] -- Install configuration: ""
[1.300s] -- Installing: /home/lrs-ubuntu/Desktop/LRS/LRS-FEI/workspace/src/install/template_drone_control/lib/template_drone_control/template_drone_control_node
[1.305s] -- Set runtime path of "/home/lrs-ubuntu/Desktop/LRS/LRS-FEI/workspace/src/install/template_drone_control/lib/template_drone_control/template_drone_control_node" to ""
[1.306s] -- Up-to-date: /home/lrs-ubuntu/Desktop/LRS/LRS-FEI/workspace/src/install/template_drone_control/share/ament_index/resource_index/package_run_dependencies/template_drone_control
[1.306s] -- Up-to-date: /home/lrs-ubuntu/Desktop/LRS/LRS-FEI/workspace/src/install/template_drone_control/share/ament_index/resource_index/parent_prefix_path/template_drone_control
[1.307s] -- Up-to-date: /home/lrs-ubuntu/Desktop/LRS/LRS-FEI/workspace/src/install/template_drone_control/share/template_drone_control/environment/ament_prefix_path.sh
[1.307s] -- Up-to-date: /home/lrs-ubuntu/Desktop/LRS/LRS-FEI/workspace/src/install/template_drone_control/share/template_drone_control/environment/ament_prefix_path.dsv
[1.308s] -- Up-to-date: /home/lrs-ubuntu/Desktop/LRS/LRS-FEI/workspace/src/install/template_drone_control/share/template_drone_control/environment/path.sh
[1.308s] -- Up-to-date: /home/lrs-ubuntu/Desktop/LRS/LRS-FEI/workspace/src/install/template_drone_control/share/template_drone_control/environment/path.dsv
[1.308s] -- Up-to-date: /home/lrs-ubuntu/Desktop/LRS/LRS-FEI/workspace/src/install/template_drone_control/share/template_drone_control/local_setup.bash
[1.308s] -- Up-to-date: /home/lrs-ubuntu/Desktop/LRS/LRS-FEI/workspace/src/install/template_drone_control/share/template_drone_control/local_setup.sh
[1.308s] -- Up-to-date: /home/lrs-ubuntu/Desktop/LRS/LRS-FEI/workspace/src/install/template_drone_control/share/template_drone_control/local_setup.zsh
[1.308s] -- Up-to-date: /home/lrs-ubuntu/Desktop/LRS/LRS-FEI/workspace/src/install/template_drone_control/share/template_drone_control/local_setup.dsv
[1.308s] -- Installing: /home/lrs-ubuntu/Desktop/LRS/LRS-FEI/workspace/src/install/template_drone_control/share/template_drone_control/package.dsv
[1.308s] -- Up-to-date: /home/lrs-ubuntu/Desktop/LRS/LRS-FEI/workspace/src/install/template_drone_control/share/ament_index/resource_index/packages/template_drone_control
[1.309s] -- Up-to-date: /home/lrs-ubuntu/Desktop/LRS/LRS-FEI/workspace/src/install/template_drone_control/share/template_drone_control/cmake/template_drone_controlConfig.cmake
[1.309s] -- Up-to-date: /home/lrs-ubuntu/Desktop/LRS/LRS-FEI/workspace/src/install/template_drone_control/share/template_drone_control/cmake/template_drone_controlConfig-version.cmake
[1.309s] -- Up-to-date: /home/lrs-ubuntu/Desktop/LRS/LRS-FEI/workspace/src/install/template_drone_control/share/template_drone_control/package.xml
[1.311s] Invoked command in '/home/lrs-ubuntu/Desktop/LRS/LRS-FEI/workspace/src/build/template_drone_control' returned '0': CMAKE_PREFIX_PATH=/opt/ros/foxy /usr/bin/cmake --install /home/lrs-ubuntu/Desktop/LRS/LRS-FEI/workspace/src/build/template_drone_control
