[0.015s] Invoking command in '/home/lrs-ubuntu/Desktop/LRS/LRS-FEI/workspace/build/template_drone_control': CMAKE_PREFIX_PATH=/opt/ros/foxy /usr/bin/cmake --build /home/lrs-ubuntu/Desktop/LRS/LRS-FEI/workspace/build/template_drone_control -- -j12 -l12
[0.124s] [35m[1mScanning dependencies of target template_drone_control_node[0m
[0.163s] [ 50%] [32mBuilding CXX object CMakeFiles/template_drone_control_node.dir/src/template_drone_control_node.cpp.o[0m
[3.911s] /home/lrs-ubuntu/Desktop/LRS/LRS-FEI/workspace/src/template_drone_control/src/template_drone_control_node.cpp:162:15: error: ‘Point’ was not declared in this scope; did you mean ‘geometry_msgs::msg::Point’?
[3.911s]   162 |     std::list<Point> list_of_circle_points(float droneX, float droneY, float radius, int numPoints) {
[3.911s]       |               ^~~~~
[3.911s]       |               geometry_msgs::msg::Point
[3.911s] In file included from /opt/ros/foxy/include/geometry_msgs/msg/detail/pose__struct.hpp:19,
[3.911s]                  from /opt/ros/foxy/include/geometry_msgs/msg/detail/pose_stamped__struct.hpp:21,
[3.911s]                  from /opt/ros/foxy/include/geometry_msgs/msg/pose_stamped.hpp:7,
[3.911s]                  from /home/lrs-ubuntu/Desktop/LRS/LRS-FEI/workspace/src/template_drone_control/src/template_drone_control_node.cpp:2:
[3.911s] /opt/ros/foxy/include/geometry_msgs/msg/detail/point__struct.hpp:149:7: note: ‘geometry_msgs::msg::Point’ declared here
[3.911s]   149 | using Point =
[3.911s]       |       ^~~~~
[3.911s] /home/lrs-ubuntu/Desktop/LRS/LRS-FEI/workspace/src/template_drone_control/src/template_drone_control_node.cpp:162:20: error: template argument 1 is invalid
[3.911s]   162 |     std::list<Point> list_of_circle_points(float droneX, float droneY, float radius, int numPoints) {
[3.912s]       |                    ^
[3.912s] /home/lrs-ubuntu/Desktop/LRS/LRS-FEI/workspace/src/template_drone_control/src/template_drone_control_node.cpp:162:20: error: template argument 2 is invalid
[3.912s] /home/lrs-ubuntu/Desktop/LRS/LRS-FEI/workspace/src/template_drone_control/src/template_drone_control_node.cpp: In member function ‘int TemplateDroneControl::list_of_circle_points(float, float, float, int)’:
[3.912s] /home/lrs-ubuntu/Desktop/LRS/LRS-FEI/workspace/src/template_drone_control/src/template_drone_control_node.cpp:176:12: error: cannot convert ‘std::__cxx11::list<TemplateDroneControl::Point>’ to ‘int’ in return
[3.912s]   176 |     return waypoints;
[3.912s]       |            ^~~~~~~~~
[3.912s] /home/lrs-ubuntu/Desktop/LRS/LRS-FEI/workspace/src/template_drone_control/src/template_drone_control_node.cpp: In member function ‘void TemplateDroneControl::action_do_circle()’:
[3.912s] /home/lrs-ubuntu/Desktop/LRS/LRS-FEI/workspace/src/template_drone_control/src/template_drone_control_node.cpp:183:119: error: no match for ‘operator=’ (operand types are ‘std::__cxx11::list<TemplateDroneControl::Point>’ and ‘int’)
[3.912s]   183 |         waypoints = list_of_circle_points(current_local_pos_.pose.position.x, current_local_pos_.pose.position.y, 2, 8);
[3.912s]       |                                                                                                                       ^
[3.912s] In file included from /usr/include/c++/9/list:64,
[3.912s]                  from /opt/ros/foxy/include/rclcpp/executor.hpp:23,
[3.912s]                  from /opt/ros/foxy/include/rclcpp/executors/multi_threaded_executor.hpp:26,
[3.913s]                  from /opt/ros/foxy/include/rclcpp/executors.hpp:21,
[3.913s]                  from /opt/ros/foxy/include/rclcpp/rclcpp.hpp:146,
[3.913s]                  from /home/lrs-ubuntu/Desktop/LRS/LRS-FEI/workspace/src/template_drone_control/src/template_drone_control_node.cpp:1:
[3.913s] /usr/include/c++/9/bits/list.tcc:267:5: note: candidate: ‘std::__cxx11::list<_Tp, _Alloc>& std::__cxx11::list<_Tp, _Alloc>::operator=(const std::__cxx11::list<_Tp, _Alloc>&) [with _Tp = TemplateDroneControl::Point; _Alloc = std::allocator<TemplateDroneControl::Point>]’
[3.913s]   267 |     list<_Tp, _Alloc>::
[3.913s]       |     ^~~~~~~~~~~~~~~~~
[3.913s] /usr/include/c++/9/bits/list.tcc:268:27: note:   no known conversion for argument 1 from ‘int’ to ‘const std::__cxx11::list<TemplateDroneControl::Point>&’
[3.913s]   268 |     operator=(const list& __x)
[3.913s]       |               ~~~~~~~~~~~~^~~
[3.913s] In file included from /usr/include/c++/9/list:63,
[3.913s]                  from /opt/ros/foxy/include/rclcpp/executor.hpp:23,
[3.913s]                  from /opt/ros/foxy/include/rclcpp/executors/multi_threaded_executor.hpp:26,
[3.913s]                  from /opt/ros/foxy/include/rclcpp/executors.hpp:21,
[3.913s]                  from /opt/ros/foxy/include/rclcpp/rclcpp.hpp:146,
[3.913s]                  from /home/lrs-ubuntu/Desktop/LRS/LRS-FEI/workspace/src/template_drone_control/src/template_drone_control_node.cpp:1:
[3.913s] /usr/include/c++/9/bits/stl_list.h:849:7: note: candidate: ‘std::__cxx11::list<_Tp, _Alloc>& std::__cxx11::list<_Tp, _Alloc>::operator=(std::__cxx11::list<_Tp, _Alloc>&&) [with _Tp = TemplateDroneControl::Point; _Alloc = std::allocator<TemplateDroneControl::Point>]’
[3.913s]   849 |       operator=(list&& __x)
[3.914s]       |       ^~~~~~~~
[3.914s] /usr/include/c++/9/bits/stl_list.h:849:24: note:   no known conversion for argument 1 from ‘int’ to ‘std::__cxx11::list<TemplateDroneControl::Point>&&’
[3.914s]   849 |       operator=(list&& __x)
[3.914s]       |                 ~~~~~~~^~~
[3.914s] /usr/include/c++/9/bits/stl_list.h:867:7: note: candidate: ‘std::__cxx11::list<_Tp, _Alloc>& std::__cxx11::list<_Tp, _Alloc>::operator=(std::initializer_list<_Tp>) [with _Tp = TemplateDroneControl::Point; _Alloc = std::allocator<TemplateDroneControl::Point>]’
[3.914s]   867 |       operator=(initializer_list<value_type> __l)
[3.914s]       |       ^~~~~~~~
[3.915s] /usr/include/c++/9/bits/stl_list.h:867:46: note:   no known conversion for argument 1 from ‘int’ to ‘std::initializer_list<TemplateDroneControl::Point>’
[3.916s]   867 |       operator=(initializer_list<value_type> __l)
[3.916s]       |                 ~~~~~~~~~~~~~~~~~~~~~~~~~~~~~^~~
[3.917s] /home/lrs-ubuntu/Desktop/LRS/LRS-FEI/workspace/src/template_drone_control/src/template_drone_control_node.cpp:192:35: error: ‘x’ was not declared in this scope
[3.917s]   192 |             msg.pose.position.x = x;
[3.917s]       |                                   ^
[3.917s] /home/lrs-ubuntu/Desktop/LRS/LRS-FEI/workspace/src/template_drone_control/src/template_drone_control_node.cpp:193:35: error: ‘y’ was not declared in this scope; did you mean ‘yn’?
[3.918s]   193 |             msg.pose.position.y = y;
[3.918s]       |                                   ^
[3.918s]       |                                   yn
[3.918s] /home/lrs-ubuntu/Desktop/LRS/LRS-FEI/workspace/src/template_drone_control/src/template_drone_control_node.cpp:194:35: error: ‘z’ was not declared in this scope
[3.918s]   194 |             msg.pose.position.z = z;
[3.918s]       |                                   ^
[3.918s] /home/lrs-ubuntu/Desktop/LRS/LRS-FEI/workspace/src/template_drone_control/src/template_drone_control_node.cpp:202:13: error: ‘e_x’ was not declared in this scope
[3.918s]   202 |             e_x = abs(current_local_pos_.pose.position.x - x);
[3.918s]       |             ^~~
[3.918s] /home/lrs-ubuntu/Desktop/LRS/LRS-FEI/workspace/src/template_drone_control/src/template_drone_control_node.cpp:203:13: error: ‘e_y’ was not declared in this scope
[3.918s]   203 |             e_y = abs(current_local_pos_.pose.position.y - y);
[3.918s]       |             ^~~
[3.918s] /home/lrs-ubuntu/Desktop/LRS/LRS-FEI/workspace/src/template_drone_control/src/template_drone_control_node.cpp: In member function ‘void TemplateDroneControl::send_arming_request(bool)’:
[3.918s] /home/lrs-ubuntu/Desktop/LRS/LRS-FEI/workspace/src/template_drone_control/src/template_drone_control_node.cpp:493:20: error: expected ‘;’ before ‘do’
[3.918s]   493 |     {soft_precision
[3.918s]       |                    ^
[3.918s]       |                    ;
[3.918s] /home/lrs-ubuntu/Desktop/LRS/LRS-FEI/workspace/src/template_drone_control/src/template_drone_control_node.cpp:493:6: warning: statement has no effect [-Wunused-value]
[3.919s]   493 |     {soft_precision
[3.919s]       |      ^~~~~~~~~~~~~~
[3.919s] make[2]: *** [CMakeFiles/template_drone_control_node.dir/build.make:63: CMakeFiles/template_drone_control_node.dir/src/template_drone_control_node.cpp.o] Error 1
[3.919s] make[1]: *** [CMakeFiles/Makefile2:105: CMakeFiles/template_drone_control_node.dir/all] Error 2
[3.919s] make: *** [Makefile:141: all] Error 2
[3.919s] Invoked command in '/home/lrs-ubuntu/Desktop/LRS/LRS-FEI/workspace/build/template_drone_control' returned '2': CMAKE_PREFIX_PATH=/opt/ros/foxy /usr/bin/cmake --build /home/lrs-ubuntu/Desktop/LRS/LRS-FEI/workspace/build/template_drone_control -- -j12 -l12
