[35m[1mScanning dependencies of target template_drone_control_node[0m
[ 50%] [32mBuilding CXX object CMakeFiles/template_drone_control_node.dir/src/template_drone_control_node.cpp.o[0m
/home/lrs-ubuntu/Desktop/LRS/LRS-FEI/workspace/src/template_drone_control/src/template_drone_control_node.cpp:67:5: error: ‘Eigen’ does not name a type
   67 |     Eigen::VectorXd calculatePolynomialCoefficients(
      |     ^~~~~
/home/lrs-ubuntu/Desktop/LRS/LRS-FEI/workspace/src/template_drone_control/src/template_drone_control_node.cpp: In constructor ‘TemplateDroneControl::TemplateDroneControl()’:
/home/lrs-ubuntu/Desktop/LRS/LRS-FEI/workspace/src/template_drone_control/src/template_drone_control_node.cpp:38:65: error: ‘PositionTarget’ is not a member of ‘mavros_msgs’; did you mean ‘mavros_msgs::msg::PositionTarget’?
   38 |         velocity_pos_pub_ = this->create_publisher<mavros_msgs::PositionTarget>("/mavros/setpoint_raw/local", 10);
      |                                                                 ^~~~~~~~~~~~~~
In file included from /opt/ros/foxy/include/mavros_msgs/msg/position_target.hpp:7,
                 from /home/lrs-ubuntu/Desktop/LRS/LRS-FEI/workspace/src/template_drone_control/src/template_drone_control_node.cpp:7:
/opt/ros/foxy/include/mavros_msgs/msg/detail/position_target__struct.hpp:259:7: note: ‘mavros_msgs::msg::PositionTarget’ declared here
  259 | using PositionTarget =
      |       ^~~~~~~~~~~~~~
/home/lrs-ubuntu/Desktop/LRS/LRS-FEI/workspace/src/template_drone_control/src/template_drone_control_node.cpp:38:65: error: ‘PositionTarget’ is not a member of ‘mavros_msgs’; did you mean ‘mavros_msgs::msg::PositionTarget’?
   38 |         velocity_pos_pub_ = this->create_publisher<mavros_msgs::PositionTarget>("/mavros/setpoint_raw/local", 10);
      |                                                                 ^~~~~~~~~~~~~~
In file included from /opt/ros/foxy/include/mavros_msgs/msg/position_target.hpp:7,
                 from /home/lrs-ubuntu/Desktop/LRS/LRS-FEI/workspace/src/template_drone_control/src/template_drone_control_node.cpp:7:
/opt/ros/foxy/include/mavros_msgs/msg/detail/position_target__struct.hpp:259:7: note: ‘mavros_msgs::msg::PositionTarget’ declared here
  259 | using PositionTarget =
      |       ^~~~~~~~~~~~~~
/home/lrs-ubuntu/Desktop/LRS/LRS-FEI/workspace/src/template_drone_control/src/template_drone_control_node.cpp:38:113: error: no matching function for call to ‘TemplateDroneControl::create_publisher<<expression error> >(const char [27], int)’
   38 |         velocity_pos_pub_ = this->create_publisher<mavros_msgs::PositionTarget>("/mavros/setpoint_raw/local", 10);
      |                                                                                                                 ^
In file included from /opt/ros/foxy/include/rclcpp/node.hpp:1224,
                 from /opt/ros/foxy/include/rclcpp/executors/single_threaded_executor.hpp:28,
                 from /opt/ros/foxy/include/rclcpp/executors.hpp:22,
                 from /opt/ros/foxy/include/rclcpp/rclcpp.hpp:146,
                 from /home/lrs-ubuntu/Desktop/LRS/LRS-FEI/workspace/src/template_drone_control/src/template_drone_control_node.cpp:1:
/opt/ros/foxy/include/rclcpp/node_impl.hpp:71:1: note: candidate: ‘template<class MessageT, class AllocatorT, class PublisherT> std::shared_ptr<PublisherT> rclcpp::Node::create_publisher(const string&, const rclcpp::QoS&, const rclcpp::PublisherOptionsWithAllocator<AllocatorT>&)’
   71 | Node::create_publisher(
      | ^~~~
/opt/ros/foxy/include/rclcpp/node_impl.hpp:71:1: note:   template argument deduction/substitution failed:
/home/lrs-ubuntu/Desktop/LRS/LRS-FEI/workspace/src/template_drone_control/src/template_drone_control_node.cpp:38:113: error: template argument 1 is invalid
   38 |         velocity_pos_pub_ = this->create_publisher<mavros_msgs::PositionTarget>("/mavros/setpoint_raw/local", 10);
      |                                                                                                                 ^
/home/lrs-ubuntu/Desktop/LRS/LRS-FEI/workspace/src/template_drone_control/src/template_drone_control_node.cpp: In member function ‘double TemplateDroneControl::getVelocity(double) const’:
/home/lrs-ubuntu/Desktop/LRS/LRS-FEI/workspace/src/template_drone_control/src/template_drone_control_node.cpp:93:32: error: ‘positionCoefficients’ was not declared in this scope
   93 |         for (size_t i = 1; i < positionCoefficients.size(); ++i) {
      |                                ^~~~~~~~~~~~~~~~~~~~
/home/lrs-ubuntu/Desktop/LRS/LRS-FEI/workspace/src/template_drone_control/src/template_drone_control_node.cpp: In member function ‘void TemplateDroneControl::send_position_command(float, float, float, float)’:
/home/lrs-ubuntu/Desktop/LRS/LRS-FEI/workspace/src/template_drone_control/src/template_drone_control_node.cpp:301:9: error: ‘p0x’ was not declared in this scope
  301 |         p0x = current_local_pos_.pose.position.x;
      |         ^~~
/home/lrs-ubuntu/Desktop/LRS/LRS-FEI/workspace/src/template_drone_control/src/template_drone_control_node.cpp:302:9: error: ‘p0y’ was not declared in this scope
  302 |         p0y = current_local_pos_.pose.position.y;
      |         ^~~
/home/lrs-ubuntu/Desktop/LRS/LRS-FEI/workspace/src/template_drone_control/src/template_drone_control_node.cpp:303:9: error: ‘p0z’ was not declared in this scope
  303 |         p0z = current_local_pos_.pose.position.z;
      |         ^~~
/home/lrs-ubuntu/Desktop/LRS/LRS-FEI/workspace/src/template_drone_control/src/template_drone_control_node.cpp:310:43: error: ‘mavros_msgs::PositionTarget’ has not been declared
  310 |         setpoint.type_mask = mavros_msgs::PositionTarget::IGNORE_AFX |
      |                                           ^~~~~~~~~~~~~~
/home/lrs-ubuntu/Desktop/LRS/LRS-FEI/workspace/src/template_drone_control/src/template_drone_control_node.cpp:311:38: error: ‘mavros_msgs::PositionTarget’ has not been declared
  311 |                         mavros_msgs::PositionTarget::IGNORE_AFY |
      |                                      ^~~~~~~~~~~~~~
/home/lrs-ubuntu/Desktop/LRS/LRS-FEI/workspace/src/template_drone_control/src/template_drone_control_node.cpp:312:38: error: ‘mavros_msgs::PositionTarget’ has not been declared
  312 |                         mavros_msgs::PositionTarget::IGNORE_AFZ |
      |                                      ^~~~~~~~~~~~~~
/home/lrs-ubuntu/Desktop/LRS/LRS-FEI/workspace/src/template_drone_control/src/template_drone_control_node.cpp:313:38: error: ‘mavros_msgs::PositionTarget’ has not been declared
  313 |                         mavros_msgs::PositionTarget::FORCE;
      |                                      ^~~~~~~~~~~~~~
/home/lrs-ubuntu/Desktop/LRS/LRS-FEI/workspace/src/template_drone_control/src/template_drone_control_node.cpp:317:18: error: ‘using PositionTarget = struct mavros_msgs::msg::PositionTarget_<std::allocator<void> >’ {aka ‘struct mavros_msgs::msg::PositionTarget_<std::allocator<void> >’} has no member named ‘orientation’
  317 |         setpoint.orientation.x = q.x();
      |                  ^~~~~~~~~~~
/home/lrs-ubuntu/Desktop/LRS/LRS-FEI/workspace/src/template_drone_control/src/template_drone_control_node.cpp:318:18: error: ‘using PositionTarget = struct mavros_msgs::msg::PositionTarget_<std::allocator<void> >’ {aka ‘struct mavros_msgs::msg::PositionTarget_<std::allocator<void> >’} has no member named ‘orientation’
  318 |         setpoint.orientation.y = q.y();
      |                  ^~~~~~~~~~~
/home/lrs-ubuntu/Desktop/LRS/LRS-FEI/workspace/src/template_drone_control/src/template_drone_control_node.cpp:319:18: error: ‘using PositionTarget = struct mavros_msgs::msg::PositionTarget_<std::allocator<void> >’ {aka ‘struct mavros_msgs::msg::PositionTarget_<std::allocator<void> >’} has no member named ‘orientation’
  319 |         setpoint.orientation.z = q.z();
      |                  ^~~~~~~~~~~
/home/lrs-ubuntu/Desktop/LRS/LRS-FEI/workspace/src/template_drone_control/src/template_drone_control_node.cpp:320:18: error: ‘using PositionTarget = struct mavros_msgs::msg::PositionTarget_<std::allocator<void> >’ {aka ‘struct mavros_msgs::msg::PositionTarget_<std::allocator<void> >’} has no member named ‘orientation’
  320 |         setpoint.orientation.w = q.w();
      |                  ^~~~~~~~~~~
/home/lrs-ubuntu/Desktop/LRS/LRS-FEI/workspace/src/template_drone_control/src/template_drone_control_node.cpp:329:20: error: ‘msg’ was not declared in this scope
  329 |         position = msg;
      |                    ^~~
/home/lrs-ubuntu/Desktop/LRS/LRS-FEI/workspace/src/template_drone_control/src/template_drone_control_node.cpp:329:20: note: suggested alternatives:
In file included from /opt/ros/foxy/include/builtin_interfaces/msg/duration.hpp:7,
                 from /opt/ros/foxy/include/rclcpp/duration.hpp:20,
                 from /opt/ros/foxy/include/rclcpp/qos.hpp:20,
                 from /opt/ros/foxy/include/rclcpp/node_interfaces/node_graph_interface.hpp:31,
                 from /opt/ros/foxy/include/rclcpp/client.hpp:34,
                 from /opt/ros/foxy/include/rclcpp/callback_group.hpp:23,
                 from /opt/ros/foxy/include/rclcpp/any_executable.hpp:20,
                 from /opt/ros/foxy/include/rclcpp/memory_strategy.hpp:24,
                 from /opt/ros/foxy/include/rclcpp/memory_strategies.hpp:18,
                 from /opt/ros/foxy/include/rclcpp/executor_options.hpp:20,
                 from /opt/ros/foxy/include/rclcpp/executor.hpp:33,
                 from /opt/ros/foxy/include/rclcpp/executors/multi_threaded_executor.hpp:26,
                 from /opt/ros/foxy/include/rclcpp/executors.hpp:21,
                 from /opt/ros/foxy/include/rclcpp/rclcpp.hpp:146,
                 from /home/lrs-ubuntu/Desktop/LRS/LRS-FEI/workspace/src/template_drone_control/src/template_drone_control_node.cpp:1:
/opt/ros/foxy/include/builtin_interfaces/msg/detail/duration__struct.hpp:26:11: note:   ‘builtin_interfaces::msg’
   26 | namespace msg
      |           ^~~
In file included from /opt/ros/foxy/include/statistics_msgs/msg/detail/metrics_message__struct.hpp:22,
                 from /opt/ros/foxy/include/statistics_msgs/msg/metrics_message.hpp:7,
                 from /opt/ros/foxy/include/libstatistics_collector/collector/generate_statistics_message.hpp:21,
                 from /opt/ros/foxy/include/rclcpp/topic_statistics/subscription_topic_statistics.hpp:23,
                 from /opt/ros/foxy/include/rclcpp/subscription.hpp:50,
                 from /opt/ros/foxy/include/rclcpp/any_executable.hpp:25,
                 from /opt/ros/foxy/include/rclcpp/memory_strategy.hpp:24,
                 from /opt/ros/foxy/include/rclcpp/memory_strategies.hpp:18,
                 from /opt/ros/foxy/include/rclcpp/executor_options.hpp:20,
                 from /opt/ros/foxy/include/rclcpp/executor.hpp:33,
                 from /opt/ros/foxy/include/rclcpp/executors/multi_threaded_executor.hpp:26,
                 from /opt/ros/foxy/include/rclcpp/executors.hpp:21,
                 from /opt/ros/foxy/include/rclcpp/rclcpp.hpp:146,
                 from /home/lrs-ubuntu/Desktop/LRS/LRS-FEI/workspace/src/template_drone_control/src/template_drone_control_node.cpp:1:
/opt/ros/foxy/include/statistics_msgs/msg/detail/statistic_data_point__struct.hpp:26:11: note:   ‘statistics_msgs::msg’
   26 | namespace msg
      |           ^~~
In file included from /opt/ros/foxy/include/rcl_interfaces/msg/list_parameters_result.hpp:7,
                 from /opt/ros/foxy/include/rclcpp/node.hpp:34,
                 from /opt/ros/foxy/include/rclcpp/executors/single_threaded_executor.hpp:28,
                 from /opt/ros/foxy/include/rclcpp/executors.hpp:22,
                 from /opt/ros/foxy/include/rclcpp/rclcpp.hpp:146,
                 from /home/lrs-ubuntu/Desktop/LRS/LRS-FEI/workspace/src/template_drone_control/src/template_drone_control_node.cpp:1:
/opt/ros/foxy/include/rcl_interfaces/msg/detail/list_parameters_result__struct.hpp:26:11: note:   ‘rcl_interfaces::msg’
   26 | namespace msg
      |           ^~~
In file included from /opt/ros/foxy/include/geometry_msgs/msg/detail/pose_stamped__struct.hpp:19,
                 from /opt/ros/foxy/include/geometry_msgs/msg/pose_stamped.hpp:7,
                 from /home/lrs-ubuntu/Desktop/LRS/LRS-FEI/workspace/src/template_drone_control/src/template_drone_control_node.cpp:2:
/opt/ros/foxy/include/std_msgs/msg/detail/header__struct.hpp:30:11: note:   ‘std_msgs::msg’
   30 | namespace msg
      |           ^~~
In file included from /opt/ros/foxy/include/geometry_msgs/msg/detail/pose__struct.hpp:19,
                 from /opt/ros/foxy/include/geometry_msgs/msg/detail/pose_stamped__struct.hpp:21,
                 from /opt/ros/foxy/include/geometry_msgs/msg/pose_stamped.hpp:7,
                 from /home/lrs-ubuntu/Desktop/LRS/LRS-FEI/workspace/src/template_drone_control/src/template_drone_control_node.cpp:2:
/opt/ros/foxy/include/geometry_msgs/msg/detail/point__struct.hpp:26:11: note:   ‘geometry_msgs::msg’
   26 | namespace msg
      |           ^~~
In file included from /opt/ros/foxy/include/mavros_msgs/msg/state.hpp:7,
                 from /home/lrs-ubuntu/Desktop/LRS/LRS-FEI/workspace/src/template_drone_control/src/template_drone_control_node.cpp:3:
/opt/ros/foxy/include/mavros_msgs/msg/detail/state__struct.hpp:30:11: note:   ‘mavros_msgs::msg’
   30 | namespace msg
      |           ^~~
/home/lrs-ubuntu/Desktop/LRS/LRS-FEI/workspace/src/template_drone_control/src/template_drone_control_node.cpp:340:9: error: ‘Eigen’ has not been declared
  340 |         Eigen::VectorXd pCX;
      |         ^~~~~
/home/lrs-ubuntu/Desktop/LRS/LRS-FEI/workspace/src/template_drone_control/src/template_drone_control_node.cpp:341:9: error: ‘Eigen’ has not been declared
  341 |         Eigen::VectorXd pCY;
      |         ^~~~~
/home/lrs-ubuntu/Desktop/LRS/LRS-FEI/workspace/src/template_drone_control/src/template_drone_control_node.cpp:342:9: error: ‘Eigen’ has not been declared
  342 |         Eigen::VectorXd pCZ;
      |         ^~~~~
/home/lrs-ubuntu/Desktop/LRS/LRS-FEI/workspace/src/template_drone_control/src/template_drone_control_node.cpp:343:9: error: ‘pCX’ was not declared in this scope
  343 |         pCX = calculatePolynomialCoefficients(t0,tfx,p0x,x,v0,vf,a0,af);
      |         ^~~
/home/lrs-ubuntu/Desktop/LRS/LRS-FEI/workspace/src/template_drone_control/src/template_drone_control_node.cpp:343:15: error: ‘calculatePolynomialCoefficients’ was not declared in this scope
  343 |         pCX = calculatePolynomialCoefficients(t0,tfx,p0x,x,v0,vf,a0,af);
      |               ^~~~~~~~~~~~~~~~~~~~~~~~~~~~~~~
/home/lrs-ubuntu/Desktop/LRS/LRS-FEI/workspace/src/template_drone_control/src/template_drone_control_node.cpp:344:9: error: ‘pCY’ was not declared in this scope
  344 |         pCY = calculatePolynomialCoefficients(t0,tfy,p0y,y,v0,vf,a0,af);
      |         ^~~
/home/lrs-ubuntu/Desktop/LRS/LRS-FEI/workspace/src/template_drone_control/src/template_drone_control_node.cpp:345:9: error: ‘pCZ’ was not declared in this scope
  345 |         pCZ = calculatePolynomialCoefficients(t0,tfz,p0z,z,v0,vf,a0,af);
      |         ^~~
/home/lrs-ubuntu/Desktop/LRS/LRS-FEI/workspace/src/template_drone_control/src/template_drone_control_node.cpp:352:25: error: expected ‘;’ before ‘setpoint’
  352 |             t += 20/1000
      |                         ^
      |                         ;
  353 |             setpoint.header.stamp = this->get_clock()->now();
      |             ~~~~~~~~     
make[2]: *** [CMakeFiles/template_drone_control_node.dir/build.make:63: CMakeFiles/template_drone_control_node.dir/src/template_drone_control_node.cpp.o] Error 1
make[1]: *** [CMakeFiles/Makefile2:105: CMakeFiles/template_drone_control_node.dir/all] Error 2
make: *** [Makefile:141: all] Error 2
