[0.027s] Invoking command in '/home/lrs-ubuntu/Desktop/LRS/LRS-FEI/workspace/build/template_drone_control': CMAKE_PREFIX_PATH=/opt/ros/foxy /usr/bin/cmake --build /home/lrs-ubuntu/Desktop/LRS/LRS-FEI/workspace/build/template_drone_control -- -j12 -l12
[0.095s] [35m[1mScanning dependencies of target template_drone_control_node[0m
[0.141s] [ 50%] [32mBuilding CXX object CMakeFiles/template_drone_control_node.dir/src/template_drone_control_node.cpp.o[0m
[6.445s] /home/lrs-ubuntu/Desktop/LRS/LRS-FEI/workspace/src/template_drone_control/src/template_drone_control_node.cpp: In member function ‘void TemplateDroneControl::rotate_drone(float, float, float, float, float)’:
[6.445s] /home/lrs-ubuntu/Desktop/LRS/LRS-FEI/workspace/src/template_drone_control/src/template_drone_control_node.cpp:170:53: warning: left operand of comma operator has no effect [-Wunused-value]
[6.445s]   170 |                 current_local_pos_.pose.orientation.x,
[6.446s]       |                 ~~~~~~~~~~~~~~~~~~~~~~~~~~~~~~~~~~~~^
[6.446s] /home/lrs-ubuntu/Desktop/LRS/LRS-FEI/workspace/src/template_drone_control/src/template_drone_control_node.cpp:171:53: warning: right operand of comma operator has no effect [-Wunused-value]
[6.446s]   171 |                 current_local_pos_.pose.orientation.y,
[6.446s]       |                 ~~~~~~~~~~~~~~~~~~~~~~~~~~~~~~~~~~~~^
[6.446s] /home/lrs-ubuntu/Desktop/LRS/LRS-FEI/workspace/src/template_drone_control/src/template_drone_control_node.cpp:172:53: warning: right operand of comma operator has no effect [-Wunused-value]
[6.446s]   172 |                 current_local_pos_.pose.orientation.z,
[6.446s]       |                 ~~~~~~~~~~~~~~~~~~~~~~~~~~~~~~~~~~~~^
[6.446s] /home/lrs-ubuntu/Desktop/LRS/LRS-FEI/workspace/src/template_drone_control/src/template_drone_control_node.cpp:174:13: error: no match for ‘operator=’ (operand types are ‘tf2::Quaternion’ and ‘geometry_msgs::msg::Quaternion_<std::allocator<void> >::_w_type’ {aka ‘double’})
[6.446s]   174 |             );
[6.446s]       |             ^
[6.446s] In file included from /home/lrs-ubuntu/Desktop/LRS/LRS-FEI/workspace/src/template_drone_control/src/template_drone_control_node.cpp:12:
[6.446s] /opt/ros/foxy/include/tf2/LinearMath/Quaternion.h:29:7: note: candidate: ‘constexpr tf2::Quaternion& tf2::Quaternion::operator=(const tf2::Quaternion&)’
[6.447s]    29 | class Quaternion : public QuadWord {
[6.447s]       |       ^~~~~~~~~~
[6.447s] /opt/ros/foxy/include/tf2/LinearMath/Quaternion.h:29:7: note:   no known conversion for argument 1 from ‘geometry_msgs::msg::Quaternion_<std::allocator<void> >::_w_type’ {aka ‘double’} to ‘const tf2::Quaternion&’
[6.447s] /opt/ros/foxy/include/tf2/LinearMath/Quaternion.h:29:7: note: candidate: ‘constexpr tf2::Quaternion& tf2::Quaternion::operator=(tf2::Quaternion&&)’
[6.447s] /opt/ros/foxy/include/tf2/LinearMath/Quaternion.h:29:7: note:   no known conversion for argument 1 from ‘geometry_msgs::msg::Quaternion_<std::allocator<void> >::_w_type’ {aka ‘double’} to ‘tf2::Quaternion&&’
[6.447s] /home/lrs-ubuntu/Desktop/LRS/LRS-FEI/workspace/src/template_drone_control/src/template_drone_control_node.cpp:177:17: error: no match for call to ‘(tf2::Matrix3x3) (tf2::Quaternion&)’
[6.447s]   177 |              m(q);
[6.447s]       |                 ^
[6.448s] In file included from /opt/ros/foxy/include/rclcpp/client.hpp:40,
[6.448s]                  from /opt/ros/foxy/include/rclcpp/callback_group.hpp:23,
[6.448s]                  from /opt/ros/foxy/include/rclcpp/any_executable.hpp:20,
[6.448s]                  from /opt/ros/foxy/include/rclcpp/memory_strategy.hpp:24,
[6.448s]                  from /opt/ros/foxy/include/rclcpp/memory_strategies.hpp:18,
[6.448s]                  from /opt/ros/foxy/include/rclcpp/executor_options.hpp:20,
[6.448s]                  from /opt/ros/foxy/include/rclcpp/executor.hpp:33,
[6.448s]                  from /opt/ros/foxy/include/rclcpp/executors/multi_threaded_executor.hpp:26,
[6.448s]                  from /opt/ros/foxy/include/rclcpp/executors.hpp:21,
[6.448s]                  from /opt/ros/foxy/include/rclcpp/rclcpp.hpp:146,
[6.448s]                  from /home/lrs-ubuntu/Desktop/LRS/LRS-FEI/workspace/src/template_drone_control/src/template_drone_control_node.cpp:1:
[6.449s] /home/lrs-ubuntu/Desktop/LRS/LRS-FEI/workspace/src/template_drone_control/src/template_drone_control_node.cpp: In member function ‘void TemplateDroneControl::local_pos_cb(geometry_msgs::msg::PoseStamped_<std::allocator<void> >::SharedPtr)’:
[6.449s] /home/lrs-ubuntu/Desktop/LRS/LRS-FEI/workspace/src/template_drone_control/src/template_drone_control_node.cpp:203:106: error: ‘struct TemplateDroneControl::GlobalPose’ has no member named ‘position’
[6.449s]   203 |         RCLCPP_INFO(this->get_logger(), "Current Local Position: %f, %f, %f", global_pose.x, global_pose.position.y, global_pose.position.z);
[6.449s]       |                                                                                                          ^~~~~~~~
[6.449s] /home/lrs-ubuntu/Desktop/LRS/LRS-FEI/workspace/src/template_drone_control/src/template_drone_control_node.cpp:203:130: error: ‘struct TemplateDroneControl::GlobalPose’ has no member named ‘position’
[6.449s]   203 |         RCLCPP_INFO(this->get_logger(), "Current Local Position: %f, %f, %f", global_pose.x, global_pose.position.y, global_pose.position.z);
[6.449s]       |                                                                                                                                  ^~~~~~~~
[6.449s] make[2]: *** [CMakeFiles/template_drone_control_node.dir/build.make:63: CMakeFiles/template_drone_control_node.dir/src/template_drone_control_node.cpp.o] Error 1
[6.449s] make[1]: *** [CMakeFiles/Makefile2:105: CMakeFiles/template_drone_control_node.dir/all] Error 2
[6.450s] make: *** [Makefile:141: all] Error 2
[6.450s] Invoked command in '/home/lrs-ubuntu/Desktop/LRS/LRS-FEI/workspace/build/template_drone_control' returned '2': CMAKE_PREFIX_PATH=/opt/ros/foxy /usr/bin/cmake --build /home/lrs-ubuntu/Desktop/LRS/LRS-FEI/workspace/build/template_drone_control -- -j12 -l12
