[0.017s] Invoking command in '/home/lrs-ubuntu/Desktop/LRS/LRS-FEI/workspace/build/template_drone_control': CMAKE_PREFIX_PATH=/opt/ros/foxy /usr/bin/cmake --build /home/lrs-ubuntu/Desktop/LRS/LRS-FEI/workspace/build/template_drone_control -- -j12 -l12
[0.081s] [35m[1mScanning dependencies of target template_drone_control_node[0m
[0.113s] [ 50%] [32mBuilding CXX object CMakeFiles/template_drone_control_node.dir/src/template_drone_control_node.cpp.o[0m
[7.775s] /home/lrs-ubuntu/Desktop/LRS/LRS-FEI/workspace/src/template_drone_control/src/template_drone_control_node.cpp: In constructor ‘TemplateDroneControl::TemplateDroneControl()’:
[7.775s] /home/lrs-ubuntu/Desktop/LRS/LRS-FEI/workspace/src/template_drone_control/src/template_drone_control_node.cpp:39:65: error: ‘PositionTarget’ is not a member of ‘mavros_msgs’; did you mean ‘mavros_msgs::msg::PositionTarget’?
[7.776s]    39 |         velocity_pos_pub_ = this->create_publisher<mavros_msgs::PositionTarget>("/mavros/setpoint_raw/local", 10);
[7.776s]       |                                                                 ^~~~~~~~~~~~~~
[7.776s] In file included from /opt/ros/foxy/include/mavros_msgs/msg/position_target.hpp:7,
[7.776s]                  from /home/lrs-ubuntu/Desktop/LRS/LRS-FEI/workspace/src/template_drone_control/src/template_drone_control_node.cpp:7:
[7.776s] /opt/ros/foxy/include/mavros_msgs/msg/detail/position_target__struct.hpp:259:7: note: ‘mavros_msgs::msg::PositionTarget’ declared here
[7.776s]   259 | using PositionTarget =
[7.776s]       |       ^~~~~~~~~~~~~~
[7.776s] /home/lrs-ubuntu/Desktop/LRS/LRS-FEI/workspace/src/template_drone_control/src/template_drone_control_node.cpp:39:65: error: ‘PositionTarget’ is not a member of ‘mavros_msgs’; did you mean ‘mavros_msgs::msg::PositionTarget’?
[7.776s]    39 |         velocity_pos_pub_ = this->create_publisher<mavros_msgs::PositionTarget>("/mavros/setpoint_raw/local", 10);
[7.776s]       |                                                                 ^~~~~~~~~~~~~~
[7.776s] In file included from /opt/ros/foxy/include/mavros_msgs/msg/position_target.hpp:7,
[7.776s]                  from /home/lrs-ubuntu/Desktop/LRS/LRS-FEI/workspace/src/template_drone_control/src/template_drone_control_node.cpp:7:
[7.776s] /opt/ros/foxy/include/mavros_msgs/msg/detail/position_target__struct.hpp:259:7: note: ‘mavros_msgs::msg::PositionTarget’ declared here
[7.776s]   259 | using PositionTarget =
[7.776s]       |       ^~~~~~~~~~~~~~
[7.776s] /home/lrs-ubuntu/Desktop/LRS/LRS-FEI/workspace/src/template_drone_control/src/template_drone_control_node.cpp:39:113: error: no matching function for call to ‘TemplateDroneControl::create_publisher<<expression error> >(const char [27], int)’
[7.776s]    39 |         velocity_pos_pub_ = this->create_publisher<mavros_msgs::PositionTarget>("/mavros/setpoint_raw/local", 10);
[7.776s]       |                                                                                                                 ^
[7.776s] In file included from /opt/ros/foxy/include/rclcpp/node.hpp:1224,
[7.777s]                  from /opt/ros/foxy/include/rclcpp/executors/single_threaded_executor.hpp:28,
[7.777s]                  from /opt/ros/foxy/include/rclcpp/executors.hpp:22,
[7.777s]                  from /opt/ros/foxy/include/rclcpp/rclcpp.hpp:146,
[7.777s]                  from /home/lrs-ubuntu/Desktop/LRS/LRS-FEI/workspace/src/template_drone_control/src/template_drone_control_node.cpp:1:
[7.777s] /opt/ros/foxy/include/rclcpp/node_impl.hpp:71:1: note: candidate: ‘template<class MessageT, class AllocatorT, class PublisherT> std::shared_ptr<PublisherT> rclcpp::Node::create_publisher(const string&, const rclcpp::QoS&, const rclcpp::PublisherOptionsWithAllocator<AllocatorT>&)’
[7.777s]    71 | Node::create_publisher(
[7.777s]       | ^~~~
[7.777s] /opt/ros/foxy/include/rclcpp/node_impl.hpp:71:1: note:   template argument deduction/substitution failed:
[7.777s] /home/lrs-ubuntu/Desktop/LRS/LRS-FEI/workspace/src/template_drone_control/src/template_drone_control_node.cpp:39:113: error: template argument 1 is invalid
[7.777s]    39 |         velocity_pos_pub_ = this->create_publisher<mavros_msgs::PositionTarget>("/mavros/setpoint_raw/local", 10);
[7.777s]       |                                                                                                                 ^
[7.777s] /home/lrs-ubuntu/Desktop/LRS/LRS-FEI/workspace/src/template_drone_control/src/template_drone_control_node.cpp: In member function ‘double TemplateDroneControl::getVelocity(double) const’:
[7.777s] /home/lrs-ubuntu/Desktop/LRS/LRS-FEI/workspace/src/template_drone_control/src/template_drone_control_node.cpp:94:32: error: ‘positionCoefficients’ was not declared in this scope
[7.777s]    94 |         for (size_t i = 1; i < positionCoefficients.size(); ++i) {
[7.777s]       |                                ^~~~~~~~~~~~~~~~~~~~
[7.777s] /home/lrs-ubuntu/Desktop/LRS/LRS-FEI/workspace/src/template_drone_control/src/template_drone_control_node.cpp: In member function ‘void TemplateDroneControl::send_position_command(float, float, float, float)’:
[7.777s] /home/lrs-ubuntu/Desktop/LRS/LRS-FEI/workspace/src/template_drone_control/src/template_drone_control_node.cpp:302:9: error: ‘p0x’ was not declared in this scope
[7.777s]   302 |         p0x = current_local_pos_.pose.position.x;
[7.777s]       |         ^~~
[7.778s] /home/lrs-ubuntu/Desktop/LRS/LRS-FEI/workspace/src/template_drone_control/src/template_drone_control_node.cpp:303:9: error: ‘p0y’ was not declared in this scope
[7.778s]   303 |         p0y = current_local_pos_.pose.position.y;
[7.778s]       |         ^~~
[7.778s] /home/lrs-ubuntu/Desktop/LRS/LRS-FEI/workspace/src/template_drone_control/src/template_drone_control_node.cpp:304:9: error: ‘p0z’ was not declared in this scope
[7.778s]   304 |         p0z = current_local_pos_.pose.position.z;
[7.778s]       |         ^~~
[7.778s] /home/lrs-ubuntu/Desktop/LRS/LRS-FEI/workspace/src/template_drone_control/src/template_drone_control_node.cpp:311:43: error: ‘mavros_msgs::PositionTarget’ has not been declared
[7.778s]   311 |         setpoint.type_mask = mavros_msgs::PositionTarget::IGNORE_AFX |
[7.778s]       |                                           ^~~~~~~~~~~~~~
[7.778s] /home/lrs-ubuntu/Desktop/LRS/LRS-FEI/workspace/src/template_drone_control/src/template_drone_control_node.cpp:312:38: error: ‘mavros_msgs::PositionTarget’ has not been declared
[7.778s]   312 |                         mavros_msgs::PositionTarget::IGNORE_AFY |
[7.778s]       |                                      ^~~~~~~~~~~~~~
[7.778s] /home/lrs-ubuntu/Desktop/LRS/LRS-FEI/workspace/src/template_drone_control/src/template_drone_control_node.cpp:313:38: error: ‘mavros_msgs::PositionTarget’ has not been declared
[7.778s]   313 |                         mavros_msgs::PositionTarget::IGNORE_AFZ |
[7.778s]       |                                      ^~~~~~~~~~~~~~
[7.778s] /home/lrs-ubuntu/Desktop/LRS/LRS-FEI/workspace/src/template_drone_control/src/template_drone_control_node.cpp:314:38: error: ‘mavros_msgs::PositionTarget’ has not been declared
[7.778s]   314 |                         mavros_msgs::PositionTarget::FORCE;
[7.778s]       |                                      ^~~~~~~~~~~~~~
[7.778s] /home/lrs-ubuntu/Desktop/LRS/LRS-FEI/workspace/src/template_drone_control/src/template_drone_control_node.cpp:318:18: error: ‘using PositionTarget = struct mavros_msgs::msg::PositionTarget_<std::allocator<void> >’ {aka ‘struct mavros_msgs::msg::PositionTarget_<std::allocator<void> >’} has no member named ‘orientation’
[7.779s]   318 |         setpoint.orientation.x = q.x();
[7.779s]       |                  ^~~~~~~~~~~
[7.779s] /home/lrs-ubuntu/Desktop/LRS/LRS-FEI/workspace/src/template_drone_control/src/template_drone_control_node.cpp:319:18: error: ‘using PositionTarget = struct mavros_msgs::msg::PositionTarget_<std::allocator<void> >’ {aka ‘struct mavros_msgs::msg::PositionTarget_<std::allocator<void> >’} has no member named ‘orientation’
[7.779s]   319 |         setpoint.orientation.y = q.y();
[7.779s]       |                  ^~~~~~~~~~~
[7.779s] /home/lrs-ubuntu/Desktop/LRS/LRS-FEI/workspace/src/template_drone_control/src/template_drone_control_node.cpp:320:18: error: ‘using PositionTarget = struct mavros_msgs::msg::PositionTarget_<std::allocator<void> >’ {aka ‘struct mavros_msgs::msg::PositionTarget_<std::allocator<void> >’} has no member named ‘orientation’
[7.779s]   320 |         setpoint.orientation.z = q.z();
[7.779s]       |                  ^~~~~~~~~~~
[7.779s] /home/lrs-ubuntu/Desktop/LRS/LRS-FEI/workspace/src/template_drone_control/src/template_drone_control_node.cpp:321:18: error: ‘using PositionTarget = struct mavros_msgs::msg::PositionTarget_<std::allocator<void> >’ {aka ‘struct mavros_msgs::msg::PositionTarget_<std::allocator<void> >’} has no member named ‘orientation’
[7.779s]   321 |         setpoint.orientation.w = q.w();
[7.779s]       |                  ^~~~~~~~~~~
[7.779s] /home/lrs-ubuntu/Desktop/LRS/LRS-FEI/workspace/src/template_drone_control/src/template_drone_control_node.cpp:330:20: error: ‘msg’ was not declared in this scope
[7.779s]   330 |         position = msg;
[7.779s]       |                    ^~~
[7.779s] /home/lrs-ubuntu/Desktop/LRS/LRS-FEI/workspace/src/template_drone_control/src/template_drone_control_node.cpp:330:20: note: suggested alternatives:
[7.779s] In file included from /opt/ros/foxy/include/builtin_interfaces/msg/duration.hpp:7,
[7.779s]                  from /opt/ros/foxy/include/rclcpp/duration.hpp:20,
[7.779s]                  from /opt/ros/foxy/include/rclcpp/qos.hpp:20,
[7.779s]                  from /opt/ros/foxy/include/rclcpp/node_interfaces/node_graph_interface.hpp:31,
[7.780s]                  from /opt/ros/foxy/include/rclcpp/client.hpp:34,
[7.780s]                  from /opt/ros/foxy/include/rclcpp/callback_group.hpp:23,
[7.780s]                  from /opt/ros/foxy/include/rclcpp/any_executable.hpp:20,
[7.780s]                  from /opt/ros/foxy/include/rclcpp/memory_strategy.hpp:24,
[7.780s]                  from /opt/ros/foxy/include/rclcpp/memory_strategies.hpp:18,
[7.780s]                  from /opt/ros/foxy/include/rclcpp/executor_options.hpp:20,
[7.780s]                  from /opt/ros/foxy/include/rclcpp/executor.hpp:33,
[7.780s]                  from /opt/ros/foxy/include/rclcpp/executors/multi_threaded_executor.hpp:26,
[7.780s]                  from /opt/ros/foxy/include/rclcpp/executors.hpp:21,
[7.780s]                  from /opt/ros/foxy/include/rclcpp/rclcpp.hpp:146,
[7.780s]                  from /home/lrs-ubuntu/Desktop/LRS/LRS-FEI/workspace/src/template_drone_control/src/template_drone_control_node.cpp:1:
[7.780s] /opt/ros/foxy/include/builtin_interfaces/msg/detail/duration__struct.hpp:26:11: note:   ‘builtin_interfaces::msg’
[7.780s]    26 | namespace msg
[7.780s]       |           ^~~
[7.780s] In file included from /opt/ros/foxy/include/statistics_msgs/msg/detail/metrics_message__struct.hpp:22,
[7.780s]                  from /opt/ros/foxy/include/statistics_msgs/msg/metrics_message.hpp:7,
[7.780s]                  from /opt/ros/foxy/include/libstatistics_collector/collector/generate_statistics_message.hpp:21,
[7.780s]                  from /opt/ros/foxy/include/rclcpp/topic_statistics/subscription_topic_statistics.hpp:23,
[7.781s]                  from /opt/ros/foxy/include/rclcpp/subscription.hpp:50,
[7.781s]                  from /opt/ros/foxy/include/rclcpp/any_executable.hpp:25,
[7.781s]                  from /opt/ros/foxy/include/rclcpp/memory_strategy.hpp:24,
[7.781s]                  from /opt/ros/foxy/include/rclcpp/memory_strategies.hpp:18,
[7.781s]                  from /opt/ros/foxy/include/rclcpp/executor_options.hpp:20,
[7.781s]                  from /opt/ros/foxy/include/rclcpp/executor.hpp:33,
[7.781s]                  from /opt/ros/foxy/include/rclcpp/executors/multi_threaded_executor.hpp:26,
[7.781s]                  from /opt/ros/foxy/include/rclcpp/executors.hpp:21,
[7.781s]                  from /opt/ros/foxy/include/rclcpp/rclcpp.hpp:146,
[7.781s]                  from /home/lrs-ubuntu/Desktop/LRS/LRS-FEI/workspace/src/template_drone_control/src/template_drone_control_node.cpp:1:
[7.781s] /opt/ros/foxy/include/statistics_msgs/msg/detail/statistic_data_point__struct.hpp:26:11: note:   ‘statistics_msgs::msg’
[7.781s]    26 | namespace msg
[7.781s]       |           ^~~
[7.781s] In file included from /opt/ros/foxy/include/rcl_interfaces/msg/list_parameters_result.hpp:7,
[7.781s]                  from /opt/ros/foxy/include/rclcpp/node.hpp:34,
[7.781s]                  from /opt/ros/foxy/include/rclcpp/executors/single_threaded_executor.hpp:28,
[7.781s]                  from /opt/ros/foxy/include/rclcpp/executors.hpp:22,
[7.781s]                  from /opt/ros/foxy/include/rclcpp/rclcpp.hpp:146,
[7.781s]                  from /home/lrs-ubuntu/Desktop/LRS/LRS-FEI/workspace/src/template_drone_control/src/template_drone_control_node.cpp:1:
[7.782s] /opt/ros/foxy/include/rcl_interfaces/msg/detail/list_parameters_result__struct.hpp:26:11: note:   ‘rcl_interfaces::msg’
[7.782s]    26 | namespace msg
[7.782s]       |           ^~~
[7.782s] In file included from /opt/ros/foxy/include/geometry_msgs/msg/detail/pose_stamped__struct.hpp:19,
[7.782s]                  from /opt/ros/foxy/include/geometry_msgs/msg/pose_stamped.hpp:7,
[7.782s]                  from /home/lrs-ubuntu/Desktop/LRS/LRS-FEI/workspace/src/template_drone_control/src/template_drone_control_node.cpp:2:
[7.782s] /opt/ros/foxy/include/std_msgs/msg/detail/header__struct.hpp:30:11: note:   ‘std_msgs::msg’
[7.782s]    30 | namespace msg
[7.782s]       |           ^~~
[7.782s] In file included from /opt/ros/foxy/include/geometry_msgs/msg/detail/pose__struct.hpp:19,
[7.782s]                  from /opt/ros/foxy/include/geometry_msgs/msg/detail/pose_stamped__struct.hpp:21,
[7.782s]                  from /opt/ros/foxy/include/geometry_msgs/msg/pose_stamped.hpp:7,
[7.782s]                  from /home/lrs-ubuntu/Desktop/LRS/LRS-FEI/workspace/src/template_drone_control/src/template_drone_control_node.cpp:2:
[7.782s] /opt/ros/foxy/include/geometry_msgs/msg/detail/point__struct.hpp:26:11: note:   ‘geometry_msgs::msg’
[7.782s]    26 | namespace msg
[7.782s]       |           ^~~
[7.782s] In file included from /opt/ros/foxy/include/mavros_msgs/msg/state.hpp:7,
[7.782s]                  from /home/lrs-ubuntu/Desktop/LRS/LRS-FEI/workspace/src/template_drone_control/src/template_drone_control_node.cpp:3:
[7.783s] /opt/ros/foxy/include/mavros_msgs/msg/detail/state__struct.hpp:30:11: note:   ‘mavros_msgs::msg’
[7.783s]    30 | namespace msg
[7.783s]       |           ^~~
[7.783s] make[2]: *** [CMakeFiles/template_drone_control_node.dir/build.make:63: CMakeFiles/template_drone_control_node.dir/src/template_drone_control_node.cpp.o] Error 1
[7.783s] make[1]: *** [CMakeFiles/Makefile2:105: CMakeFiles/template_drone_control_node.dir/all] Error 2
[7.783s] make: *** [Makefile:141: all] Error 2
[7.787s] Invoked command in '/home/lrs-ubuntu/Desktop/LRS/LRS-FEI/workspace/build/template_drone_control' returned '2': CMAKE_PREFIX_PATH=/opt/ros/foxy /usr/bin/cmake --build /home/lrs-ubuntu/Desktop/LRS/LRS-FEI/workspace/build/template_drone_control -- -j12 -l12
