[0.031s] Invoking command in '/home/lrs-ubuntu/Desktop/LRS/LRS-FEI/workspace/build/template_drone_control': CMAKE_PREFIX_PATH=/opt/ros/foxy /usr/bin/cmake --build /home/lrs-ubuntu/Desktop/LRS/LRS-FEI/workspace/build/template_drone_control -- -j12 -l12
[0.121s] [35m[1mScanning dependencies of target template_drone_control_node[0m
[0.177s] [ 50%] [32mBuilding CXX object CMakeFiles/template_drone_control_node.dir/src/template_drone_control_node.cpp.o[0m
[7.006s] /home/lrs-ubuntu/Desktop/LRS/LRS-FEI/workspace/src/template_drone_control/src/template_drone_control_node.cpp: In member function ‘char TemplateDroneControl::getch()’:
[7.006s] /home/lrs-ubuntu/Desktop/LRS/LRS-FEI/workspace/src/template_drone_control/src/template_drone_control_node.cpp:85:32: warning: missing initializer for member ‘termios::c_oflag’ [-Wmissing-field-initializers]
[7.006s]    85 |         struct termios old = {0};
[7.006s]       |                                ^
[7.006s] /home/lrs-ubuntu/Desktop/LRS/LRS-FEI/workspace/src/template_drone_control/src/template_drone_control_node.cpp:85:32: warning: missing initializer for member ‘termios::c_cflag’ [-Wmissing-field-initializers]
[7.006s] /home/lrs-ubuntu/Desktop/LRS/LRS-FEI/workspace/src/template_drone_control/src/template_drone_control_node.cpp:85:32: warning: missing initializer for member ‘termios::c_lflag’ [-Wmissing-field-initializers]
[7.007s] /home/lrs-ubuntu/Desktop/LRS/LRS-FEI/workspace/src/template_drone_control/src/template_drone_control_node.cpp:85:32: warning: missing initializer for member ‘termios::c_line’ [-Wmissing-field-initializers]
[7.007s] /home/lrs-ubuntu/Desktop/LRS/LRS-FEI/workspace/src/template_drone_control/src/template_drone_control_node.cpp:85:32: warning: missing initializer for member ‘termios::c_cc’ [-Wmissing-field-initializers]
[7.007s] /home/lrs-ubuntu/Desktop/LRS/LRS-FEI/workspace/src/template_drone_control/src/template_drone_control_node.cpp:85:32: warning: missing initializer for member ‘termios::c_ispeed’ [-Wmissing-field-initializers]
[7.007s] /home/lrs-ubuntu/Desktop/LRS/LRS-FEI/workspace/src/template_drone_control/src/template_drone_control_node.cpp:85:32: warning: missing initializer for member ‘termios::c_ospeed’ [-Wmissing-field-initializers]
[7.007s] /home/lrs-ubuntu/Desktop/LRS/LRS-FEI/workspace/src/template_drone_control/src/template_drone_control_node.cpp: In member function ‘void TemplateDroneControl::state_cb(mavros_msgs::msg::State_<std::allocator<void> >::SharedPtr)’:
[7.007s] /home/lrs-ubuntu/Desktop/LRS/LRS-FEI/workspace/src/template_drone_control/src/template_drone_control_node.cpp:123:35: error: expected ‘;’ before ‘}’ token
[7.007s]   123 |             guided_mode_set = true
[7.007s]       |                                   ^
[7.007s]       |                                   ;
[7.008s]   124 |         }
[7.008s]       |         ~                          
[7.008s] /home/lrs-ubuntu/Desktop/LRS/LRS-FEI/workspace/src/template_drone_control/src/template_drone_control_node.cpp: In member function ‘void TemplateDroneControl::send_takeoff_land_request(float, bool)’:
[7.008s] /home/lrs-ubuntu/Desktop/LRS/LRS-FEI/workspace/src/template_drone_control/src/template_drone_control_node.cpp:171:81: error: ‘future’ was not declared in this scope; did you mean ‘std::future’?
[7.008s]   171 |         if (rclcpp::spin_until_future_complete(this->get_node_base_interface(), future) ==
[7.008s]       |                                                                                 ^~~~~~
[7.008s]       |                                                                                 std::future
[7.008s] In file included from /opt/ros/foxy/include/rclcpp/executors.hpp:18,
[7.008s]                  from /opt/ros/foxy/include/rclcpp/rclcpp.hpp:146,
[7.008s]                  from /home/lrs-ubuntu/Desktop/LRS/LRS-FEI/workspace/src/template_drone_control/src/template_drone_control_node.cpp:1:
[7.009s] /usr/include/c++/9/future:125:11: note: ‘std::future’ declared here
[7.009s]   125 |     class future;
[7.009s]       |           ^~~~~~
[7.009s] make[2]: *** [CMakeFiles/template_drone_control_node.dir/build.make:63: CMakeFiles/template_drone_control_node.dir/src/template_drone_control_node.cpp.o] Error 1
[7.009s] make[1]: *** [CMakeFiles/Makefile2:105: CMakeFiles/template_drone_control_node.dir/all] Error 2
[7.009s] make: *** [Makefile:141: all] Error 2
[7.013s] Invoked command in '/home/lrs-ubuntu/Desktop/LRS/LRS-FEI/workspace/build/template_drone_control' returned '2': CMAKE_PREFIX_PATH=/opt/ros/foxy /usr/bin/cmake --build /home/lrs-ubuntu/Desktop/LRS/LRS-FEI/workspace/build/template_drone_control -- -j12 -l12
