[0.035s] Invoking command in '/home/lrs-ubuntu/Desktop/LRS/LRS-FEI/workspace/build/template_drone_control': CMAKE_PREFIX_PATH=/opt/ros/foxy /usr/bin/cmake --build /home/lrs-ubuntu/Desktop/LRS/LRS-FEI/workspace/build/template_drone_control -- -j12 -l12
[0.133s] [35m[1mScanning dependencies of target template_drone_control_node[0m
[0.188s] [ 50%] [32mBuilding CXX object CMakeFiles/template_drone_control_node.dir/src/template_drone_control_node.cpp.o[0m
[8.512s] /home/lrs-ubuntu/Desktop/LRS/LRS-FEI/workspace/src/template_drone_control/src/template_drone_control_node.cpp:197:41: error: ISO C++ forbids declaration of ‘rotate_drone_action’ with no type [-fpermissive]
[8.513s]   197 |     rotate_drone_action(float yaw_degree) {
[8.514s]       |                                         ^
[8.515s] /home/lrs-ubuntu/Desktop/LRS/LRS-FEI/workspace/src/template_drone_control/src/template_drone_control_node.cpp: In member function ‘void TemplateDroneControl::move_to_position()’:
[8.515s] /home/lrs-ubuntu/Desktop/LRS/LRS-FEI/workspace/src/template_drone_control/src/template_drone_control_node.cpp:124:17: error: ‘yaw_degree’ was not declared in this scope
[8.516s]   124 |                 yaw_degree(180);
[8.516s]       |                 ^~~~~~~~~~
[8.516s] /home/lrs-ubuntu/Desktop/LRS/LRS-FEI/workspace/src/template_drone_control/src/template_drone_control_node.cpp:128:17: error: ‘yaw_degree’ was not declared in this scope
[8.516s]   128 |                 yaw_degree(90);
[8.516s]       |                 ^~~~~~~~~~
[8.516s] /home/lrs-ubuntu/Desktop/LRS/LRS-FEI/workspace/src/template_drone_control/src/template_drone_control_node.cpp: In member function ‘int TemplateDroneControl::rotate_drone_action(float)’:
[8.516s] /home/lrs-ubuntu/Desktop/LRS/LRS-FEI/workspace/src/template_drone_control/src/template_drone_control_node.cpp:218:9: error: ‘msg’ was not declared in this scope
[8.516s]   218 |         msg.pose.orientation.x = q.x();
[8.517s]       |         ^~~
[8.517s] /home/lrs-ubuntu/Desktop/LRS/LRS-FEI/workspace/src/template_drone_control/src/template_drone_control_node.cpp:218:9: note: suggested alternatives:
[8.517s] In file included from /opt/ros/foxy/include/builtin_interfaces/msg/duration.hpp:7,
[8.517s]                  from /opt/ros/foxy/include/rclcpp/duration.hpp:20,
[8.517s]                  from /opt/ros/foxy/include/rclcpp/qos.hpp:20,
[8.517s]                  from /opt/ros/foxy/include/rclcpp/node_interfaces/node_graph_interface.hpp:31,
[8.517s]                  from /opt/ros/foxy/include/rclcpp/client.hpp:34,
[8.517s]                  from /opt/ros/foxy/include/rclcpp/callback_group.hpp:23,
[8.517s]                  from /opt/ros/foxy/include/rclcpp/any_executable.hpp:20,
[8.517s]                  from /opt/ros/foxy/include/rclcpp/memory_strategy.hpp:24,
[8.517s]                  from /opt/ros/foxy/include/rclcpp/memory_strategies.hpp:18,
[8.517s]                  from /opt/ros/foxy/include/rclcpp/executor_options.hpp:20,
[8.517s]                  from /opt/ros/foxy/include/rclcpp/executor.hpp:33,
[8.517s]                  from /opt/ros/foxy/include/rclcpp/executors/multi_threaded_executor.hpp:26,
[8.518s]                  from /opt/ros/foxy/include/rclcpp/executors.hpp:21,
[8.518s]                  from /opt/ros/foxy/include/rclcpp/rclcpp.hpp:146,
[8.518s]                  from /home/lrs-ubuntu/Desktop/LRS/LRS-FEI/workspace/src/template_drone_control/src/template_drone_control_node.cpp:1:
[8.518s] /opt/ros/foxy/include/builtin_interfaces/msg/detail/duration__struct.hpp:26:11: note:   ‘builtin_interfaces::msg’
[8.518s]    26 | namespace msg
[8.518s]       |           ^~~
[8.518s] In file included from /opt/ros/foxy/include/statistics_msgs/msg/detail/metrics_message__struct.hpp:22,
[8.518s]                  from /opt/ros/foxy/include/statistics_msgs/msg/metrics_message.hpp:7,
[8.518s]                  from /opt/ros/foxy/include/libstatistics_collector/collector/generate_statistics_message.hpp:21,
[8.518s]                  from /opt/ros/foxy/include/rclcpp/topic_statistics/subscription_topic_statistics.hpp:23,
[8.518s]                  from /opt/ros/foxy/include/rclcpp/subscription.hpp:50,
[8.518s]                  from /opt/ros/foxy/include/rclcpp/any_executable.hpp:25,
[8.518s]                  from /opt/ros/foxy/include/rclcpp/memory_strategy.hpp:24,
[8.518s]                  from /opt/ros/foxy/include/rclcpp/memory_strategies.hpp:18,
[8.518s]                  from /opt/ros/foxy/include/rclcpp/executor_options.hpp:20,
[8.518s]                  from /opt/ros/foxy/include/rclcpp/executor.hpp:33,
[8.519s]                  from /opt/ros/foxy/include/rclcpp/executors/multi_threaded_executor.hpp:26,
[8.519s]                  from /opt/ros/foxy/include/rclcpp/executors.hpp:21,
[8.520s]                  from /opt/ros/foxy/include/rclcpp/rclcpp.hpp:146,
[8.520s]                  from /home/lrs-ubuntu/Desktop/LRS/LRS-FEI/workspace/src/template_drone_control/src/template_drone_control_node.cpp:1:
[8.520s] /opt/ros/foxy/include/statistics_msgs/msg/detail/statistic_data_point__struct.hpp:26:11: note:   ‘statistics_msgs::msg’
[8.521s]    26 | namespace msg
[8.522s]       |           ^~~
[8.523s] In file included from /opt/ros/foxy/include/rcl_interfaces/msg/list_parameters_result.hpp:7,
[8.523s]                  from /opt/ros/foxy/include/rclcpp/node.hpp:34,
[8.524s]                  from /opt/ros/foxy/include/rclcpp/executors/single_threaded_executor.hpp:28,
[8.525s]                  from /opt/ros/foxy/include/rclcpp/executors.hpp:22,
[8.526s]                  from /opt/ros/foxy/include/rclcpp/rclcpp.hpp:146,
[8.526s]                  from /home/lrs-ubuntu/Desktop/LRS/LRS-FEI/workspace/src/template_drone_control/src/template_drone_control_node.cpp:1:
[8.527s] /opt/ros/foxy/include/rcl_interfaces/msg/detail/list_parameters_result__struct.hpp:26:11: note:   ‘rcl_interfaces::msg’
[8.529s]    26 | namespace msg
[8.530s]       |           ^~~
[8.531s] In file included from /opt/ros/foxy/include/geometry_msgs/msg/detail/pose_stamped__struct.hpp:19,
[8.531s]                  from /opt/ros/foxy/include/geometry_msgs/msg/pose_stamped.hpp:7,
[8.532s]                  from /home/lrs-ubuntu/Desktop/LRS/LRS-FEI/workspace/src/template_drone_control/src/template_drone_control_node.cpp:2:
[8.532s] /opt/ros/foxy/include/std_msgs/msg/detail/header__struct.hpp:30:11: note:   ‘std_msgs::msg’
[8.532s]    30 | namespace msg
[8.532s]       |           ^~~
[8.532s] In file included from /opt/ros/foxy/include/geometry_msgs/msg/detail/pose__struct.hpp:19,
[8.532s]                  from /opt/ros/foxy/include/geometry_msgs/msg/detail/pose_stamped__struct.hpp:21,
[8.532s]                  from /opt/ros/foxy/include/geometry_msgs/msg/pose_stamped.hpp:7,
[8.533s]                  from /home/lrs-ubuntu/Desktop/LRS/LRS-FEI/workspace/src/template_drone_control/src/template_drone_control_node.cpp:2:
[8.533s] /opt/ros/foxy/include/geometry_msgs/msg/detail/point__struct.hpp:26:11: note:   ‘geometry_msgs::msg’
[8.533s]    26 | namespace msg
[8.533s]       |           ^~~
[8.533s] In file included from /opt/ros/foxy/include/mavros_msgs/msg/state.hpp:7,
[8.534s]                  from /home/lrs-ubuntu/Desktop/LRS/LRS-FEI/workspace/src/template_drone_control/src/template_drone_control_node.cpp:3:
[8.534s] /opt/ros/foxy/include/mavros_msgs/msg/detail/state__struct.hpp:30:11: note:   ‘mavros_msgs::msg’
[8.534s]    30 | namespace msg
[8.534s]       |           ^~~
[8.534s] /home/lrs-ubuntu/Desktop/LRS/LRS-FEI/workspace/src/template_drone_control/src/template_drone_control_node.cpp:226:25: error: ‘precision’ was not declared in this scope; did you mean ‘hard_precision’?
[8.534s]   226 |         while(yaw_err > precision)
[8.534s]       |                         ^~~~~~~~~
[8.534s]       |                         hard_precision
[8.534s] /home/lrs-ubuntu/Desktop/LRS/LRS-FEI/workspace/src/template_drone_control/src/template_drone_control_node.cpp:245:5: warning: no return statement in function returning non-void [-Wreturn-type]
[8.534s]   245 |     }
[8.534s]       |     ^
[8.534s] /home/lrs-ubuntu/Desktop/LRS/LRS-FEI/workspace/src/template_drone_control/src/template_drone_control_node.cpp: In member function ‘void TemplateDroneControl::load_points_from_csv(const string&)’:
[8.534s] /home/lrs-ubuntu/Desktop/LRS/LRS-FEI/workspace/src/template_drone_control/src/template_drone_control_node.cpp:525:37: error: variable ‘std::ifstream file’ has initializer but incomplete type
[8.534s]   525 |         std::ifstream file(file_path);
[8.535s]       |                                     ^
[8.535s] make[2]: *** [CMakeFiles/template_drone_control_node.dir/build.make:63: CMakeFiles/template_drone_control_node.dir/src/template_drone_control_node.cpp.o] Error 1
[8.535s] make[1]: *** [CMakeFiles/Makefile2:105: CMakeFiles/template_drone_control_node.dir/all] Error 2
[8.535s] make: *** [Makefile:141: all] Error 2
[8.535s] Invoked command in '/home/lrs-ubuntu/Desktop/LRS/LRS-FEI/workspace/build/template_drone_control' returned '2': CMAKE_PREFIX_PATH=/opt/ros/foxy /usr/bin/cmake --build /home/lrs-ubuntu/Desktop/LRS/LRS-FEI/workspace/build/template_drone_control -- -j12 -l12
