[35m[1mScanning dependencies of target template_drone_control_node[0m
[ 50%] [32mBuilding CXX object CMakeFiles/template_drone_control_node.dir/src/template_drone_control_node.cpp.o[0m
[100%] [32m[1mLinking CXX executable template_drone_control_node[0m
[100%] Built target template_drone_control_node
-- Install configuration: ""
-- Installing: /home/lrs-ubuntu/Desktop/LRS/LRS-FEI/workspace/src/install/template_drone_control/lib/template_drone_control/template_drone_control_node
-- Set runtime path of "/home/lrs-ubuntu/Desktop/LRS/LRS-FEI/workspace/src/install/template_drone_control/lib/template_drone_control/template_drone_control_node" to ""
-- Installing: /home/lrs-ubuntu/Desktop/LRS/LRS-FEI/workspace/src/install/template_drone_control/share/ament_index/resource_index/package_run_dependencies/template_drone_control
-- Installing: /home/lrs-ubuntu/Desktop/LRS/LRS-FEI/workspace/src/install/template_drone_control/share/ament_index/resource_index/parent_prefix_path/template_drone_control
-- Installing: /home/lrs-ubuntu/Desktop/LRS/LRS-FEI/workspace/src/install/template_drone_control/share/template_drone_control/environment/ament_prefix_path.sh
-- Installing: /home/lrs-ubuntu/Desktop/LRS/LRS-FEI/workspace/src/install/template_drone_control/share/template_drone_control/environment/ament_prefix_path.dsv
-- Installing: /home/lrs-ubuntu/Desktop/LRS/LRS-FEI/workspace/src/install/template_drone_control/share/template_drone_control/environment/path.sh
-- Installing: /home/lrs-ubuntu/Desktop/LRS/LRS-FEI/workspace/src/install/template_drone_control/share/template_drone_control/environment/path.dsv
-- Installing: /home/lrs-ubuntu/Desktop/LRS/LRS-FEI/workspace/src/install/template_drone_control/share/template_drone_control/local_setup.bash
-- Installing: /home/lrs-ubuntu/Desktop/LRS/LRS-FEI/workspace/src/install/template_drone_control/share/template_drone_control/local_setup.sh
-- Installing: /home/lrs-ubuntu/Desktop/LRS/LRS-FEI/workspace/src/install/template_drone_control/share/template_drone_control/local_setup.zsh
-- Installing: /home/lrs-ubuntu/Desktop/LRS/LRS-FEI/workspace/src/install/template_drone_control/share/template_drone_control/local_setup.dsv
-- Installing: /home/lrs-ubuntu/Desktop/LRS/LRS-FEI/workspace/src/install/template_drone_control/share/template_drone_control/package.dsv
-- Installing: /home/lrs-ubuntu/Desktop/LRS/LRS-FEI/workspace/src/install/template_drone_control/share/ament_index/resource_index/packages/template_drone_control
-- Installing: /home/lrs-ubuntu/Desktop/LRS/LRS-FEI/workspace/src/install/template_drone_control/share/template_drone_control/cmake/template_drone_controlConfig.cmake
-- Installing: /home/lrs-ubuntu/Desktop/LRS/LRS-FEI/workspace/src/install/template_drone_control/share/template_drone_control/cmake/template_drone_controlConfig-version.cmake
-- Installing: /home/lrs-ubuntu/Desktop/LRS/LRS-FEI/workspace/src/install/template_drone_control/share/template_drone_control/package.xml
