[0.014s] Invoking command in '/home/lrs-ubuntu/Desktop/LRS/LRS-FEI/workspace/src/build/template_drone_control': CMAKE_PREFIX_PATH=/opt/ros/foxy /usr/bin/cmake --build /home/lrs-ubuntu/Desktop/LRS/LRS-FEI/workspace/src/build/template_drone_control -- -j12 -l12
[0.050s] [35m[1mScanning dependencies of target template_drone_control_node[0m
[0.083s] [ 50%] [32mBuilding CXX object CMakeFiles/template_drone_control_node.dir/src/template_drone_control_node.cpp.o[0m
[6.529s] [100%] [32m[1mLinking CXX executable template_drone_control_node[0m
[6.916s] [100%] Built target template_drone_control_node
[6.925s] Invoked command in '/home/lrs-ubuntu/Desktop/LRS/LRS-FEI/workspace/src/build/template_drone_control' returned '0': CMAKE_PREFIX_PATH=/opt/ros/foxy /usr/bin/cmake --build /home/lrs-ubuntu/Desktop/LRS/LRS-FEI/workspace/src/build/template_drone_control -- -j12 -l12
[6.955s] Invoking command in '/home/lrs-ubuntu/Desktop/LRS/LRS-FEI/workspace/src/build/template_drone_control': CMAKE_PREFIX_PATH=/opt/ros/foxy /usr/bin/cmake --install /home/lrs-ubuntu/Desktop/LRS/LRS-FEI/workspace/src/build/template_drone_control
[6.962s] -- Install configuration: ""
[6.962s] -- Installing: /home/lrs-ubuntu/Desktop/LRS/LRS-FEI/workspace/src/install/template_drone_control/lib/template_drone_control/template_drone_control_node
[6.965s] -- Set runtime path of "/home/lrs-ubuntu/Desktop/LRS/LRS-FEI/workspace/src/install/template_drone_control/lib/template_drone_control/template_drone_control_node" to ""
[6.965s] -- Installing: /home/lrs-ubuntu/Desktop/LRS/LRS-FEI/workspace/src/install/template_drone_control/share/ament_index/resource_index/package_run_dependencies/template_drone_control
[6.965s] -- Installing: /home/lrs-ubuntu/Desktop/LRS/LRS-FEI/workspace/src/install/template_drone_control/share/ament_index/resource_index/parent_prefix_path/template_drone_control
[6.966s] -- Installing: /home/lrs-ubuntu/Desktop/LRS/LRS-FEI/workspace/src/install/template_drone_control/share/template_drone_control/environment/ament_prefix_path.sh
[6.966s] -- Installing: /home/lrs-ubuntu/Desktop/LRS/LRS-FEI/workspace/src/install/template_drone_control/share/template_drone_control/environment/ament_prefix_path.dsv
[6.966s] -- Installing: /home/lrs-ubuntu/Desktop/LRS/LRS-FEI/workspace/src/install/template_drone_control/share/template_drone_control/environment/path.sh
[6.966s] -- Installing: /home/lrs-ubuntu/Desktop/LRS/LRS-FEI/workspace/src/install/template_drone_control/share/template_drone_control/environment/path.dsv
[6.966s] -- Installing: /home/lrs-ubuntu/Desktop/LRS/LRS-FEI/workspace/src/install/template_drone_control/share/template_drone_control/local_setup.bash
[6.966s] -- Installing: /home/lrs-ubuntu/Desktop/LRS/LRS-FEI/workspace/src/install/template_drone_control/share/template_drone_control/local_setup.sh
[6.966s] -- Installing: /home/lrs-ubuntu/Desktop/LRS/LRS-FEI/workspace/src/install/template_drone_control/share/template_drone_control/local_setup.zsh
[6.966s] -- Installing: /home/lrs-ubuntu/Desktop/LRS/LRS-FEI/workspace/src/install/template_drone_control/share/template_drone_control/local_setup.dsv
[6.966s] -- Installing: /home/lrs-ubuntu/Desktop/LRS/LRS-FEI/workspace/src/install/template_drone_control/share/template_drone_control/package.dsv
[6.967s] -- Installing: /home/lrs-ubuntu/Desktop/LRS/LRS-FEI/workspace/src/install/template_drone_control/share/ament_index/resource_index/packages/template_drone_control
[6.967s] -- Installing: /home/lrs-ubuntu/Desktop/LRS/LRS-FEI/workspace/src/install/template_drone_control/share/template_drone_control/cmake/template_drone_controlConfig.cmake
[6.967s] -- Installing: /home/lrs-ubuntu/Desktop/LRS/LRS-FEI/workspace/src/install/template_drone_control/share/template_drone_control/cmake/template_drone_controlConfig-version.cmake
[6.967s] -- Installing: /home/lrs-ubuntu/Desktop/LRS/LRS-FEI/workspace/src/install/template_drone_control/share/template_drone_control/package.xml
[6.969s] Invoked command in '/home/lrs-ubuntu/Desktop/LRS/LRS-FEI/workspace/src/build/template_drone_control' returned '0': CMAKE_PREFIX_PATH=/opt/ros/foxy /usr/bin/cmake --install /home/lrs-ubuntu/Desktop/LRS/LRS-FEI/workspace/src/build/template_drone_control
