[0.031s] Invoking command in '/home/lrs-ubuntu/Desktop/LRS/LRS-FEI/workspace/build/template_drone_control': CMAKE_PREFIX_PATH=${CMAKE_PREFIX_PATH}:/opt/ros/foxy /usr/bin/cmake --build /home/lrs-ubuntu/Desktop/LRS/LRS-FEI/workspace/build/template_drone_control -- -j12 -l12
[0.175s] [100%] Built target template_drone_control_node
[0.195s] Invoked command in '/home/lrs-ubuntu/Desktop/LRS/LRS-FEI/workspace/build/template_drone_control' returned '0': CMAKE_PREFIX_PATH=${CMAKE_PREFIX_PATH}:/opt/ros/foxy /usr/bin/cmake --build /home/lrs-ubuntu/Desktop/LRS/LRS-FEI/workspace/build/template_drone_control -- -j12 -l12
[0.265s] Invoking command in '/home/lrs-ubuntu/Desktop/LRS/LRS-FEI/workspace/build/template_drone_control': CMAKE_PREFIX_PATH=${CMAKE_PREFIX_PATH}:/opt/ros/foxy /usr/bin/cmake --install /home/lrs-ubuntu/Desktop/LRS/LRS-FEI/workspace/build/template_drone_control
[0.288s] -- Install configuration: ""
[0.289s] -- Up-to-date: /home/lrs-ubuntu/Desktop/LRS/LRS-FEI/workspace/install/template_drone_control/lib/template_drone_control/template_drone_control_node
[0.290s] -- Up-to-date: /home/lrs-ubuntu/Desktop/LRS/LRS-FEI/workspace/install/template_drone_control/share/ament_index/resource_index/package_run_dependencies/template_drone_control
[0.290s] -- Up-to-date: /home/lrs-ubuntu/Desktop/LRS/LRS-FEI/workspace/install/template_drone_control/share/ament_index/resource_index/parent_prefix_path/template_drone_control
[0.290s] -- Up-to-date: /home/lrs-ubuntu/Desktop/LRS/LRS-FEI/workspace/install/template_drone_control/share/template_drone_control/environment/ament_prefix_path.sh
[0.291s] -- Up-to-date: /home/lrs-ubuntu/Desktop/LRS/LRS-FEI/workspace/install/template_drone_control/share/template_drone_control/environment/ament_prefix_path.dsv
[0.291s] -- Up-to-date: /home/lrs-ubuntu/Desktop/LRS/LRS-FEI/workspace/install/template_drone_control/share/template_drone_control/environment/path.sh
[0.291s] -- Up-to-date: /home/lrs-ubuntu/Desktop/LRS/LRS-FEI/workspace/install/template_drone_control/share/template_drone_control/environment/path.dsv
[0.291s] -- Up-to-date: /home/lrs-ubuntu/Desktop/LRS/LRS-FEI/workspace/install/template_drone_control/share/template_drone_control/local_setup.bash
[0.291s] -- Up-to-date: /home/lrs-ubuntu/Desktop/LRS/LRS-FEI/workspace/install/template_drone_control/share/template_drone_control/local_setup.sh
[0.292s] -- Up-to-date: /home/lrs-ubuntu/Desktop/LRS/LRS-FEI/workspace/install/template_drone_control/share/template_drone_control/local_setup.zsh
[0.292s] -- Up-to-date: /home/lrs-ubuntu/Desktop/LRS/LRS-FEI/workspace/install/template_drone_control/share/template_drone_control/local_setup.dsv
[0.292s] -- Installing: /home/lrs-ubuntu/Desktop/LRS/LRS-FEI/workspace/install/template_drone_control/share/template_drone_control/package.dsv
[0.292s] -- Up-to-date: /home/lrs-ubuntu/Desktop/LRS/LRS-FEI/workspace/install/template_drone_control/share/ament_index/resource_index/packages/template_drone_control
[0.292s] -- Up-to-date: /home/lrs-ubuntu/Desktop/LRS/LRS-FEI/workspace/install/template_drone_control/share/template_drone_control/cmake/template_drone_controlConfig.cmake
[0.292s] -- Up-to-date: /home/lrs-ubuntu/Desktop/LRS/LRS-FEI/workspace/install/template_drone_control/share/template_drone_control/cmake/template_drone_controlConfig-version.cmake
[0.292s] -- Up-to-date: /home/lrs-ubuntu/Desktop/LRS/LRS-FEI/workspace/install/template_drone_control/share/template_drone_control/package.xml
[0.296s] Invoked command in '/home/lrs-ubuntu/Desktop/LRS/LRS-FEI/workspace/build/template_drone_control' returned '0': CMAKE_PREFIX_PATH=${CMAKE_PREFIX_PATH}:/opt/ros/foxy /usr/bin/cmake --install /home/lrs-ubuntu/Desktop/LRS/LRS-FEI/workspace/build/template_drone_control
