[35m[1mScanning dependencies of target template_drone_control_node[0m
[ 50%] [32mBuilding CXX object CMakeFiles/template_drone_control_node.dir/src/template_drone_control_node.cpp.o[0m
/home/lrs-ubuntu/Desktop/LRS/LRS-FEI/workspace/src/template_drone_control/src/template_drone_control_node.cpp: In member function ‘void TemplateDroneControl::meine_wait(float)’:
/home/lrs-ubuntu/Desktop/LRS/LRS-FEI/workspace/src/template_drone_control/src/template_drone_control_node.cpp:89:13: warning: unused variable ‘true_wait_time’ [-Wunused-variable]
   89 |         int true_wait_time = int(wait_time/20.0);
      |             ^~~~~~~~~~~~~~
[100%] [32m[1mLinking CXX executable template_drone_control_node[0m
[100%] Built target template_drone_control_node
-- Install configuration: ""
-- Installing: /home/lrs-ubuntu/Desktop/LRS/LRS-FEI/workspace/install/template_drone_control/lib/template_drone_control/template_drone_control_node
-- Set runtime path of "/home/lrs-ubuntu/Desktop/LRS/LRS-FEI/workspace/install/template_drone_control/lib/template_drone_control/template_drone_control_node" to ""
-- Up-to-date: /home/lrs-ubuntu/Desktop/LRS/LRS-FEI/workspace/install/template_drone_control/share/ament_index/resource_index/package_run_dependencies/template_drone_control
-- Up-to-date: /home/lrs-ubuntu/Desktop/LRS/LRS-FEI/workspace/install/template_drone_control/share/ament_index/resource_index/parent_prefix_path/template_drone_control
-- Up-to-date: /home/lrs-ubuntu/Desktop/LRS/LRS-FEI/workspace/install/template_drone_control/share/template_drone_control/environment/ament_prefix_path.sh
-- Up-to-date: /home/lrs-ubuntu/Desktop/LRS/LRS-FEI/workspace/install/template_drone_control/share/template_drone_control/environment/ament_prefix_path.dsv
-- Up-to-date: /home/lrs-ubuntu/Desktop/LRS/LRS-FEI/workspace/install/template_drone_control/share/template_drone_control/environment/path.sh
-- Up-to-date: /home/lrs-ubuntu/Desktop/LRS/LRS-FEI/workspace/install/template_drone_control/share/template_drone_control/environment/path.dsv
-- Up-to-date: /home/lrs-ubuntu/Desktop/LRS/LRS-FEI/workspace/install/template_drone_control/share/template_drone_control/local_setup.bash
-- Up-to-date: /home/lrs-ubuntu/Desktop/LRS/LRS-FEI/workspace/install/template_drone_control/share/template_drone_control/local_setup.sh
-- Up-to-date: /home/lrs-ubuntu/Desktop/LRS/LRS-FEI/workspace/install/template_drone_control/share/template_drone_control/local_setup.zsh
-- Up-to-date: /home/lrs-ubuntu/Desktop/LRS/LRS-FEI/workspace/install/template_drone_control/share/template_drone_control/local_setup.dsv
-- Installing: /home/lrs-ubuntu/Desktop/LRS/LRS-FEI/workspace/install/template_drone_control/share/template_drone_control/package.dsv
-- Up-to-date: /home/lrs-ubuntu/Desktop/LRS/LRS-FEI/workspace/install/template_drone_control/share/ament_index/resource_index/packages/template_drone_control
-- Up-to-date: /home/lrs-ubuntu/Desktop/LRS/LRS-FEI/workspace/install/template_drone_control/share/template_drone_control/cmake/template_drone_controlConfig.cmake
-- Up-to-date: /home/lrs-ubuntu/Desktop/LRS/LRS-FEI/workspace/install/template_drone_control/share/template_drone_control/cmake/template_drone_controlConfig-version.cmake
-- Up-to-date: /home/lrs-ubuntu/Desktop/LRS/LRS-FEI/workspace/install/template_drone_control/share/template_drone_control/package.xml
