[0.031s] Invoking command in '/home/lrs-ubuntu/Desktop/LRS/LRS-FEI/workspace/build/template_drone_control': CMAKE_PREFIX_PATH=${CMAKE_PREFIX_PATH}:/opt/ros/foxy /usr/bin/cmake --build /home/lrs-ubuntu/Desktop/LRS/LRS-FEI/workspace/build/template_drone_control -- -j12 -l12
[0.131s] [35m[1mScanning dependencies of target template_drone_control_node[0m
[0.199s] [ 50%] [32mBuilding CXX object CMakeFiles/template_drone_control_node.dir/src/template_drone_control_node.cpp.o[0m
[35.287s] [100%] [32m[1mLinking CXX executable template_drone_control_node[0m
[37.576s] [100%] Built target template_drone_control_node
[37.606s] Invoked command in '/home/lrs-ubuntu/Desktop/LRS/LRS-FEI/workspace/build/template_drone_control' returned '0': CMAKE_PREFIX_PATH=${CMAKE_PREFIX_PATH}:/opt/ros/foxy /usr/bin/cmake --build /home/lrs-ubuntu/Desktop/LRS/LRS-FEI/workspace/build/template_drone_control -- -j12 -l12
[37.694s] Invoking command in '/home/lrs-ubuntu/Desktop/LRS/LRS-FEI/workspace/build/template_drone_control': CMAKE_PREFIX_PATH=${CMAKE_PREFIX_PATH}:/opt/ros/foxy /usr/bin/cmake --install /home/lrs-ubuntu/Desktop/LRS/LRS-FEI/workspace/build/template_drone_control
[37.719s] -- Install configuration: ""
[37.720s] -- Installing: /home/lrs-ubuntu/Desktop/LRS/LRS-FEI/workspace/install/template_drone_control/lib/template_drone_control/template_drone_control_node
[37.741s] -- Set runtime path of "/home/lrs-ubuntu/Desktop/LRS/LRS-FEI/workspace/install/template_drone_control/lib/template_drone_control/template_drone_control_node" to ""
[37.742s] -- Up-to-date: /home/lrs-ubuntu/Desktop/LRS/LRS-FEI/workspace/install/template_drone_control/share/ament_index/resource_index/package_run_dependencies/template_drone_control
[37.742s] -- Up-to-date: /home/lrs-ubuntu/Desktop/LRS/LRS-FEI/workspace/install/template_drone_control/share/ament_index/resource_index/parent_prefix_path/template_drone_control
[37.742s] -- Up-to-date: /home/lrs-ubuntu/Desktop/LRS/LRS-FEI/workspace/install/template_drone_control/share/template_drone_control/environment/ament_prefix_path.sh
[37.742s] -- Up-to-date: /home/lrs-ubuntu/Desktop/LRS/LRS-FEI/workspace/install/template_drone_control/share/template_drone_control/environment/ament_prefix_path.dsv
[37.743s] -- Up-to-date: /home/lrs-ubuntu/Desktop/LRS/LRS-FEI/workspace/install/template_drone_control/share/template_drone_control/environment/path.sh
[37.743s] -- Up-to-date: /home/lrs-ubuntu/Desktop/LRS/LRS-FEI/workspace/install/template_drone_control/share/template_drone_control/environment/path.dsv
[37.743s] -- Up-to-date: /home/lrs-ubuntu/Desktop/LRS/LRS-FEI/workspace/install/template_drone_control/share/template_drone_control/local_setup.bash
[37.743s] -- Up-to-date: /home/lrs-ubuntu/Desktop/LRS/LRS-FEI/workspace/install/template_drone_control/share/template_drone_control/local_setup.sh
[37.743s] -- Up-to-date: /home/lrs-ubuntu/Desktop/LRS/LRS-FEI/workspace/install/template_drone_control/share/template_drone_control/local_setup.zsh
[37.744s] -- Up-to-date: /home/lrs-ubuntu/Desktop/LRS/LRS-FEI/workspace/install/template_drone_control/share/template_drone_control/local_setup.dsv
[37.744s] -- Installing: /home/lrs-ubuntu/Desktop/LRS/LRS-FEI/workspace/install/template_drone_control/share/template_drone_control/package.dsv
[37.744s] -- Up-to-date: /home/lrs-ubuntu/Desktop/LRS/LRS-FEI/workspace/install/template_drone_control/share/ament_index/resource_index/packages/template_drone_control
[37.744s] -- Up-to-date: /home/lrs-ubuntu/Desktop/LRS/LRS-FEI/workspace/install/template_drone_control/share/template_drone_control/cmake/template_drone_controlConfig.cmake
[37.744s] -- Up-to-date: /home/lrs-ubuntu/Desktop/LRS/LRS-FEI/workspace/install/template_drone_control/share/template_drone_control/cmake/template_drone_controlConfig-version.cmake
[37.744s] -- Up-to-date: /home/lrs-ubuntu/Desktop/LRS/LRS-FEI/workspace/install/template_drone_control/share/template_drone_control/package.xml
[37.750s] Invoked command in '/home/lrs-ubuntu/Desktop/LRS/LRS-FEI/workspace/build/template_drone_control' returned '0': CMAKE_PREFIX_PATH=${CMAKE_PREFIX_PATH}:/opt/ros/foxy /usr/bin/cmake --install /home/lrs-ubuntu/Desktop/LRS/LRS-FEI/workspace/build/template_drone_control
